JUnit version 4.12
byteman jar is /home/sebastiaoamaro/phd/Anduril-test/Anduril/ground_truth/zookeeper-4203/../../systems/zookeeper-4203/zookeeper-server/target/lib/byteman-4.0.14.jar
Setting org.jboss.byteman.allow.config.update=true
.2025-05-14 13:15:41,890 - INFO  [main:QuorumPeerConfig@460] - clientPortAddress is 0.0.0.0:2183
2025-05-14 13:15:41,892 - INFO  [main:QuorumPeerConfig@464] - secureClientPort is not set
2025-05-14 13:15:41,892 - INFO  [main:QuorumPeerConfig@480] - observerMasterPort is not set
2025-05-14 13:15:41,892 - INFO  [main:QuorumPeerConfig@497] - metricsProvider.className is org.apache.zookeeper.metrics.impl.DefaultMetricsProvider
2025-05-14 13:15:41,895 - INFO  [main:LeaderLeadingStateTest$MockQuorumPeerMain@136] - Starting quorum peer, myid=3
2025-05-14 13:15:41,923 - INFO  [main:ServerMetrics@62] - ServerMetrics initialized with provider org.apache.zookeeper.metrics.impl.DefaultMetricsProvider@366e2eef
2025-05-14 13:15:41,928 - INFO  [main:ServerCnxnFactory@169] - Using org.apache.zookeeper.server.NIOServerCnxnFactory as server connection factory
2025-05-14 13:15:41,928 - WARN  [main:ServerCnxnFactory@309] - maxCnxns is not configured, using default value 0.
2025-05-14 13:15:41,929 - INFO  [main:NIOServerCnxnFactory@666] - Configuring NIO connection handler with 10s sessionless connection timeout, 2 selector thread(s), 24 worker threads, and 64 kB direct buffers.
2025-05-14 13:15:41,931 - INFO  [main:NIOServerCnxnFactory@674] - binding to port 0.0.0.0/0.0.0.0:2183
2025-05-14 13:15:41,934 - INFO  [main:QuorumPeer@752] - zookeeper.quorumCnxnTimeoutMs=-1
2025-05-14 13:15:41,936 - INFO  [main:X509Util@77] - Setting -D jdk.tls.rejectClientInitiatedRenegotiation=true to disable client-initiated TLS renegotiation
2025-05-14 13:15:41,944 - INFO  [main:FileTxnSnapLog@124] - zookeeper.snapshot.trust.empty : false
2025-05-14 13:15:41,946 - INFO  [main:QuorumPeer@1683] - Local sessions disabled
2025-05-14 13:15:41,946 - INFO  [main:QuorumPeer@1694] - Local session upgrading disabled
2025-05-14 13:15:41,946 - INFO  [main:QuorumPeer@1661] - tickTime set to 2000
2025-05-14 13:15:41,947 - INFO  [main:QuorumPeer@1705] - minSessionTimeout set to 4000
2025-05-14 13:15:41,947 - INFO  [main:QuorumPeer@1716] - maxSessionTimeout set to 40000
2025-05-14 13:15:41,947 - INFO  [main:QuorumPeer@1741] - initLimit set to 10
2025-05-14 13:15:41,947 - INFO  [main:QuorumPeer@1928] - syncLimit set to 2000
2025-05-14 13:15:41,947 - INFO  [main:QuorumPeer@1943] - connectToLearnerMasterLimit set to 0
2025-05-14 13:15:41,952 - INFO  [main:ZookeeperBanner@42] - 
2025-05-14 13:15:41,952 - INFO  [main:ZookeeperBanner@42] -   ______                  _                                          
2025-05-14 13:15:41,952 - INFO  [main:ZookeeperBanner@42] -  |___  /                 | |                                         
2025-05-14 13:15:41,952 - INFO  [main:ZookeeperBanner@42] -     / /    ___     ___   | | __   ___    ___   _ __     ___   _ __   
2025-05-14 13:15:41,952 - INFO  [main:ZookeeperBanner@42] -    / /    / _ \   / _ \  | |/ /  / _ \  / _ \ | '_ \   / _ \ | '__|
2025-05-14 13:15:41,952 - INFO  [main:ZookeeperBanner@42] -   / /__  | (_) | | (_) | |   <  |  __/ |  __/ | |_) | |  __/ | |    
2025-05-14 13:15:41,952 - INFO  [main:ZookeeperBanner@42] -  /_____|  \___/   \___/  |_|\_\  \___|  \___| | .__/   \___| |_|
2025-05-14 13:15:41,952 - INFO  [main:ZookeeperBanner@42] -                                               | |                     
2025-05-14 13:15:41,953 - INFO  [main:ZookeeperBanner@42] -                                               |_|                     
2025-05-14 13:15:41,953 - INFO  [main:ZookeeperBanner@42] - 
2025-05-14 13:15:41,959 - INFO  [main:Environment@98] - Server environment:zookeeper.version=3.6.2--5133b17c2f3be7caa5818ae06218eb5624af41de, built on 05/13/2025 20:25 GMT
2025-05-14 13:15:41,959 - INFO  [main:Environment@98] - Server environment:host.name=146-193-180-227.edr.inesc.pt
2025-05-14 13:15:41,959 - INFO  [main:Environment@98] - Server environment:java.version=1.8.0_452
2025-05-14 13:15:41,959 - INFO  [main:Environment@98] - Server environment:java.vendor=Private Build
2025-05-14 13:15:41,959 - INFO  [main:Environment@98] - Server environment:java.home=/usr/lib/jvm/java-8-openjdk-amd64/jre
2025-05-14 13:15:41,959 - INFO  [main:Environment@98] - Server environment:java.class.path=/home/sebastiaoamaro/phd/Anduril-test/Anduril/ground_truth/zookeeper-4203/none:/home/sebastiaoamaro/phd/Anduril-test/Anduril/ground_truth/zookeeper-4203/../../systems/zookeeper-4203/zookeeper-server/target/classes:/home/sebastiaoamaro/phd/Anduril-test/Anduril/ground_truth/zookeeper-4203/../../systems/zookeeper-4203/zookeeper-server/target/test-classes:/home/sebastiaoamaro/phd/Anduril-test/Anduril/ground_truth/zookeeper-4203/../../systems/zookeeper-4203/zookeeper-server/target/lib/zookeeper-jute-3.6.2.jar:/home/sebastiaoamaro/phd/Anduril-test/Anduril/ground_truth/zookeeper-4203/../../systems/zookeeper-4203/zookeeper-server/target/lib/tools-1.6.jar:/home/sebastiaoamaro/phd/Anduril-test/Anduril/ground_truth/zookeeper-4203/../../systems/zookeeper-4203/zookeeper-server/target/lib/token-provider-2.0.0.jar:/home/sebastiaoamaro/phd/Anduril-test/Anduril/ground_truth/zookeeper-4203/../../systems/zookeeper-4203/zookeeper-server/target/lib/spotbugs-annotations-4.0.2.jar:/home/sebastiaoamaro/phd/Anduril-test/Anduril/ground_truth/zookeeper-4203/../../systems/zookeeper-4203/zookeeper-server/target/lib/snappy-java-1.1.7.jar:/home/sebastiaoamaro/phd/Anduril-test/Anduril/ground_truth/zookeeper-4203/../../systems/zookeeper-4203/zookeeper-server/target/lib/slf4j-log4j12-1.7.25.jar:/home/sebastiaoamaro/phd/Anduril-test/Anduril/ground_truth/zookeeper-4203/../../systems/zookeeper-4203/zookeeper-server/target/lib/slf4j-api-1.7.25.jar:/home/sebastiaoamaro/phd/Anduril-test/Anduril/ground_truth/zookeeper-4203/../../systems/zookeeper-4203/zookeeper-server/target/lib/objenesis-2.6.jar:/home/sebastiaoamaro/phd/Anduril-test/Anduril/ground_truth/zookeeper-4203/../../systems/zookeeper-4203/zookeeper-server/target/lib/nimbus-jose-jwt-4.41.2.jar:/home/sebastiaoamaro/phd/Anduril-test/Anduril/ground_truth/zookeeper-4203/../../systems/zookeeper-4203/zookeeper-server/target/lib/netty-transport-native-unix-common-4.1.50.Final.jar:/home/sebastiaoamaro/phd/Anduril-test/Anduril/ground_truth/zookeeper-4203/../../systems/zookeeper-4203/zookeeper-server/target/lib/netty-transport-native-epoll-4.1.50.Final.jar:/home/sebastiaoamaro/phd/Anduril-test/Anduril/ground_truth/zookeeper-4203/../../systems/zookeeper-4203/zookeeper-server/target/lib/netty-transport-4.1.50.Final.jar:/home/sebastiaoamaro/phd/Anduril-test/Anduril/ground_truth/zookeeper-4203/../../systems/zookeeper-4203/zookeeper-server/target/lib/netty-resolver-4.1.50.Final.jar:/home/sebastiaoamaro/phd/Anduril-test/Anduril/ground_truth/zookeeper-4203/../../systems/zookeeper-4203/zookeeper-server/target/lib/netty-handler-4.1.50.Final.jar:/home/sebastiaoamaro/phd/Anduril-test/Anduril/ground_truth/zookeeper-4203/../../systems/zookeeper-4203/zookeeper-server/target/lib/netty-common-4.1.50.Final.jar:/home/sebastiaoamaro/phd/Anduril-test/Anduril/ground_truth/zookeeper-4203/../../systems/zookeeper-4203/zookeeper-server/target/lib/netty-codec-4.1.50.Final.jar:/home/sebastiaoamaro/phd/Anduril-test/Anduril/ground_truth/zookeeper-4203/../../systems/zookeeper-4203/zookeeper-server/target/lib/netty-buffer-4.1.50.Final.jar:/home/sebastiaoamaro/phd/Anduril-test/Anduril/ground_truth/zookeeper-4203/../../systems/zookeeper-4203/zookeeper-server/target/lib/mockito-core-2.27.0.jar:/home/sebastiaoamaro/phd/Anduril-test/Anduril/ground_truth/zookeeper-4203/../../systems/zookeeper-4203/zookeeper-server/target/lib/metrics-core-3.2.5.jar:/home/sebastiaoamaro/phd/Anduril-test/Anduril/ground_truth/zookeeper-4203/../../systems/zookeeper-4203/zookeeper-server/target/lib/log4j-1.2.17.jar:/home/sebastiaoamaro/phd/Anduril-test/Anduril/ground_truth/zookeeper-4203/../../systems/zookeeper-4203/zookeeper-server/target/lib/kerby-xdr-2.0.0.jar:/home/sebastiaoamaro/phd/Anduril-test/Anduril/ground_truth/zookeeper-4203/../../systems/zookeeper-4203/zookeeper-server/target/lib/kerby-util-2.0.0.jar:/home/sebastiaoamaro/phd/Anduril-test/Anduril/ground_truth/zookeeper-4203/../../systems/zookeeper-4203/zookeeper-server/target/lib/kerby-pkix-2.0.0.jar:/home/sebastiaoamaro/phd/Anduril-test/Anduril/ground_truth/zookeeper-4203/../../systems/zookeeper-4203/zookeeper-server/target/lib/kerby-config-2.0.0.jar:/home/sebastiaoamaro/phd/Anduril-test/Anduril/ground_truth/zookeeper-4203/../../systems/zookeeper-4203/zookeeper-server/target/lib/kerby-asn1-2.0.0.jar:/home/sebastiaoamaro/phd/Anduril-test/Anduril/ground_truth/zookeeper-4203/../../systems/zookeeper-4203/zookeeper-server/target/lib/kerb-util-2.0.0.jar:/home/sebastiaoamaro/phd/Anduril-test/Anduril/ground_truth/zookeeper-4203/../../systems/zookeeper-4203/zookeeper-server/target/lib/kerb-simplekdc-2.0.0.jar:/home/sebastiaoamaro/phd/Anduril-test/Anduril/ground_truth/zookeeper-4203/../../systems/zookeeper-4203/zookeeper-server/target/lib/kerb-server-2.0.0.jar:/home/sebastiaoamaro/phd/Anduril-test/Anduril/ground_truth/zookeeper-4203/../../systems/zookeeper-4203/zookeeper-server/target/lib/kerb-identity-2.0.0.jar:/home/sebastiaoamaro/phd/Anduril-test/Anduril/ground_truth/zookeeper-4203/../../systems/zookeeper-4203/zookeeper-server/target/lib/kerb-crypto-2.0.0.jar:/home/sebastiaoamaro/phd/Anduril-test/Anduril/ground_truth/zookeeper-4203/../../systems/zookeeper-4203/zookeeper-server/target/lib/kerb-core-2.0.0.jar:/home/sebastiaoamaro/phd/Anduril-test/Anduril/ground_truth/zookeeper-4203/../../systems/zookeeper-4203/zookeeper-server/target/lib/kerb-common-2.0.0.jar:/home/sebastiaoamaro/phd/Anduril-test/Anduril/ground_truth/zookeeper-4203/../../systems/zookeeper-4203/zookeeper-server/target/lib/kerb-client-2.0.0.jar:/home/sebastiaoamaro/phd/Anduril-test/Anduril/ground_truth/zookeeper-4203/../../systems/zookeeper-4203/zookeeper-server/target/lib/kerb-admin-2.0.0.jar:/home/sebastiaoamaro/phd/Anduril-test/Anduril/ground_truth/zookeeper-4203/../../systems/zookeeper-4203/zookeeper-server/target/lib/junit-4.12.jar:/home/sebastiaoamaro/phd/Anduril-test/Anduril/ground_truth/zookeeper-4203/../../systems/zookeeper-4203/zookeeper-server/target/lib/jsr305-3.0.2.jar:/home/sebastiaoamaro/phd/Anduril-test/Anduril/ground_truth/zookeeper-4203/../../systems/zookeeper-4203/zookeeper-server/target/lib/json-smart-2.3.jar:/home/sebastiaoamaro/phd/Anduril-test/Anduril/ground_truth/zookeeper-4203/../../systems/zookeeper-4203/zookeeper-server/target/lib/json-simple-1.1.1.jar:/home/sebastiaoamaro/phd/Anduril-test/Anduril/ground_truth/zookeeper-4203/../../systems/zookeeper-4203/zookeeper-server/target/lib/jmockit-1.48.jar:/home/sebastiaoamaro/phd/Anduril-test/Anduril/ground_truth/zookeeper-4203/../../systems/zookeeper-4203/zookeeper-server/target/lib/jline-2.14.6.jar:/home/sebastiaoamaro/phd/Anduril-test/Anduril/ground_truth/zookeeper-4203/../../systems/zookeeper-4203/zookeeper-server/target/lib/jetty-util-9.4.24.v20191120.jar:/home/sebastiaoamaro/phd/Anduril-test/Anduril/ground_truth/zookeeper-4203/../../systems/zookeeper-4203/zookeeper-server/target/lib/jetty-servlet-9.4.24.v20191120.jar:/home/sebastiaoamaro/phd/Anduril-test/Anduril/ground_truth/zookeeper-4203/../../systems/zookeeper-4203/zookeeper-server/target/lib/jetty-server-9.4.24.v20191120.jar:/home/sebastiaoamaro/phd/Anduril-test/Anduril/ground_truth/zookeeper-4203/../../systems/zookeeper-4203/zookeeper-server/target/lib/jetty-security-9.4.24.v20191120.jar:/home/sebastiaoamaro/phd/Anduril-test/Anduril/ground_truth/zookeeper-4203/../../systems/zookeeper-4203/zookeeper-server/target/lib/jetty-io-9.4.24.v20191120.jar:/home/sebastiaoamaro/phd/Anduril-test/Anduril/ground_truth/zookeeper-4203/../../systems/zookeeper-4203/zookeeper-server/target/lib/jetty-http-9.4.24.v20191120.jar:/home/sebastiaoamaro/phd/Anduril-test/Anduril/ground_truth/zookeeper-4203/../../systems/zookeeper-4203/zookeeper-server/target/lib/jcip-annotations-1.0-1.jar:/home/sebastiaoamaro/phd/Anduril-test/Anduril/ground_truth/zookeeper-4203/../../systems/zookeeper-4203/zookeeper-server/target/lib/javax.servlet-api-3.1.0.jar:/home/sebastiaoamaro/phd/Anduril-test/Anduril/ground_truth/zookeeper-4203/../../systems/zookeeper-4203/zookeeper-server/target/lib/jackson-databind-2.10.3.jar:/home/sebastiaoamaro/phd/Anduril-test/Anduril/ground_truth/zookeeper-4203/../../systems/zookeeper-4203/zookeeper-server/target/lib/jackson-core-2.10.3.jar:/home/sebastiaoamaro/phd/Anduril-test/Anduril/ground_truth/zookeeper-4203/../../systems/zookeeper-4203/zookeeper-server/target/lib/jackson-annotations-2.10.3.jar:/home/sebastiaoamaro/phd/Anduril-test/Anduril/ground_truth/zookeeper-4203/../../systems/zookeeper-4203/zookeeper-server/target/lib/hamcrest-core-1.3.jar:/home/sebastiaoamaro/phd/Anduril-test/Anduril/ground_truth/zookeeper-4203/../../systems/zookeeper-4203/zookeeper-server/target/lib/hamcrest-all-1.3.jar:/home/sebastiaoamaro/phd/Anduril-test/Anduril/ground_truth/zookeeper-4203/../../systems/zookeeper-4203/zookeeper-server/target/lib/commons-lang-2.6.jar:/home/sebastiaoamaro/phd/Anduril-test/Anduril/ground_truth/zookeeper-4203/../../systems/zookeeper-4203/zookeeper-server/target/lib/commons-io-2.6.jar:/home/sebastiaoamaro/phd/Anduril-test/Anduril/ground_truth/zookeeper-4203/../../systems/zookeeper-4203/zookeeper-server/target/lib/commons-collections-3.2.2.jar:/home/sebastiaoamaro/phd/Anduril-test/Anduril/ground_truth/zookeeper-4203/../../systems/zookeeper-4203/zookeeper-server/target/lib/commons-cli-1.2.jar:/home/sebastiaoamaro/phd/Anduril-test/Anduril/ground_truth/zookeeper-4203/../../systems/zookeeper-4203/zookeeper-server/target/lib/byteman-submit-4.0.14.jar:/home/sebastiaoamaro/phd/Anduril-test/Anduril/ground_truth/zookeeper-4203/../../systems/zookeeper-4203/zookeeper-server/target/lib/byteman-install-4.0.14.jar:/home/sebastiaoamaro/phd/Anduril-test/Anduril/ground_truth/zookeeper-4203/../../systems/zookeeper-4203/zookeeper-server/target/lib/byteman-bmunit-4.0.14.jar:/home/sebastiaoamaro/phd/Anduril-test/Anduril/ground_truth/zookeeper-4203/../../systems/zookeeper-4203/zookeeper-server/target/lib/byteman-4.0.14.jar:/home/sebastiaoamaro/phd/Anduril-test/Anduril/ground_truth/zookeeper-4203/../../systems/zookeeper-4203/zookeeper-server/target/lib/byte-buddy-agent-1.9.10.jar:/home/sebastiaoamaro/phd/Anduril-test/Anduril/ground_truth/zookeeper-4203/../../systems/zookeeper-4203/zookeeper-server/target/lib/byte-buddy-1.9.10.jar:/home/sebastiaoamaro/phd/Anduril-test/Anduril/ground_truth/zookeeper-4203/../../systems/zookeeper-4203/zookeeper-server/target/lib/bcprov-jdk15on-1.60.jar:/home/sebastiaoamaro/phd/Anduril-test/Anduril/ground_truth/zookeeper-4203/../../systems/zookeeper-4203/zookeeper-server/target/lib/bcpkix-jdk15on-1.60.jar:/home/sebastiaoamaro/phd/Anduril-test/Anduril/ground_truth/zookeeper-4203/../../systems/zookeeper-4203/zookeeper-server/target/lib/audience-annotations-0.5.0.jar:/home/sebastiaoamaro/phd/Anduril-test/Anduril/ground_truth/zookeeper-4203/../../systems/zookeeper-4203/zookeeper-server/target/lib/asm-5.0.4.jar:/home/sebastiaoamaro/phd/Anduril-test/Anduril/ground_truth/zookeeper-4203/../../systems/zookeeper-4203/zookeeper-server/target/lib/accessors-smart-1.2.jar:.
2025-05-14 13:15:41,960 - INFO  [main:Environment@98] - Server environment:java.library.path=/usr/java/packages/lib/amd64:/usr/lib/x86_64-linux-gnu/jni:/lib/x86_64-linux-gnu:/usr/lib/x86_64-linux-gnu:/usr/lib/jni:/lib:/usr/lib
2025-05-14 13:15:41,960 - INFO  [main:Environment@98] - Server environment:java.io.tmpdir=/tmp
2025-05-14 13:15:41,960 - INFO  [main:Environment@98] - Server environment:java.compiler=<NA>
2025-05-14 13:15:41,960 - INFO  [main:Environment@98] - Server environment:os.name=Linux
2025-05-14 13:15:41,960 - INFO  [main:Environment@98] - Server environment:os.arch=amd64
2025-05-14 13:15:41,960 - INFO  [main:Environment@98] - Server environment:os.version=6.11.0-061100-generic
2025-05-14 13:15:41,960 - INFO  [main:Environment@98] - Server environment:user.name=root
2025-05-14 13:15:41,960 - INFO  [main:Environment@98] - Server environment:user.home=/root
2025-05-14 13:15:41,960 - INFO  [main:Environment@98] - Server environment:user.dir=/home/sebastiaoamaro/phd/Anduril-test/Anduril/ground_truth/zookeeper-4203
2025-05-14 13:15:41,960 - INFO  [main:Environment@98] - Server environment:os.memory.free=434MB
2025-05-14 13:15:41,960 - INFO  [main:Environment@98] - Server environment:os.memory.max=7060MB
2025-05-14 13:15:41,960 - INFO  [main:Environment@98] - Server environment:os.memory.total=477MB
2025-05-14 13:15:41,960 - INFO  [main:ZooKeeperServer@129] - zookeeper.enableEagerACLCheck = false
2025-05-14 13:15:41,961 - INFO  [main:ZooKeeperServer@137] - zookeeper.digest.enabled = true
2025-05-14 13:15:41,961 - INFO  [main:ZooKeeperServer@141] - zookeeper.closeSessionTxn.enabled = true
2025-05-14 13:15:41,961 - INFO  [main:ZooKeeperServer@1444] - zookeeper.flushDelay=0
2025-05-14 13:15:41,961 - INFO  [main:ZooKeeperServer@1453] - zookeeper.maxWriteQueuePollTime=0
2025-05-14 13:15:41,961 - INFO  [main:ZooKeeperServer@1462] - zookeeper.maxBatchSize=1000
2025-05-14 13:15:41,961 - INFO  [main:ZooKeeperServer@243] - zookeeper.intBufferStartingSizeBytes = 1024
2025-05-14 13:15:41,965 - INFO  [main:WatchManagerFactory@42] - Using org.apache.zookeeper.server.watch.WatchManager as watch manager
2025-05-14 13:15:41,966 - INFO  [main:WatchManagerFactory@42] - Using org.apache.zookeeper.server.watch.WatchManager as watch manager
2025-05-14 13:15:41,967 - INFO  [main:ZKDatabase@132] - zookeeper.snapshotSizeFactor = 0.33
2025-05-14 13:15:41,967 - INFO  [main:ZKDatabase@152] - zookeeper.commitLogCount=500
2025-05-14 13:15:41,968 - WARN  [main:QuorumPeer@1787] - configFilename is null! This should only happen in tests.
2025-05-14 13:15:41,979 - INFO  [main:QuorumPeer@2009] - Using insecure (non-TLS) quorum communication
2025-05-14 13:15:41,979 - INFO  [main:QuorumPeer@2015] - Port unification disabled
2025-05-14 13:15:41,979 - INFO  [main:QuorumPeer@174] - multiAddress.enabled set to false
2025-05-14 13:15:41,979 - INFO  [main:QuorumPeer@199] - multiAddress.reachabilityCheckEnabled set to true
2025-05-14 13:15:41,979 - INFO  [main:QuorumPeer@186] - multiAddress.reachabilityCheckTimeoutMs set to 1000
2025-05-14 13:15:41,980 - INFO  [main:QuorumPeer@2469] - QuorumPeer communication is not secured! (SASL auth disabled)
2025-05-14 13:15:41,980 - INFO  [main:QuorumPeer@2494] - quorum.cnxn.threads.size set to 20
2025-05-14 13:15:41,983 - INFO  [main:SnapStream@61] - zookeeper.snapshot.compression.method = CHECKED
2025-05-14 13:15:41,983 - INFO  [main:FileTxnSnapLog@470] - Snapshotting: 0x0 to /tmp/zookeeper3/version-2/snapshot.0
2025-05-14 13:15:41,984 - INFO  [main:ZKDatabase@289] - Snapshot loaded in 5 ms, highest zxid is 0x0, digest is 1371985504
2025-05-14 13:15:41,985 - INFO  [main:QuorumPeer@1105] - currentEpoch not found! Creating with a reasonable default of 0. This should only happen when you are upgrading your installation
2025-05-14 13:15:41,986 - INFO  [main:QuorumPeer@1125] - acceptedEpoch not found! Creating with a reasonable default of 0. This should only happen when you are upgrading your installation
2025-05-14 13:15:41,989 - INFO  [main:QuorumPeer@2511] - Using 4000000ms as the quorum cnxn socket timeout
2025-05-14 13:15:41,992 - INFO  [main:QuorumCnxManager$Listener@923] - Election port bind maximum retries is 3
2025-05-14 13:15:41,993 - INFO  [main:FastLeaderElection@88] - zookeeper.fastleader.minNotificationInterval=200
2025-05-14 13:15:41,993 - INFO  [main:FastLeaderElection@90] - zookeeper.fastleader.maxNotificationInterval=60000
2025-05-14 13:15:41,994 - INFO  [main:ZKAuditProvider@42] - ZooKeeper audit is disabled.
2025-05-14 13:15:41,994 - INFO  [main:QuorumPeerConfig@460] - clientPortAddress is 0.0.0.0:2181
2025-05-14 13:15:41,994 - INFO  [main:QuorumPeerConfig@464] - secureClientPort is not set
2025-05-14 13:15:41,994 - INFO  [main:QuorumPeerConfig@480] - observerMasterPort is not set
2025-05-14 13:15:41,994 - INFO  [main:QuorumPeerConfig@497] - metricsProvider.className is org.apache.zookeeper.metrics.impl.DefaultMetricsProvider
2025-05-14 13:15:41,995 - INFO  [main:LeaderLeadingStateTest$MockQuorumPeerMain@136] - Starting quorum peer, myid=1
2025-05-14 13:15:41,995 - INFO  [main:ServerMetrics@62] - ServerMetrics initialized with provider org.apache.zookeeper.metrics.impl.DefaultMetricsProvider@18be83e4
2025-05-14 13:15:41,995 - INFO  [main:ServerCnxnFactory@169] - Using org.apache.zookeeper.server.NIOServerCnxnFactory as server connection factory
2025-05-14 13:15:41,995 - WARN  [main:ServerCnxnFactory@309] - maxCnxns is not configured, using default value 0.
2025-05-14 13:15:41,995 - INFO  [main:NIOServerCnxnFactory@666] - Configuring NIO connection handler with 10s sessionless connection timeout, 2 selector thread(s), 24 worker threads, and 64 kB direct buffers.
2025-05-14 13:15:41,995 - INFO  [main:NIOServerCnxnFactory@674] - binding to port 0.0.0.0/0.0.0.0:2181
2025-05-14 13:15:41,995 - INFO  [main:FileTxnSnapLog@124] - zookeeper.snapshot.trust.empty : false
2025-05-14 13:15:41,996 - INFO  [main:QuorumPeer@1683] - Local sessions disabled
2025-05-14 13:15:41,996 - INFO  [main:QuorumPeer@1694] - Local session upgrading disabled
2025-05-14 13:15:41,996 - INFO  [main:QuorumPeer@1661] - tickTime set to 2000
2025-05-14 13:15:41,996 - INFO  [main:QuorumPeer@1705] - minSessionTimeout set to 4000
2025-05-14 13:15:41,996 - INFO  [main:QuorumPeer@1716] - maxSessionTimeout set to 40000
2025-05-14 13:15:41,996 - INFO  [main:QuorumPeer@1741] - initLimit set to 10
2025-05-14 13:15:41,996 - INFO  [main:QuorumPeer@1928] - syncLimit set to 2000
2025-05-14 13:15:41,996 - INFO  [main:QuorumPeer@1943] - connectToLearnerMasterLimit set to 0
2025-05-14 13:15:41,996 - INFO  [main:WatchManagerFactory@42] - Using org.apache.zookeeper.server.watch.WatchManager as watch manager
2025-05-14 13:15:41,996 - INFO  [main:WatchManagerFactory@42] - Using org.apache.zookeeper.server.watch.WatchManager as watch manager
2025-05-14 13:15:41,996 - INFO  [main:ZKDatabase@132] - zookeeper.snapshotSizeFactor = 0.33
2025-05-14 13:15:41,996 - INFO  [main:ZKDatabase@152] - zookeeper.commitLogCount=500
2025-05-14 13:15:41,996 - WARN  [main:QuorumPeer@1787] - configFilename is null! This should only happen in tests.
2025-05-14 13:15:41,997 - INFO  [main:QuorumPeer@2009] - Using insecure (non-TLS) quorum communication
2025-05-14 13:15:41,997 - INFO  [main:QuorumPeer@2015] - Port unification disabled
2025-05-14 13:15:41,997 - INFO  [main:QuorumPeer@174] - multiAddress.enabled set to false
2025-05-14 13:15:41,997 - INFO  [main:QuorumPeer@199] - multiAddress.reachabilityCheckEnabled set to true
2025-05-14 13:15:41,997 - INFO  [main:QuorumPeer@186] - multiAddress.reachabilityCheckTimeoutMs set to 1000
2025-05-14 13:15:41,997 - INFO  [main:QuorumPeer@2469] - QuorumPeer communication is not secured! (SASL auth disabled)
2025-05-14 13:15:41,997 - INFO  [main:QuorumPeer@2494] - quorum.cnxn.threads.size set to 20
2025-05-14 13:15:41,997 - INFO  [main:FileTxnSnapLog@470] - Snapshotting: 0x0 to /tmp/zookeeper1/version-2/snapshot.0
2025-05-14 13:15:41,997 - INFO  [main:ZKDatabase@289] - Snapshot loaded in 1 ms, highest zxid is 0x0, digest is 1371985504
2025-05-14 13:15:41,997 - INFO  [ListenerHandler-/127.0.0.1:3889:QuorumCnxManager$Listener$ListenerHandler@1065] - 3 is accepting connections now, my election bind port: /127.0.0.1:3889
2025-05-14 13:15:41,997 - INFO  [main:QuorumPeer@1105] - currentEpoch not found! Creating with a reasonable default of 0. This should only happen when you are upgrading your installation
2025-05-14 13:15:41,998 - INFO  [main:QuorumPeer@1125] - acceptedEpoch not found! Creating with a reasonable default of 0. This should only happen when you are upgrading your installation
2025-05-14 13:15:41,999 - INFO  [main:QuorumPeer@2511] - Using 4000000ms as the quorum cnxn socket timeout
2025-05-14 13:15:41,999 - INFO  [main:QuorumCnxManager$Listener@923] - Election port bind maximum retries is 3
2025-05-14 13:15:42,000 - INFO  [main:QuorumPeerConfig@460] - clientPortAddress is 0.0.0.0:2182
2025-05-14 13:15:42,000 - INFO  [main:QuorumPeerConfig@464] - secureClientPort is not set
2025-05-14 13:15:42,000 - INFO  [main:QuorumPeerConfig@480] - observerMasterPort is not set
2025-05-14 13:15:42,000 - INFO  [ListenerHandler-/127.0.0.1:3887:QuorumCnxManager$Listener$ListenerHandler@1065] - 1 is accepting connections now, my election bind port: /127.0.0.1:3887
2025-05-14 13:15:42,000 - INFO  [main:QuorumPeerConfig@497] - metricsProvider.className is org.apache.zookeeper.metrics.impl.DefaultMetricsProvider
2025-05-14 13:15:42,000 - INFO  [main:LeaderLeadingStateTest$MockQuorumPeerMain@136] - Starting quorum peer, myid=2
2025-05-14 13:15:42,000 - INFO  [main:ServerMetrics@62] - ServerMetrics initialized with provider org.apache.zookeeper.metrics.impl.DefaultMetricsProvider@475530b9
2025-05-14 13:15:42,000 - INFO  [main:ServerCnxnFactory@169] - Using org.apache.zookeeper.server.NIOServerCnxnFactory as server connection factory
2025-05-14 13:15:42,000 - WARN  [main:ServerCnxnFactory@309] - maxCnxns is not configured, using default value 0.
2025-05-14 13:15:42,001 - INFO  [main:NIOServerCnxnFactory@666] - Configuring NIO connection handler with 10s sessionless connection timeout, 2 selector thread(s), 24 worker threads, and 64 kB direct buffers.
2025-05-14 13:15:42,001 - INFO  [main:NIOServerCnxnFactory@674] - binding to port 0.0.0.0/0.0.0.0:2182
2025-05-14 13:15:42,001 - INFO  [main:FileTxnSnapLog@124] - zookeeper.snapshot.trust.empty : false
2025-05-14 13:15:42,001 - INFO  [main:QuorumPeer@1683] - Local sessions disabled
2025-05-14 13:15:42,001 - INFO  [main:QuorumPeer@1694] - Local session upgrading disabled
2025-05-14 13:15:42,001 - INFO  [main:QuorumPeer@1661] - tickTime set to 2000
2025-05-14 13:15:42,001 - INFO  [main:QuorumPeer@1705] - minSessionTimeout set to 4000
2025-05-14 13:15:42,001 - INFO  [main:QuorumPeer@1716] - maxSessionTimeout set to 40000
2025-05-14 13:15:42,001 - INFO  [main:QuorumPeer@1741] - initLimit set to 10
2025-05-14 13:15:42,001 - INFO  [main:QuorumPeer@1928] - syncLimit set to 2000
2025-05-14 13:15:42,001 - INFO  [main:QuorumPeer@1943] - connectToLearnerMasterLimit set to 0
2025-05-14 13:15:42,001 - INFO  [main:WatchManagerFactory@42] - Using org.apache.zookeeper.server.watch.WatchManager as watch manager
2025-05-14 13:15:42,001 - INFO  [main:WatchManagerFactory@42] - Using org.apache.zookeeper.server.watch.WatchManager as watch manager
2025-05-14 13:15:42,002 - INFO  [main:ZKDatabase@132] - zookeeper.snapshotSizeFactor = 0.33
2025-05-14 13:15:42,002 - INFO  [main:ZKDatabase@152] - zookeeper.commitLogCount=500
2025-05-14 13:15:42,002 - WARN  [main:QuorumPeer@1787] - configFilename is null! This should only happen in tests.
2025-05-14 13:15:42,002 - INFO  [main:QuorumPeer@2009] - Using insecure (non-TLS) quorum communication
2025-05-14 13:15:42,002 - INFO  [main:QuorumPeer@2015] - Port unification disabled
2025-05-14 13:15:42,002 - INFO  [main:QuorumPeer@174] - multiAddress.enabled set to false
2025-05-14 13:15:42,002 - INFO  [main:QuorumPeer@199] - multiAddress.reachabilityCheckEnabled set to true
2025-05-14 13:15:42,002 - INFO  [main:QuorumPeer@186] - multiAddress.reachabilityCheckTimeoutMs set to 1000
2025-05-14 13:15:42,002 - INFO  [main:QuorumPeer@2469] - QuorumPeer communication is not secured! (SASL auth disabled)
2025-05-14 13:15:42,002 - INFO  [main:QuorumPeer@2494] - quorum.cnxn.threads.size set to 20
2025-05-14 13:15:42,002 - INFO  [main:FileTxnSnapLog@470] - Snapshotting: 0x0 to /tmp/zookeeper2/version-2/snapshot.0
2025-05-14 13:15:42,003 - INFO  [main:ZKDatabase@289] - Snapshot loaded in 0 ms, highest zxid is 0x0, digest is 1371985504
2025-05-14 13:15:42,003 - INFO  [main:QuorumPeer@1105] - currentEpoch not found! Creating with a reasonable default of 0. This should only happen when you are upgrading your installation
2025-05-14 13:15:42,004 - INFO  [main:QuorumPeer@1125] - acceptedEpoch not found! Creating with a reasonable default of 0. This should only happen when you are upgrading your installation
2025-05-14 13:15:42,005 - INFO  [main:QuorumPeer@2511] - Using 4000000ms as the quorum cnxn socket timeout
2025-05-14 13:15:42,005 - INFO  [main:QuorumCnxManager$Listener@923] - Election port bind maximum retries is 3
2025-05-14 13:15:42,005 - INFO  [ListenerHandler-/127.0.0.1:3888:QuorumCnxManager$Listener$ListenerHandler@1065] - 2 is accepting connections now, my election bind port: /127.0.0.1:3888
2025-05-14 13:15:42,028 - INFO  [QuorumPeer[myid=1](plain=[0:0:0:0:0:0:0:0]:2181)(secure=disabled):QuorumPeer@1374] - LOOKING
2025-05-14 13:15:42,028 - INFO  [QuorumPeer[myid=2](plain=[0:0:0:0:0:0:0:0]:2182)(secure=disabled):QuorumPeer@1374] - LOOKING
2025-05-14 13:15:42,028 - INFO  [QuorumPeer[myid=3](plain=[0:0:0:0:0:0:0:0]:2183)(secure=disabled):QuorumPeer@1374] - LOOKING
2025-05-14 13:15:42,028 - INFO  [QuorumPeer[myid=1](plain=[0:0:0:0:0:0:0:0]:2181)(secure=disabled):FastLeaderElection@944] - New election. My id = 1, proposed zxid=0x0
2025-05-14 13:15:42,029 - INFO  [QuorumPeer[myid=3](plain=[0:0:0:0:0:0:0:0]:2183)(secure=disabled):FastLeaderElection@944] - New election. My id = 3, proposed zxid=0x0
2025-05-14 13:15:42,029 - INFO  [QuorumPeer[myid=2](plain=[0:0:0:0:0:0:0:0]:2182)(secure=disabled):FastLeaderElection@944] - New election. My id = 2, proposed zxid=0x0
2025-05-14 13:15:42,032 - INFO  [ListenerHandler-/127.0.0.1:3888:QuorumCnxManager$Listener$ListenerHandler@1070] - Received connection request from /127.0.0.1:37638
2025-05-14 13:15:42,032 - INFO  [ListenerHandler-/127.0.0.1:3887:QuorumCnxManager$Listener$ListenerHandler@1070] - Received connection request from /127.0.0.1:55444
2025-05-14 13:15:42,032 - INFO  [ListenerHandler-/127.0.0.1:3889:QuorumCnxManager$Listener$ListenerHandler@1070] - Received connection request from /127.0.0.1:56016
2025-05-14 13:15:42,032 - INFO  [WorkerReceiver[myid=2]:FastLeaderElection$Messenger$WorkerReceiver@389] - Notification: my state:LOOKING; n.sid:2, n.state:LOOKING, n.leader:2, n.round:0x1, n.peerEpoch:0x0, n.zxid:0x0, message format version:0x2, n.config version:0x0
2025-05-14 13:15:42,032 - INFO  [WorkerReceiver[myid=1]:FastLeaderElection$Messenger$WorkerReceiver@389] - Notification: my state:LOOKING; n.sid:1, n.state:LOOKING, n.leader:1, n.round:0x1, n.peerEpoch:0x0, n.zxid:0x0, message format version:0x2, n.config version:0x0
2025-05-14 13:15:42,033 - INFO  [QuorumConnectionThread-[myid=2]-2:QuorumCnxManager@513] - Have smaller server identifier, so dropping the connection: (myId:2 --> sid:3)
2025-05-14 13:15:42,033 - INFO  [WorkerReceiver[myid=3]:FastLeaderElection$Messenger$WorkerReceiver@389] - Notification: my state:LOOKING; n.sid:3, n.state:LOOKING, n.leader:3, n.round:0x1, n.peerEpoch:0x0, n.zxid:0x0, message format version:0x2, n.config version:0x0
2025-05-14 13:15:42,033 - INFO  [QuorumConnectionThread-[myid=1]-2:QuorumCnxManager@513] - Have smaller server identifier, so dropping the connection: (myId:1 --> sid:3)
2025-05-14 13:15:42,033 - INFO  [QuorumConnectionThread-[myid=1]-1:QuorumCnxManager@513] - Have smaller server identifier, so dropping the connection: (myId:1 --> sid:2)
2025-05-14 13:15:42,033 - INFO  [ListenerHandler-/127.0.0.1:3889:QuorumCnxManager$Listener$ListenerHandler@1070] - Received connection request from /127.0.0.1:56024
2025-05-14 13:15:42,033 - INFO  [ListenerHandler-/127.0.0.1:3888:QuorumCnxManager$Listener$ListenerHandler@1070] - Received connection request from /127.0.0.1:37654
2025-05-14 13:15:42,038 - INFO  [ListenerHandler-/127.0.0.1:3887:QuorumCnxManager$Listener$ListenerHandler@1070] - Received connection request from /127.0.0.1:55458
2025-05-14 13:15:42,038 - INFO  [WorkerReceiver[myid=3]:FastLeaderElection$Messenger$WorkerReceiver@389] - Notification: my state:LOOKING; n.sid:2, n.state:LOOKING, n.leader:2, n.round:0x1, n.peerEpoch:0x0, n.zxid:0x0, message format version:0x2, n.config version:0x0
2025-05-14 13:15:42,038 - INFO  [WorkerReceiver[myid=1]:FastLeaderElection$Messenger$WorkerReceiver@389] - Notification: my state:LOOKING; n.sid:2, n.state:LOOKING, n.leader:2, n.round:0x1, n.peerEpoch:0x0, n.zxid:0x0, message format version:0x2, n.config version:0x0
2025-05-14 13:15:42,038 - INFO  [WorkerReceiver[myid=2]:FastLeaderElection$Messenger$WorkerReceiver@389] - Notification: my state:LOOKING; n.sid:3, n.state:LOOKING, n.leader:3, n.round:0x1, n.peerEpoch:0x0, n.zxid:0x0, message format version:0x2, n.config version:0x0
2025-05-14 13:15:42,038 - INFO  [WorkerReceiver[myid=3]:FastLeaderElection$Messenger$WorkerReceiver@389] - Notification: my state:LOOKING; n.sid:1, n.state:LOOKING, n.leader:1, n.round:0x1, n.peerEpoch:0x0, n.zxid:0x0, message format version:0x2, n.config version:0x0
2025-05-14 13:15:42,038 - INFO  [WorkerReceiver[myid=1]:FastLeaderElection$Messenger$WorkerReceiver@389] - Notification: my state:LOOKING; n.sid:3, n.state:LOOKING, n.leader:3, n.round:0x1, n.peerEpoch:0x0, n.zxid:0x0, message format version:0x2, n.config version:0x0
2025-05-14 13:15:42,038 - INFO  [WorkerReceiver[myid=2]:FastLeaderElection$Messenger$WorkerReceiver@389] - Notification: my state:LOOKING; n.sid:1, n.state:LOOKING, n.leader:1, n.round:0x1, n.peerEpoch:0x0, n.zxid:0x0, message format version:0x2, n.config version:0x0
2025-05-14 13:15:42,039 - INFO  [WorkerReceiver[myid=1]:FastLeaderElection$Messenger$WorkerReceiver@389] - Notification: my state:LOOKING; n.sid:1, n.state:LOOKING, n.leader:2, n.round:0x1, n.peerEpoch:0x0, n.zxid:0x0, message format version:0x2, n.config version:0x0
2025-05-14 13:15:42,039 - INFO  [WorkerReceiver[myid=2]:FastLeaderElection$Messenger$WorkerReceiver@389] - Notification: my state:LOOKING; n.sid:2, n.state:LOOKING, n.leader:3, n.round:0x1, n.peerEpoch:0x0, n.zxid:0x0, message format version:0x2, n.config version:0x0
2025-05-14 13:15:42,039 - INFO  [WorkerReceiver[myid=1]:FastLeaderElection$Messenger$WorkerReceiver@389] - Notification: my state:LOOKING; n.sid:2, n.state:LOOKING, n.leader:3, n.round:0x1, n.peerEpoch:0x0, n.zxid:0x0, message format version:0x2, n.config version:0x0
2025-05-14 13:15:42,039 - INFO  [WorkerReceiver[myid=3]:FastLeaderElection$Messenger$WorkerReceiver@389] - Notification: my state:LOOKING; n.sid:2, n.state:LOOKING, n.leader:3, n.round:0x1, n.peerEpoch:0x0, n.zxid:0x0, message format version:0x2, n.config version:0x0
2025-05-14 13:15:42,039 - INFO  [WorkerReceiver[myid=2]:FastLeaderElection$Messenger$WorkerReceiver@389] - Notification: my state:LOOKING; n.sid:1, n.state:LOOKING, n.leader:2, n.round:0x1, n.peerEpoch:0x0, n.zxid:0x0, message format version:0x2, n.config version:0x0
2025-05-14 13:15:42,040 - INFO  [WorkerReceiver[myid=3]:FastLeaderElection$Messenger$WorkerReceiver@389] - Notification: my state:LOOKING; n.sid:1, n.state:LOOKING, n.leader:2, n.round:0x1, n.peerEpoch:0x0, n.zxid:0x0, message format version:0x2, n.config version:0x0
2025-05-14 13:15:42,040 - INFO  [WorkerReceiver[myid=1]:FastLeaderElection$Messenger$WorkerReceiver@389] - Notification: my state:LOOKING; n.sid:1, n.state:LOOKING, n.leader:3, n.round:0x1, n.peerEpoch:0x0, n.zxid:0x0, message format version:0x2, n.config version:0x0
2025-05-14 13:15:42,040 - INFO  [WorkerReceiver[myid=2]:FastLeaderElection$Messenger$WorkerReceiver@389] - Notification: my state:LOOKING; n.sid:1, n.state:LOOKING, n.leader:3, n.round:0x1, n.peerEpoch:0x0, n.zxid:0x0, message format version:0x2, n.config version:0x0
2025-05-14 13:15:42,040 - INFO  [WorkerReceiver[myid=3]:FastLeaderElection$Messenger$WorkerReceiver@389] - Notification: my state:LOOKING; n.sid:1, n.state:LOOKING, n.leader:3, n.round:0x1, n.peerEpoch:0x0, n.zxid:0x0, message format version:0x2, n.config version:0x0
2025-05-14 13:15:42,240 - INFO  [QuorumPeer[myid=1](plain=[0:0:0:0:0:0:0:0]:2181)(secure=disabled):QuorumPeer@857] - Peer state changed: following
2025-05-14 13:15:42,240 - INFO  [QuorumPeer[myid=3](plain=[0:0:0:0:0:0:0:0]:2183)(secure=disabled):QuorumPeer@857] - Peer state changed: leading
2025-05-14 13:15:42,241 - INFO  [QuorumPeer[myid=1](plain=[0:0:0:0:0:0:0:0]:2181)(secure=disabled):QuorumPeer@1456] - FOLLOWING
2025-05-14 13:15:42,240 - INFO  [QuorumPeer[myid=2](plain=[0:0:0:0:0:0:0:0]:2182)(secure=disabled):QuorumPeer@857] - Peer state changed: following
2025-05-14 13:15:42,241 - INFO  [QuorumPeer[myid=3](plain=[0:0:0:0:0:0:0:0]:2183)(secure=disabled):QuorumPeer@1468] - LEADING
2025-05-14 13:15:42,241 - INFO  [QuorumPeer[myid=2](plain=[0:0:0:0:0:0:0:0]:2182)(secure=disabled):QuorumPeer@1456] - FOLLOWING
2025-05-14 13:15:42,242 - INFO  [QuorumPeer[myid=1](plain=[0:0:0:0:0:0:0:0]:2181)(secure=disabled):Learner@117] - leaderConnectDelayDuringRetryMs: 100
2025-05-14 13:15:42,243 - INFO  [QuorumPeer[myid=1](plain=[0:0:0:0:0:0:0:0]:2181)(secure=disabled):Learner@118] - TCP NoDelay set to: true
2025-05-14 13:15:42,244 - INFO  [QuorumPeer[myid=1](plain=[0:0:0:0:0:0:0:0]:2181)(secure=disabled):BlueThrottle@141] - Weighed connection throttling is disabled
2025-05-14 13:15:42,244 - INFO  [QuorumPeer[myid=2](plain=[0:0:0:0:0:0:0:0]:2182)(secure=disabled):ZooKeeperServer@1256] - minSessionTimeout set to 4000
2025-05-14 13:15:42,244 - INFO  [QuorumPeer[myid=1](plain=[0:0:0:0:0:0:0:0]:2181)(secure=disabled):ZooKeeperServer@1256] - minSessionTimeout set to 4000
2025-05-14 13:15:42,244 - INFO  [QuorumPeer[myid=2](plain=[0:0:0:0:0:0:0:0]:2182)(secure=disabled):ZooKeeperServer@1265] - maxSessionTimeout set to 40000
2025-05-14 13:15:42,244 - INFO  [QuorumPeer[myid=1](plain=[0:0:0:0:0:0:0:0]:2181)(secure=disabled):ZooKeeperServer@1265] - maxSessionTimeout set to 40000
2025-05-14 13:15:42,245 - INFO  [QuorumPeer[myid=1](plain=[0:0:0:0:0:0:0:0]:2181)(secure=disabled):ResponseCache@45] - Response cache size is initialized with value 400.
2025-05-14 13:15:42,245 - INFO  [QuorumPeer[myid=2](plain=[0:0:0:0:0:0:0:0]:2182)(secure=disabled):ResponseCache@45] - Response cache size is initialized with value 400.
2025-05-14 13:15:42,245 - INFO  [QuorumPeer[myid=1](plain=[0:0:0:0:0:0:0:0]:2181)(secure=disabled):ResponseCache@45] - Response cache size is initialized with value 400.
2025-05-14 13:15:42,245 - INFO  [QuorumPeer[myid=2](plain=[0:0:0:0:0:0:0:0]:2182)(secure=disabled):ResponseCache@45] - Response cache size is initialized with value 400.
2025-05-14 13:15:42,245 - INFO  [QuorumPeer[myid=2](plain=[0:0:0:0:0:0:0:0]:2182)(secure=disabled):RequestPathMetricsCollector@111] - zookeeper.pathStats.slotCapacity = 60
2025-05-14 13:15:42,245 - INFO  [QuorumPeer[myid=1](plain=[0:0:0:0:0:0:0:0]:2181)(secure=disabled):RequestPathMetricsCollector@111] - zookeeper.pathStats.slotCapacity = 60
2025-05-14 13:15:42,245 - INFO  [QuorumPeer[myid=2](plain=[0:0:0:0:0:0:0:0]:2182)(secure=disabled):RequestPathMetricsCollector@112] - zookeeper.pathStats.slotDuration = 15
2025-05-14 13:15:42,245 - INFO  [QuorumPeer[myid=1](plain=[0:0:0:0:0:0:0:0]:2181)(secure=disabled):RequestPathMetricsCollector@112] - zookeeper.pathStats.slotDuration = 15
2025-05-14 13:15:42,246 - INFO  [QuorumPeer[myid=2](plain=[0:0:0:0:0:0:0:0]:2182)(secure=disabled):RequestPathMetricsCollector@113] - zookeeper.pathStats.maxDepth = 6
2025-05-14 13:15:42,246 - INFO  [QuorumPeer[myid=1](plain=[0:0:0:0:0:0:0:0]:2181)(secure=disabled):RequestPathMetricsCollector@113] - zookeeper.pathStats.maxDepth = 6
2025-05-14 13:15:42,246 - INFO  [QuorumPeer[myid=2](plain=[0:0:0:0:0:0:0:0]:2182)(secure=disabled):RequestPathMetricsCollector@114] - zookeeper.pathStats.initialDelay = 5
2025-05-14 13:15:42,246 - INFO  [QuorumPeer[myid=1](plain=[0:0:0:0:0:0:0:0]:2181)(secure=disabled):RequestPathMetricsCollector@114] - zookeeper.pathStats.initialDelay = 5
2025-05-14 13:15:42,246 - INFO  [QuorumPeer[myid=2](plain=[0:0:0:0:0:0:0:0]:2182)(secure=disabled):RequestPathMetricsCollector@115] - zookeeper.pathStats.delay = 5
2025-05-14 13:15:42,246 - INFO  [QuorumPeer[myid=1](plain=[0:0:0:0:0:0:0:0]:2181)(secure=disabled):RequestPathMetricsCollector@115] - zookeeper.pathStats.delay = 5
2025-05-14 13:15:42,246 - INFO  [QuorumPeer[myid=2](plain=[0:0:0:0:0:0:0:0]:2182)(secure=disabled):RequestPathMetricsCollector@116] - zookeeper.pathStats.enabled = false
2025-05-14 13:15:42,246 - INFO  [QuorumPeer[myid=1](plain=[0:0:0:0:0:0:0:0]:2181)(secure=disabled):RequestPathMetricsCollector@116] - zookeeper.pathStats.enabled = false
2025-05-14 13:15:42,247 - INFO  [QuorumPeer[myid=1](plain=[0:0:0:0:0:0:0:0]:2181)(secure=disabled):ZooKeeperServer@1481] - The max bytes for all large requests are set to 104857600
2025-05-14 13:15:42,247 - INFO  [QuorumPeer[myid=2](plain=[0:0:0:0:0:0:0:0]:2182)(secure=disabled):ZooKeeperServer@1481] - The max bytes for all large requests are set to 104857600
2025-05-14 13:15:42,247 - INFO  [QuorumPeer[myid=1](plain=[0:0:0:0:0:0:0:0]:2181)(secure=disabled):ZooKeeperServer@1495] - The large request threshold is set to -1
2025-05-14 13:15:42,247 - INFO  [QuorumPeer[myid=2](plain=[0:0:0:0:0:0:0:0]:2182)(secure=disabled):ZooKeeperServer@1495] - The large request threshold is set to -1
2025-05-14 13:15:42,247 - INFO  [QuorumPeer[myid=1](plain=[0:0:0:0:0:0:0:0]:2181)(secure=disabled):ZooKeeperServer@339] - Created server with tickTime 2000 minSessionTimeout 4000 maxSessionTimeout 40000 clientPortListenBacklog -1 datadir /tmp/zookeeper1/version-2 snapdir /tmp/zookeeper1/version-2
2025-05-14 13:15:42,247 - INFO  [QuorumPeer[myid=2](plain=[0:0:0:0:0:0:0:0]:2182)(secure=disabled):ZooKeeperServer@339] - Created server with tickTime 2000 minSessionTimeout 4000 maxSessionTimeout 40000 clientPortListenBacklog -1 datadir /tmp/zookeeper2/version-2 snapdir /tmp/zookeeper2/version-2
2025-05-14 13:15:42,247 - INFO  [QuorumPeer[myid=1](plain=[0:0:0:0:0:0:0:0]:2181)(secure=disabled):Follower@75] - FOLLOWING - LEADER ELECTION TOOK - 219 MS
2025-05-14 13:15:42,247 - INFO  [QuorumPeer[myid=2](plain=[0:0:0:0:0:0:0:0]:2182)(secure=disabled):Follower@75] - FOLLOWING - LEADER ELECTION TOOK - 219 MS
2025-05-14 13:15:42,249 - INFO  [QuorumPeer[myid=2](plain=[0:0:0:0:0:0:0:0]:2182)(secure=disabled):QuorumPeer@863] - Peer state changed: following - discovery
2025-05-14 13:15:42,249 - INFO  [QuorumPeer[myid=1](plain=[0:0:0:0:0:0:0:0]:2181)(secure=disabled):QuorumPeer@863] - Peer state changed: following - discovery
2025-05-14 13:15:42,251 - WARN  [LeaderConnector-/127.0.0.1:2889:Learner$LeaderConnector@394] - Unexpected exception, tries=0, remaining init limit=20000, connecting to /127.0.0.1:2889
java.net.ConnectException: Connection refused (Connection refused)
	at java.net.PlainSocketImpl.socketConnect(Native Method)
	at java.net.AbstractPlainSocketImpl.doConnect(AbstractPlainSocketImpl.java:350)
	at java.net.AbstractPlainSocketImpl.connectToAddress(AbstractPlainSocketImpl.java:206)
	at java.net.AbstractPlainSocketImpl.connect(AbstractPlainSocketImpl.java:188)
	at java.net.SocksSocketImpl.connect(SocksSocketImpl.java:392)
	at java.net.Socket.connect(Socket.java:607)
	at org.apache.zookeeper.server.quorum.Learner.sockConnect(Learner.java:255)
	at org.apache.zookeeper.server.quorum.Learner$LeaderConnector.connectToLeader(Learner.java:368)
	at org.apache.zookeeper.server.quorum.Learner$LeaderConnector.run(Learner.java:326)
	at java.util.concurrent.Executors$RunnableAdapter.call(Executors.java:511)
	at java.util.concurrent.FutureTask.run(FutureTask.java:266)
	at java.util.concurrent.ThreadPoolExecutor.runWorker(ThreadPoolExecutor.java:1149)
	at java.util.concurrent.ThreadPoolExecutor$Worker.run(ThreadPoolExecutor.java:624)
	at java.lang.Thread.run(Thread.java:750)
2025-05-14 13:15:42,251 - WARN  [LeaderConnector-/127.0.0.1:2889:Learner$LeaderConnector@394] - Unexpected exception, tries=0, remaining init limit=20000, connecting to /127.0.0.1:2889
java.net.ConnectException: Connection refused (Connection refused)
	at java.net.PlainSocketImpl.socketConnect(Native Method)
	at java.net.AbstractPlainSocketImpl.doConnect(AbstractPlainSocketImpl.java:350)
	at java.net.AbstractPlainSocketImpl.connectToAddress(AbstractPlainSocketImpl.java:206)
	at java.net.AbstractPlainSocketImpl.connect(AbstractPlainSocketImpl.java:188)
	at java.net.SocksSocketImpl.connect(SocksSocketImpl.java:392)
	at java.net.Socket.connect(Socket.java:607)
	at org.apache.zookeeper.server.quorum.Learner.sockConnect(Learner.java:255)
	at org.apache.zookeeper.server.quorum.Learner$LeaderConnector.connectToLeader(Learner.java:368)
	at org.apache.zookeeper.server.quorum.Learner$LeaderConnector.run(Learner.java:326)
	at java.util.concurrent.Executors$RunnableAdapter.call(Executors.java:511)
	at java.util.concurrent.FutureTask.run(FutureTask.java:266)
	at java.util.concurrent.ThreadPoolExecutor.runWorker(ThreadPoolExecutor.java:1149)
	at java.util.concurrent.ThreadPoolExecutor$Worker.run(ThreadPoolExecutor.java:624)
	at java.lang.Thread.run(Thread.java:750)
2025-05-14 13:15:42,273 - INFO  [QuorumPeer[myid=3](plain=[0:0:0:0:0:0:0:0]:2183)(secure=disabled):LearnerMaster@47] - zookeeper.leader.maxConcurrentSnapSyncs = 10
2025-05-14 13:15:42,273 - INFO  [QuorumPeer[myid=3](plain=[0:0:0:0:0:0:0:0]:2183)(secure=disabled):LearnerMaster@50] - zookeeper.leader.maxConcurrentDiffSyncs = 100
2025-05-14 13:15:42,273 - INFO  [QuorumPeer[myid=3](plain=[0:0:0:0:0:0:0:0]:2183)(secure=disabled):Leader@84] - TCP NoDelay set to: true
2025-05-14 13:15:42,273 - INFO  [QuorumPeer[myid=3](plain=[0:0:0:0:0:0:0:0]:2183)(secure=disabled):Leader@105] - zookeeper.leader.ackLoggingFrequency = 1000
2025-05-14 13:15:42,274 - INFO  [QuorumPeer[myid=3](plain=[0:0:0:0:0:0:0:0]:2183)(secure=disabled):Leader@1358] - zookeeper.leader.maxTimeToWaitForEpoch = -1ms
2025-05-14 13:15:42,274 - INFO  [QuorumPeer[myid=3](plain=[0:0:0:0:0:0:0:0]:2183)(secure=disabled):ZooKeeperServer@1256] - minSessionTimeout set to 4000
2025-05-14 13:15:42,274 - INFO  [QuorumPeer[myid=3](plain=[0:0:0:0:0:0:0:0]:2183)(secure=disabled):ZooKeeperServer@1265] - maxSessionTimeout set to 40000
2025-05-14 13:15:42,274 - INFO  [QuorumPeer[myid=3](plain=[0:0:0:0:0:0:0:0]:2183)(secure=disabled):ResponseCache@45] - Response cache size is initialized with value 400.
2025-05-14 13:15:42,274 - INFO  [QuorumPeer[myid=3](plain=[0:0:0:0:0:0:0:0]:2183)(secure=disabled):ResponseCache@45] - Response cache size is initialized with value 400.
2025-05-14 13:15:42,274 - INFO  [QuorumPeer[myid=3](plain=[0:0:0:0:0:0:0:0]:2183)(secure=disabled):RequestPathMetricsCollector@111] - zookeeper.pathStats.slotCapacity = 60
2025-05-14 13:15:42,274 - INFO  [QuorumPeer[myid=3](plain=[0:0:0:0:0:0:0:0]:2183)(secure=disabled):RequestPathMetricsCollector@112] - zookeeper.pathStats.slotDuration = 15
2025-05-14 13:15:42,274 - INFO  [QuorumPeer[myid=3](plain=[0:0:0:0:0:0:0:0]:2183)(secure=disabled):RequestPathMetricsCollector@113] - zookeeper.pathStats.maxDepth = 6
2025-05-14 13:15:42,274 - INFO  [QuorumPeer[myid=3](plain=[0:0:0:0:0:0:0:0]:2183)(secure=disabled):RequestPathMetricsCollector@114] - zookeeper.pathStats.initialDelay = 5
2025-05-14 13:15:42,274 - INFO  [QuorumPeer[myid=3](plain=[0:0:0:0:0:0:0:0]:2183)(secure=disabled):RequestPathMetricsCollector@115] - zookeeper.pathStats.delay = 5
2025-05-14 13:15:42,274 - INFO  [QuorumPeer[myid=3](plain=[0:0:0:0:0:0:0:0]:2183)(secure=disabled):RequestPathMetricsCollector@116] - zookeeper.pathStats.enabled = false
2025-05-14 13:15:42,274 - INFO  [QuorumPeer[myid=3](plain=[0:0:0:0:0:0:0:0]:2183)(secure=disabled):ZooKeeperServer@1481] - The max bytes for all large requests are set to 104857600
2025-05-14 13:15:42,274 - INFO  [QuorumPeer[myid=3](plain=[0:0:0:0:0:0:0:0]:2183)(secure=disabled):ZooKeeperServer@1495] - The large request threshold is set to -1
2025-05-14 13:15:42,274 - INFO  [QuorumPeer[myid=3](plain=[0:0:0:0:0:0:0:0]:2183)(secure=disabled):ZooKeeperServer@339] - Created server with tickTime 2000 minSessionTimeout 4000 maxSessionTimeout 40000 clientPortListenBacklog -1 datadir /tmp/zookeeper3/version-2 snapdir /tmp/zookeeper3/version-2
2025-05-14 13:15:42,276 - INFO  [QuorumPeer[myid=3](plain=[0:0:0:0:0:0:0:0]:2183)(secure=disabled):Leader@583] - LEADING - LEADER ELECTION TOOK - 247 MS
2025-05-14 13:15:42,276 - INFO  [QuorumPeer[myid=3](plain=[0:0:0:0:0:0:0:0]:2183)(secure=disabled):QuorumPeer@863] - Peer state changed: leading - discovery
2025-05-14 13:15:42,276 - INFO  [QuorumPeer[myid=3](plain=[0:0:0:0:0:0:0:0]:2183)(secure=disabled):FileTxnSnapLog@470] - Snapshotting: 0x0 to /tmp/zookeeper3/version-2/snapshot.0
2025-05-14 13:15:42,277 - INFO  [QuorumPeer[myid=3](plain=[0:0:0:0:0:0:0:0]:2183)(secure=disabled):ZooKeeperServer@529] - Snapshot taken in 0 ms
2025-05-14 13:15:42,352 - INFO  [LeaderConnector-/127.0.0.1:2889:Learner$LeaderConnector@330] - Successfully connected to leader, using address: /127.0.0.1:2889
2025-05-14 13:15:42,352 - INFO  [LeaderConnector-/127.0.0.1:2889:Learner$LeaderConnector@330] - Successfully connected to leader, using address: /127.0.0.1:2889
2025-05-14 13:15:42,355 - INFO  [LearnerHandler-/127.0.0.1:36346:LearnerHandler@504] - Follower sid: 1 : info : 127.0.0.1:2887:3887:participant
2025-05-14 13:15:42,355 - INFO  [LearnerHandler-/127.0.0.1:36352:LearnerHandler@504] - Follower sid: 2 : info : 127.0.0.1:2888:3888:participant
2025-05-14 13:15:42,359 - INFO  [QuorumPeer[myid=3](plain=[0:0:0:0:0:0:0:0]:2183)(secure=disabled):QuorumPeer@1811] - Dynamic reconfig is disabled, we don't store the last seen config.
2025-05-14 13:15:42,359 - INFO  [LearnerHandler-/127.0.0.1:36346:ZKDatabase@345] - On disk txn sync enabled with snapshotSizeFactor 0.33
2025-05-14 13:15:42,359 - INFO  [LearnerHandler-/127.0.0.1:36346:LearnerHandler@807] - Synchronizing with Learner sid: 1 maxCommittedLog=0x0 minCommittedLog=0x0 lastProcessedZxid=0x0 peerLastZxid=0x0
2025-05-14 13:15:42,360 - INFO  [LearnerHandler-/127.0.0.1:36346:LearnerHandler@852] - Sending DIFF zxid=0x0 for peer sid: 1
2025-05-14 13:15:42,360 - INFO  [LearnerHandler-/127.0.0.1:36352:ZKDatabase@345] - On disk txn sync enabled with snapshotSizeFactor 0.33
2025-05-14 13:15:42,360 - INFO  [QuorumPeer[myid=1](plain=[0:0:0:0:0:0:0:0]:2181)(secure=disabled):QuorumPeer@863] - Peer state changed: following - synchronization
2025-05-14 13:15:42,360 - INFO  [QuorumPeer[myid=2](plain=[0:0:0:0:0:0:0:0]:2182)(secure=disabled):QuorumPeer@863] - Peer state changed: following - synchronization
2025-05-14 13:15:42,360 - INFO  [LearnerHandler-/127.0.0.1:36352:LearnerHandler@807] - Synchronizing with Learner sid: 2 maxCommittedLog=0x0 minCommittedLog=0x0 lastProcessedZxid=0x0 peerLastZxid=0x0
2025-05-14 13:15:42,360 - INFO  [LearnerHandler-/127.0.0.1:36352:LearnerHandler@852] - Sending DIFF zxid=0x0 for peer sid: 2
2025-05-14 13:15:42,360 - INFO  [QuorumPeer[myid=3](plain=[0:0:0:0:0:0:0:0]:2183)(secure=disabled):QuorumPeer@863] - Peer state changed: leading - synchronization
2025-05-14 13:15:42,361 - INFO  [QuorumPeer[myid=1](plain=[0:0:0:0:0:0:0:0]:2181)(secure=disabled):Learner@511] - Getting a diff from the leader 0x0
2025-05-14 13:15:42,361 - INFO  [QuorumPeer[myid=2](plain=[0:0:0:0:0:0:0:0]:2182)(secure=disabled):Learner@511] - Getting a diff from the leader 0x0
2025-05-14 13:15:42,361 - INFO  [QuorumPeer[myid=1](plain=[0:0:0:0:0:0:0:0]:2181)(secure=disabled):QuorumPeer@868] - Peer state changed: following - synchronization - diff
2025-05-14 13:15:42,361 - INFO  [QuorumPeer[myid=2](plain=[0:0:0:0:0:0:0:0]:2182)(secure=disabled):QuorumPeer@868] - Peer state changed: following - synchronization - diff
2025-05-14 13:15:42,363 - INFO  [QuorumPeer[myid=1](plain=[0:0:0:0:0:0:0:0]:2181)(secure=disabled):Learner@677] - Learner received NEWLEADER message
2025-05-14 13:15:42,363 - INFO  [QuorumPeer[myid=2](plain=[0:0:0:0:0:0:0:0]:2182)(secure=disabled):Learner@677] - Learner received NEWLEADER message
2025-05-14 13:15:42,364 - INFO  [QuorumPeer[myid=1](plain=[0:0:0:0:0:0:0:0]:2181)(secure=disabled):QuorumPeer@1811] - Dynamic reconfig is disabled, we don't store the last seen config.
2025-05-14 13:15:42,364 - INFO  [QuorumPeer[myid=2](plain=[0:0:0:0:0:0:0:0]:2182)(secure=disabled):QuorumPeer@1811] - Dynamic reconfig is disabled, we don't store the last seen config.
2025-05-14 13:15:42,372 - INFO  [QuorumPeer[myid=3](plain=[0:0:0:0:0:0:0:0]:2183)(secure=disabled):Leader@1508] - Have quorum of supporters, sids: [[1, 3]]; starting up and setting last processed zxid: 0x100000000
2025-05-14 13:15:42,372 - INFO  [QuorumPeer[myid=3](plain=[0:0:0:0:0:0:0:0]:2183)(secure=disabled):Leader@1530] - Dynamic reconfig feature is disabled, skip designatedLeader calculation and reconfig processing.
2025-05-14 13:15:42,376 - INFO  [QuorumPeer[myid=3](plain=[0:0:0:0:0:0:0:0]:2183)(secure=disabled):CommitProcessor@476] - Configuring CommitProcessor with readBatchSize -1 commitBatchSize 1
2025-05-14 13:15:42,376 - INFO  [QuorumPeer[myid=3](plain=[0:0:0:0:0:0:0:0]:2183)(secure=disabled):CommitProcessor@438] - Configuring CommitProcessor with 12 worker threads.
2025-05-14 13:15:42,379 - INFO  [ProcessThread(sid:3 cport:-1)::PrepRequestProcessor@136] - PrepRequestProcessor (sid:3) started, reconfigEnabled=false
2025-05-14 13:15:42,379 - INFO  [QuorumPeer[myid=3](plain=[0:0:0:0:0:0:0:0]:2183)(secure=disabled):ContainerManager@83] - Using checkIntervalMs=60000 maxPerMinute=10000 maxNeverUsedIntervalMs=0
2025-05-14 13:15:42,379 - INFO  [QuorumPeer[myid=3](plain=[0:0:0:0:0:0:0:0]:2183)(secure=disabled):RequestThrottler@74] - zookeeper.request_throttler.shutdownTimeout = 10000
2025-05-14 13:15:42,385 - INFO  [QuorumPeer[myid=3](plain=[0:0:0:0:0:0:0:0]:2183)(secure=disabled):QuorumPeer@863] - Peer state changed: leading - broadcast
2025-05-14 13:15:42,385 - INFO  [QuorumPeer[myid=2](plain=[0:0:0:0:0:0:0:0]:2182)(secure=disabled):Learner@661] - Learner received UPTODATE message
2025-05-14 13:15:42,385 - INFO  [QuorumPeer[myid=1](plain=[0:0:0:0:0:0:0:0]:2181)(secure=disabled):Learner@661] - Learner received UPTODATE message
2025-05-14 13:15:42,385 - INFO  [QuorumPeer[myid=2](plain=[0:0:0:0:0:0:0:0]:2182)(secure=disabled):QuorumPeer@868] - Peer state changed: following - synchronization
2025-05-14 13:15:42,385 - INFO  [QuorumPeer[myid=1](plain=[0:0:0:0:0:0:0:0]:2181)(secure=disabled):QuorumPeer@868] - Peer state changed: following - synchronization
2025-05-14 13:15:42,385 - INFO  [QuorumPeer[myid=2](plain=[0:0:0:0:0:0:0:0]:2182)(secure=disabled):CommitProcessor@476] - Configuring CommitProcessor with readBatchSize -1 commitBatchSize 1
2025-05-14 13:15:42,385 - INFO  [QuorumPeer[myid=1](plain=[0:0:0:0:0:0:0:0]:2181)(secure=disabled):CommitProcessor@476] - Configuring CommitProcessor with readBatchSize -1 commitBatchSize 1
2025-05-14 13:15:42,385 - INFO  [QuorumPeer[myid=1](plain=[0:0:0:0:0:0:0:0]:2181)(secure=disabled):CommitProcessor@438] - Configuring CommitProcessor with 12 worker threads.
2025-05-14 13:15:42,385 - INFO  [QuorumPeer[myid=2](plain=[0:0:0:0:0:0:0:0]:2182)(secure=disabled):CommitProcessor@438] - Configuring CommitProcessor with 12 worker threads.
2025-05-14 13:15:42,387 - INFO  [QuorumPeer[myid=2](plain=[0:0:0:0:0:0:0:0]:2182)(secure=disabled):QuorumPeer@863] - Peer state changed: following - broadcast
2025-05-14 13:15:42,387 - INFO  [QuorumPeer[myid=1](plain=[0:0:0:0:0:0:0:0]:2181)(secure=disabled):QuorumPeer@863] - Peer state changed: following - broadcast
2025-05-14 13:15:52,005 - INFO  [main:Follower@292] - shutdown Follower
2025-05-14 13:15:52,006 - INFO  [main:LearnerZooKeeperServer@160] - Shutting down
2025-05-14 13:15:52,006 - INFO  [main:ZooKeeperServer@794] - shutting down
2025-05-14 13:15:52,006 - INFO  [main:RequestThrottler@244] - Shutting down
2025-05-14 13:15:52,006 - WARN  [QuorumPeer[myid=1](plain=[0:0:0:0:0:0:0:0]:2181)(secure=disabled):Follower@129] - Exception when following the leader
java.net.SocketException: Socket closed
	at java.net.SocketInputStream.read(SocketInputStream.java:204)
	at java.net.SocketInputStream.read(SocketInputStream.java:141)
	at java.io.BufferedInputStream.fill(BufferedInputStream.java:246)
	at java.io.BufferedInputStream.read(BufferedInputStream.java:265)
	at java.io.DataInputStream.readInt(DataInputStream.java:387)
	at org.apache.jute.BinaryInputArchive.readInt(BinaryInputArchive.java:96)
	at org.apache.zookeeper.server.quorum.QuorumPacket.deserialize(QuorumPacket.java:86)
	at org.apache.jute.BinaryInputArchive.readRecord(BinaryInputArchive.java:134)
	at org.apache.zookeeper.server.quorum.Learner.readPacket(Learner.java:182)
	at org.apache.zookeeper.server.quorum.Follower.followLeader(Follower.java:125)
	at org.apache.zookeeper.server.quorum.QuorumPeer.run(QuorumPeer.java:1458)
2025-05-14 13:15:52,006 - INFO  [RequestThrottler:RequestThrottler@205] - Draining request throttler queue
2025-05-14 13:15:52,007 - INFO  [RequestThrottler:RequestThrottler@181] - RequestThrottler shutdown. Dropped 0 requests
2025-05-14 13:15:52,006 - ERROR [LearnerHandler-/127.0.0.1:36346:LearnerHandler@714] - Unexpected exception causing shutdown while sock still open
java.io.EOFException
	at java.io.DataInputStream.readInt(DataInputStream.java:392)
	at org.apache.jute.BinaryInputArchive.readInt(BinaryInputArchive.java:96)
	at org.apache.zookeeper.server.quorum.QuorumPacket.deserialize(QuorumPacket.java:86)
	at org.apache.jute.BinaryInputArchive.readRecord(BinaryInputArchive.java:134)
	at org.apache.zookeeper.server.quorum.LearnerHandler.run(LearnerHandler.java:650)
2025-05-14 13:15:52,007 - INFO  [main:FollowerRequestProcessor@148] - Shutting down
2025-05-14 13:15:52,007 - WARN  [LearnerHandler-/127.0.0.1:36346:LearnerHandler@737] - ******* GOODBYE /127.0.0.1:36346 ********
2025-05-14 13:15:52,007 - INFO  [FollowerRequestProcessor:1:FollowerRequestProcessor@112] - FollowerRequestProcessor exited loop!
2025-05-14 13:15:52,007 - INFO  [QuorumPeer[myid=1](plain=[0:0:0:0:0:0:0:0]:2181)(secure=disabled):Follower@143] - Disconnected from leader (with address: /127.0.0.1:2889). Was connected for 9653ms. Sync state: true
2025-05-14 13:15:52,007 - INFO  [main:CommitProcessor@617] - Shutting down
2025-05-14 13:15:52,007 - INFO  [QuorumPeer[myid=1](plain=[0:0:0:0:0:0:0:0]:2181)(secure=disabled):Follower@292] - shutdown Follower
2025-05-14 13:15:52,007 - INFO  [CommitProcessor:1:CommitProcessor@406] - CommitProcessor exited loop!
2025-05-14 13:15:52,007 - INFO  [main:FinalRequestProcessor@662] - shutdown of request processor complete
2025-05-14 13:15:52,008 - INFO  [main:SyncRequestProcessor@256] - Shutting down
2025-05-14 13:15:52,008 - INFO  [SyncThread:1:SyncRequestProcessor@225] - SyncRequestProcessor exited!
2025-05-14 13:15:52,008 - INFO  [QuorumPeer[myid=1](plain=[0:0:0:0:0:0:0:0]:2181)(secure=disabled):QuorumPeer@863] - Peer state changed: looking
2025-05-14 13:15:52,008 - WARN  [QuorumPeer[myid=1](plain=[0:0:0:0:0:0:0:0]:2181)(secure=disabled):QuorumPeer@1504] - PeerState set to LOOKING
2025-05-14 13:15:52,008 - WARN  [QuorumPeer[myid=1](plain=[0:0:0:0:0:0:0:0]:2181)(secure=disabled):QuorumPeer@1486] - QuorumPeer main thread exited
2025-05-14 13:15:52,008 - INFO  [ConnnectionExpirer:NIOServerCnxnFactory$ConnectionExpirerThread@578] - ConnnectionExpirerThread interrupted
2025-05-14 13:15:52,008 - INFO  [NIOServerCxnFactory.SelectorThread-1:NIOServerCnxnFactory$SelectorThread@411] - selector thread exitted run method
2025-05-14 13:15:52,008 - INFO  [NIOServerCxnFactory.AcceptThread:0.0.0.0/0.0.0.0:2181:NIOServerCnxnFactory$AcceptThread@209] - accept thread exitted run method
2025-05-14 13:15:52,008 - INFO  [NIOServerCxnFactory.SelectorThread-0:NIOServerCnxnFactory$SelectorThread@411] - selector thread exitted run method
2025-05-14 13:15:52,009 - INFO  [QuorumPeerListener:QuorumCnxManager$Listener@979] - Leaving listener
2025-05-14 13:15:52,009 - WARN  [SendWorker:2:QuorumCnxManager$SendWorker@1281] - Interrupted while waiting for message on queue
java.lang.InterruptedException
	at java.util.concurrent.locks.AbstractQueuedSynchronizer$ConditionObject.reportInterruptAfterWait(AbstractQueuedSynchronizer.java:2014)
	at java.util.concurrent.locks.AbstractQueuedSynchronizer$ConditionObject.awaitNanos(AbstractQueuedSynchronizer.java:2088)
	at org.apache.zookeeper.util.CircularBlockingQueue.poll(CircularBlockingQueue.java:105)
	at org.apache.zookeeper.server.quorum.QuorumCnxManager.pollSendQueue(QuorumCnxManager.java:1446)
	at org.apache.zookeeper.server.quorum.QuorumCnxManager.access$900(QuorumCnxManager.java:98)
	at org.apache.zookeeper.server.quorum.QuorumCnxManager$SendWorker.run(QuorumCnxManager.java:1270)
2025-05-14 13:15:52,009 - WARN  [SendWorker:3:QuorumCnxManager$SendWorker@1281] - Interrupted while waiting for message on queue
java.lang.InterruptedException
	at java.util.concurrent.locks.AbstractQueuedSynchronizer$ConditionObject.reportInterruptAfterWait(AbstractQueuedSynchronizer.java:2014)
	at java.util.concurrent.locks.AbstractQueuedSynchronizer$ConditionObject.awaitNanos(AbstractQueuedSynchronizer.java:2088)
	at org.apache.zookeeper.util.CircularBlockingQueue.poll(CircularBlockingQueue.java:105)
	at org.apache.zookeeper.server.quorum.QuorumCnxManager.pollSendQueue(QuorumCnxManager.java:1446)
	at org.apache.zookeeper.server.quorum.QuorumCnxManager.access$900(QuorumCnxManager.java:98)
	at org.apache.zookeeper.server.quorum.QuorumCnxManager$SendWorker.run(QuorumCnxManager.java:1270)
2025-05-14 13:15:52,009 - WARN  [SendWorker:3:QuorumCnxManager$SendWorker@1293] - Send worker leaving thread id 3 my id = 1
2025-05-14 13:15:52,009 - INFO  [main:Follower@292] - shutdown Follower
2025-05-14 13:15:52,009 - INFO  [main:LearnerZooKeeperServer@160] - Shutting down
2025-05-14 13:15:52,009 - INFO  [main:ZooKeeperServer@794] - shutting down
2025-05-14 13:15:52,009 - WARN  [RecvWorker:2:QuorumCnxManager$RecvWorker@1395] - Connection broken for id 2, my id = 1
java.net.SocketException: Socket closed
	at java.net.SocketInputStream.socketRead0(Native Method)
	at java.net.SocketInputStream.socketRead(SocketInputStream.java:116)
	at java.net.SocketInputStream.read(SocketInputStream.java:171)
	at java.net.SocketInputStream.read(SocketInputStream.java:141)
	at java.io.BufferedInputStream.fill(BufferedInputStream.java:246)
	at java.io.BufferedInputStream.read(BufferedInputStream.java:265)
	at java.io.DataInputStream.readInt(DataInputStream.java:387)
	at org.apache.zookeeper.server.quorum.QuorumCnxManager$RecvWorker.run(QuorumCnxManager.java:1383)
2025-05-14 13:15:52,009 - WARN  [SendWorker:2:QuorumCnxManager$SendWorker@1293] - Send worker leaving thread id 2 my id = 1
2025-05-14 13:15:52,009 - WARN  [RecvWorker:1:QuorumCnxManager$RecvWorker@1395] - Connection broken for id 1, my id = 2
java.io.EOFException
	at java.io.DataInputStream.readInt(DataInputStream.java:392)
	at org.apache.zookeeper.server.quorum.QuorumCnxManager$RecvWorker.run(QuorumCnxManager.java:1383)
2025-05-14 13:15:52,009 - WARN  [RecvWorker:3:QuorumCnxManager$RecvWorker@1395] - Connection broken for id 3, my id = 1
java.net.SocketException: Socket closed
	at java.net.SocketInputStream.socketRead0(Native Method)
	at java.net.SocketInputStream.socketRead(SocketInputStream.java:116)
	at java.net.SocketInputStream.read(SocketInputStream.java:171)
	at java.net.SocketInputStream.read(SocketInputStream.java:141)
	at java.io.BufferedInputStream.fill(BufferedInputStream.java:246)
	at java.io.BufferedInputStream.read(BufferedInputStream.java:265)
	at java.io.DataInputStream.readInt(DataInputStream.java:387)
	at org.apache.zookeeper.server.quorum.QuorumCnxManager$RecvWorker.run(QuorumCnxManager.java:1383)
2025-05-14 13:15:52,010 - WARN  [RecvWorker:3:QuorumCnxManager$RecvWorker@1401] - Interrupting SendWorker thread from RecvWorker. sid: 3. myId: 1
2025-05-14 13:15:52,009 - WARN  [RecvWorker:1:QuorumCnxManager$RecvWorker@1395] - Connection broken for id 1, my id = 3
java.io.EOFException
	at java.io.DataInputStream.readInt(DataInputStream.java:392)
	at org.apache.zookeeper.server.quorum.QuorumCnxManager$RecvWorker.run(QuorumCnxManager.java:1383)
2025-05-14 13:15:52,010 - WARN  [RecvWorker:1:QuorumCnxManager$RecvWorker@1401] - Interrupting SendWorker thread from RecvWorker. sid: 1. myId: 3
2025-05-14 13:15:52,010 - WARN  [RecvWorker:1:QuorumCnxManager$RecvWorker@1401] - Interrupting SendWorker thread from RecvWorker. sid: 1. myId: 2
2025-05-14 13:15:52,010 - WARN  [RecvWorker:2:QuorumCnxManager$RecvWorker@1401] - Interrupting SendWorker thread from RecvWorker. sid: 2. myId: 1
2025-05-14 13:15:52,010 - WARN  [SendWorker:1:QuorumCnxManager$SendWorker@1281] - Interrupted while waiting for message on queue
java.lang.InterruptedException
	at java.util.concurrent.locks.AbstractQueuedSynchronizer$ConditionObject.reportInterruptAfterWait(AbstractQueuedSynchronizer.java:2014)
	at java.util.concurrent.locks.AbstractQueuedSynchronizer$ConditionObject.awaitNanos(AbstractQueuedSynchronizer.java:2088)
	at org.apache.zookeeper.util.CircularBlockingQueue.poll(CircularBlockingQueue.java:105)
	at org.apache.zookeeper.server.quorum.QuorumCnxManager.pollSendQueue(QuorumCnxManager.java:1446)
	at org.apache.zookeeper.server.quorum.QuorumCnxManager.access$900(QuorumCnxManager.java:98)
	at org.apache.zookeeper.server.quorum.QuorumCnxManager$SendWorker.run(QuorumCnxManager.java:1270)
2025-05-14 13:15:52,010 - ERROR [LearnerHandler-/127.0.0.1:36352:LearnerHandler@714] - Unexpected exception causing shutdown while sock still open
java.io.EOFException
	at java.io.DataInputStream.readInt(DataInputStream.java:392)
	at org.apache.jute.BinaryInputArchive.readInt(BinaryInputArchive.java:96)
	at org.apache.zookeeper.server.quorum.QuorumPacket.deserialize(QuorumPacket.java:86)
	at org.apache.jute.BinaryInputArchive.readRecord(BinaryInputArchive.java:134)
	at org.apache.zookeeper.server.quorum.LearnerHandler.run(LearnerHandler.java:650)
2025-05-14 13:15:52,010 - INFO  [main:RequestThrottler@244] - Shutting down
2025-05-14 13:15:52,011 - INFO  [RequestThrottler:RequestThrottler@205] - Draining request throttler queue
2025-05-14 13:15:52,010 - WARN  [QuorumPeer[myid=2](plain=[0:0:0:0:0:0:0:0]:2182)(secure=disabled):Follower@129] - Exception when following the leader
java.net.SocketException: Socket closed
	at java.net.SocketInputStream.read(SocketInputStream.java:204)
	at java.net.SocketInputStream.read(SocketInputStream.java:141)
	at java.io.BufferedInputStream.fill(BufferedInputStream.java:246)
	at java.io.BufferedInputStream.read(BufferedInputStream.java:265)
	at java.io.DataInputStream.readInt(DataInputStream.java:387)
	at org.apache.jute.BinaryInputArchive.readInt(BinaryInputArchive.java:96)
	at org.apache.zookeeper.server.quorum.QuorumPacket.deserialize(QuorumPacket.java:86)
	at org.apache.jute.BinaryInputArchive.readRecord(BinaryInputArchive.java:134)
	at org.apache.zookeeper.server.quorum.Learner.readPacket(Learner.java:182)
	at org.apache.zookeeper.server.quorum.Follower.followLeader(Follower.java:125)
	at org.apache.zookeeper.server.quorum.QuorumPeer.run(QuorumPeer.java:1458)
2025-05-14 13:15:52,011 - INFO  [RequestThrottler:RequestThrottler@181] - RequestThrottler shutdown. Dropped 0 requests
2025-05-14 13:15:52,011 - WARN  [LearnerHandler-/127.0.0.1:36352:LearnerHandler@737] - ******* GOODBYE /127.0.0.1:36352 ********
2025-05-14 13:15:52,011 - WARN  [SendWorker:1:QuorumCnxManager$SendWorker@1293] - Send worker leaving thread id 1 my id = 2
2025-05-14 13:15:52,010 - WARN  [SendWorker:1:QuorumCnxManager$SendWorker@1281] - Interrupted while waiting for message on queue
java.lang.InterruptedException
	at java.util.concurrent.locks.AbstractQueuedSynchronizer$ConditionObject.reportInterruptAfterWait(AbstractQueuedSynchronizer.java:2014)
	at java.util.concurrent.locks.AbstractQueuedSynchronizer$ConditionObject.awaitNanos(AbstractQueuedSynchronizer.java:2088)
	at org.apache.zookeeper.util.CircularBlockingQueue.poll(CircularBlockingQueue.java:105)
	at org.apache.zookeeper.server.quorum.QuorumCnxManager.pollSendQueue(QuorumCnxManager.java:1446)
	at org.apache.zookeeper.server.quorum.QuorumCnxManager.access$900(QuorumCnxManager.java:98)
	at org.apache.zookeeper.server.quorum.QuorumCnxManager$SendWorker.run(QuorumCnxManager.java:1270)
2025-05-14 13:15:52,011 - WARN  [SendWorker:1:QuorumCnxManager$SendWorker@1293] - Send worker leaving thread id 1 my id = 3
2025-05-14 13:15:52,011 - INFO  [QuorumPeer[myid=2](plain=[0:0:0:0:0:0:0:0]:2182)(secure=disabled):Follower@143] - Disconnected from leader (with address: /127.0.0.1:2889). Was connected for 9658ms. Sync state: true
2025-05-14 13:15:52,011 - INFO  [main:FollowerRequestProcessor@148] - Shutting down
2025-05-14 13:15:52,011 - INFO  [QuorumPeer[myid=2](plain=[0:0:0:0:0:0:0:0]:2182)(secure=disabled):Follower@292] - shutdown Follower
2025-05-14 13:15:52,012 - INFO  [main:CommitProcessor@617] - Shutting down
2025-05-14 13:15:52,012 - INFO  [FollowerRequestProcessor:2:FollowerRequestProcessor@112] - FollowerRequestProcessor exited loop!
2025-05-14 13:15:52,012 - INFO  [CommitProcessor:2:CommitProcessor@406] - CommitProcessor exited loop!
2025-05-14 13:15:52,012 - INFO  [main:FinalRequestProcessor@662] - shutdown of request processor complete
2025-05-14 13:15:52,012 - INFO  [main:SyncRequestProcessor@256] - Shutting down
2025-05-14 13:15:52,012 - INFO  [SyncThread:2:SyncRequestProcessor@225] - SyncRequestProcessor exited!
2025-05-14 13:15:52,012 - INFO  [QuorumPeer[myid=2](plain=[0:0:0:0:0:0:0:0]:2182)(secure=disabled):QuorumPeer@863] - Peer state changed: looking
2025-05-14 13:15:52,012 - WARN  [QuorumPeer[myid=2](plain=[0:0:0:0:0:0:0:0]:2182)(secure=disabled):QuorumPeer@1504] - PeerState set to LOOKING
2025-05-14 13:15:52,012 - WARN  [QuorumPeer[myid=2](plain=[0:0:0:0:0:0:0:0]:2182)(secure=disabled):QuorumPeer@1486] - QuorumPeer main thread exited
2025-05-14 13:15:52,012 - INFO  [ConnnectionExpirer:NIOServerCnxnFactory$ConnectionExpirerThread@578] - ConnnectionExpirerThread interrupted
2025-05-14 13:15:52,012 - INFO  [NIOServerCxnFactory.SelectorThread-1:NIOServerCnxnFactory$SelectorThread@411] - selector thread exitted run method
2025-05-14 13:15:52,012 - INFO  [NIOServerCxnFactory.AcceptThread:0.0.0.0/0.0.0.0:2182:NIOServerCnxnFactory$AcceptThread@209] - accept thread exitted run method
2025-05-14 13:15:52,012 - INFO  [NIOServerCxnFactory.SelectorThread-0:NIOServerCnxnFactory$SelectorThread@411] - selector thread exitted run method
2025-05-14 13:15:52,013 - INFO  [QuorumPeerListener:QuorumCnxManager$Listener@979] - Leaving listener
2025-05-14 13:15:52,013 - WARN  [SendWorker:3:QuorumCnxManager$SendWorker@1281] - Interrupted while waiting for message on queue
java.lang.InterruptedException
	at java.util.concurrent.locks.AbstractQueuedSynchronizer$ConditionObject.reportInterruptAfterWait(AbstractQueuedSynchronizer.java:2014)
	at java.util.concurrent.locks.AbstractQueuedSynchronizer$ConditionObject.awaitNanos(AbstractQueuedSynchronizer.java:2088)
	at org.apache.zookeeper.util.CircularBlockingQueue.poll(CircularBlockingQueue.java:105)
	at org.apache.zookeeper.server.quorum.QuorumCnxManager.pollSendQueue(QuorumCnxManager.java:1446)
	at org.apache.zookeeper.server.quorum.QuorumCnxManager.access$900(QuorumCnxManager.java:98)
	at org.apache.zookeeper.server.quorum.QuorumCnxManager$SendWorker.run(QuorumCnxManager.java:1270)
2025-05-14 13:15:52,013 - WARN  [SendWorker:3:QuorumCnxManager$SendWorker@1293] - Send worker leaving thread id 3 my id = 2
2025-05-14 13:15:52,013 - WARN  [RecvWorker:3:QuorumCnxManager$RecvWorker@1395] - Connection broken for id 3, my id = 2
java.net.SocketException: Socket closed
	at java.net.SocketInputStream.socketRead0(Native Method)
	at java.net.SocketInputStream.socketRead(SocketInputStream.java:116)
	at java.net.SocketInputStream.read(SocketInputStream.java:171)
	at java.net.SocketInputStream.read(SocketInputStream.java:141)
	at java.io.BufferedInputStream.fill(BufferedInputStream.java:246)
	at java.io.BufferedInputStream.read(BufferedInputStream.java:265)
	at java.io.DataInputStream.readInt(DataInputStream.java:387)
	at org.apache.zookeeper.server.quorum.QuorumCnxManager$RecvWorker.run(QuorumCnxManager.java:1383)
2025-05-14 13:15:52,013 - INFO  [main:Leader@797] - Shutting down
2025-05-14 13:15:52,013 - INFO  [main:Leader@803] - Shutdown called. For the reason quorum Peer shutdown
2025-05-14 13:15:52,013 - WARN  [RecvWorker:2:QuorumCnxManager$RecvWorker@1395] - Connection broken for id 2, my id = 3
java.io.EOFException
	at java.io.DataInputStream.readInt(DataInputStream.java:392)
	at org.apache.zookeeper.server.quorum.QuorumCnxManager$RecvWorker.run(QuorumCnxManager.java:1383)
2025-05-14 13:15:52,014 - INFO  [main:ZooKeeperServer@794] - shutting down
2025-05-14 13:15:52,014 - INFO  [main:RequestThrottler@244] - Shutting down
2025-05-14 13:15:52,013 - WARN  [RecvWorker:3:QuorumCnxManager$RecvWorker@1401] - Interrupting SendWorker thread from RecvWorker. sid: 3. myId: 2
2025-05-14 13:15:52,014 - INFO  [RequestThrottler:RequestThrottler@205] - Draining request throttler queue
2025-05-14 13:15:52,014 - WARN  [LearnerCnxAcceptorHandler-/127.0.0.1:2889:Leader$LearnerCnxAcceptor$LearnerCnxAcceptorHandler@524] - Exception while shutting down acceptor.
java.net.SocketException: Socket closed
	at java.net.PlainSocketImpl.socketAccept(Native Method)
	at java.net.AbstractPlainSocketImpl.accept(AbstractPlainSocketImpl.java:409)
	at java.net.ServerSocket.implAccept(ServerSocket.java:560)
	at java.net.ServerSocket.accept(ServerSocket.java:528)
	at org.apache.zookeeper.server.quorum.Leader$LearnerCnxAcceptor$LearnerCnxAcceptorHandler.acceptConnections(Leader.java:511)
	at org.apache.zookeeper.server.quorum.Leader$LearnerCnxAcceptor$LearnerCnxAcceptorHandler.run(Leader.java:493)
	at java.util.concurrent.Executors$RunnableAdapter.call(Executors.java:511)
	at java.util.concurrent.FutureTask.run(FutureTask.java:266)
	at java.util.concurrent.ThreadPoolExecutor.runWorker(ThreadPoolExecutor.java:1149)
	at java.util.concurrent.ThreadPoolExecutor$Worker.run(ThreadPoolExecutor.java:624)
	at java.lang.Thread.run(Thread.java:750)
2025-05-14 13:15:52,014 - WARN  [RecvWorker:2:QuorumCnxManager$RecvWorker@1401] - Interrupting SendWorker thread from RecvWorker. sid: 2. myId: 3
2025-05-14 13:15:52,014 - INFO  [RequestThrottler:RequestThrottler@181] - RequestThrottler shutdown. Dropped 0 requests
2025-05-14 13:15:52,014 - WARN  [SendWorker:2:QuorumCnxManager$SendWorker@1281] - Interrupted while waiting for message on queue
java.lang.InterruptedException
	at java.util.concurrent.locks.AbstractQueuedSynchronizer$ConditionObject.reportInterruptAfterWait(AbstractQueuedSynchronizer.java:2014)
	at java.util.concurrent.locks.AbstractQueuedSynchronizer$ConditionObject.awaitNanos(AbstractQueuedSynchronizer.java:2088)
	at org.apache.zookeeper.util.CircularBlockingQueue.poll(CircularBlockingQueue.java:105)
	at org.apache.zookeeper.server.quorum.QuorumCnxManager.pollSendQueue(QuorumCnxManager.java:1446)
	at org.apache.zookeeper.server.quorum.QuorumCnxManager.access$900(QuorumCnxManager.java:98)
	at org.apache.zookeeper.server.quorum.QuorumCnxManager$SendWorker.run(QuorumCnxManager.java:1270)
2025-05-14 13:15:52,014 - INFO  [main:SessionTrackerImpl@247] - Shutting down
2025-05-14 13:15:52,014 - WARN  [SendWorker:2:QuorumCnxManager$SendWorker@1293] - Send worker leaving thread id 2 my id = 3
2025-05-14 13:15:52,015 - INFO  [main:LeaderRequestProcessor@79] - Shutting down
2025-05-14 13:15:52,015 - INFO  [main:PrepRequestProcessor@1048] - Shutting down
2025-05-14 13:15:52,015 - INFO  [main:ProposalRequestProcessor@87] - Shutting down
2025-05-14 13:15:52,015 - INFO  [main:CommitProcessor@617] - Shutting down
2025-05-14 13:15:52,015 - INFO  [ProcessThread(sid:3 cport:-1)::PrepRequestProcessor@160] - PrepRequestProcessor exited loop!
2025-05-14 13:15:52,015 - INFO  [CommitProcessor:3:CommitProcessor@406] - CommitProcessor exited loop!
2025-05-14 13:15:52,015 - INFO  [main:Leader$ToBeAppliedRequestProcessor@1113] - Shutting down
2025-05-14 13:15:52,015 - INFO  [main:FinalRequestProcessor@662] - shutdown of request processor complete
2025-05-14 13:15:52,015 - INFO  [main:SyncRequestProcessor@256] - Shutting down
2025-05-14 13:15:52,015 - INFO  [SyncThread:3:SyncRequestProcessor@225] - SyncRequestProcessor exited!
2025-05-14 13:15:52,016 - INFO  [ConnnectionExpirer:NIOServerCnxnFactory$ConnectionExpirerThread@578] - ConnnectionExpirerThread interrupted
2025-05-14 13:15:52,016 - INFO  [NIOServerCxnFactory.SelectorThread-0:NIOServerCnxnFactory$SelectorThread@411] - selector thread exitted run method
2025-05-14 13:15:52,016 - INFO  [NIOServerCxnFactory.AcceptThread:0.0.0.0/0.0.0.0:2183:NIOServerCnxnFactory$AcceptThread@209] - accept thread exitted run method
2025-05-14 13:15:52,016 - INFO  [NIOServerCxnFactory.SelectorThread-1:NIOServerCnxnFactory$SelectorThread@411] - selector thread exitted run method
2025-05-14 13:15:52,016 - INFO  [QuorumPeerListener:QuorumCnxManager$Listener@979] - Leaving listener
2025-05-14 13:15:52,016 - WARN  [QuorumPeer[myid=3](plain=[0:0:0:0:0:0:0:0]:2183)(secure=disabled):QuorumPeer@1474] - Unexpected exception
java.lang.InterruptedException
	at java.lang.Object.wait(Native Method)
	at org.apache.zookeeper.server.quorum.Leader.lead(Leader.java:735)
	at org.apache.zookeeper.server.quorum.QuorumPeer.run(QuorumPeer.java:1471)
2025-05-14 13:15:52,016 - INFO  [QuorumPeer[myid=3](plain=[0:0:0:0:0:0:0:0]:2183)(secure=disabled):Leader@797] - Shutting down
2025-05-14 13:15:52,016 - INFO  [QuorumPeer[myid=3](plain=[0:0:0:0:0:0:0:0]:2183)(secure=disabled):QuorumPeer@863] - Peer state changed: looking
2025-05-14 13:15:52,016 - WARN  [QuorumPeer[myid=3](plain=[0:0:0:0:0:0:0:0]:2183)(secure=disabled):QuorumPeer@1504] - PeerState set to LOOKING
2025-05-14 13:15:52,016 - WARN  [QuorumPeer[myid=3](plain=[0:0:0:0:0:0:0:0]:2183)(secure=disabled):QuorumPeer@1486] - QuorumPeer main thread exited

Time: 10.409

OK (1 test)

