2025-03-05 16:43:47,914 - INFO  [controller-event-thread:Logging@66] - [ControllerEventThread controllerId=0] Starting
2025-03-05 16:43:47,930 - INFO  [controller-event-thread:Logging@66] - [Controller id=0] 0 successfully elected as the controller. Epoch incremented to 1 and epoch zk version is now 1
2025-03-05 16:43:47,930 - INFO  [controller-event-thread:Logging@66] - [Controller id=0] Registering handlers
2025-03-05 16:43:47,933 - INFO  [controller-event-thread:Logging@66] - [Controller id=0] Deleting log dir event notifications
2025-03-05 16:43:47,936 - INFO  [controller-event-thread:Logging@66] - [Controller id=0] Deleting isr change notifications
2025-03-05 16:43:47,937 - INFO  [controller-event-thread:Logging@66] - [Controller id=0] Initializing controller context
2025-03-05 16:43:47,970 - INFO  [controller-event-thread:Logging@66] - [Controller id=0] Initialized broker epochs cache: HashMap(0 -> 24)
2025-03-05 16:43:47,972 - DEBUG [controller-event-thread:Logging@62] - [Controller id=0] Register BrokerModifications handler for Set(0)
2025-03-05 16:43:47,976 - DEBUG [controller-event-thread:Logging@62] - [Channel manager on controller 0]: Controller 0 trying to connect to broker 0
2025-03-05 16:43:47,980 - INFO  [Controller-0-to-broker-0-send-thread:Logging@66] - [RequestSendThread controllerId=0] Starting
2025-03-05 16:43:47,982 - INFO  [controller-event-thread:Logging@66] - [Controller id=0] Currently active brokers in the cluster: Set(0)
2025-03-05 16:43:47,982 - INFO  [controller-event-thread:Logging@66] - [Controller id=0] Currently shutting brokers in the cluster: HashSet()
2025-03-05 16:43:47,982 - INFO  [controller-event-thread:Logging@66] - [Controller id=0] Current list of topics in the cluster: HashSet()
2025-03-05 16:43:47,982 - INFO  [controller-event-thread:Logging@66] - [Controller id=0] Fetching topic deletions in progress
2025-03-05 16:43:47,984 - INFO  [controller-event-thread:Logging@66] - [Controller id=0] List of topics to be deleted: 
2025-03-05 16:43:47,984 - INFO  [controller-event-thread:Logging@66] - [Controller id=0] List of topics ineligible for deletion: 
2025-03-05 16:43:47,984 - INFO  [controller-event-thread:Logging@66] - [Controller id=0] Initializing topic deletion manager
2025-03-05 16:43:47,984 - INFO  [controller-event-thread:Logging@66] - [Topic Deletion Manager 0] Initializing manager with initial deletions: Set(), initial ineligible deletions: HashSet()
2025-03-05 16:43:47,985 - INFO  [controller-event-thread:Logging@66] - [Controller id=0] Sending update metadata request
2025-03-05 16:43:47,994 - INFO  [controller-event-thread:Logging@66] - [ReplicaStateMachine controllerId=0] Initializing replica state
2025-03-05 16:43:47,994 - INFO  [controller-event-thread:Logging@66] - [ReplicaStateMachine controllerId=0] Triggering online replica state changes
2025-03-05 16:43:47,995 - INFO  [controller-event-thread:Logging@66] - [ReplicaStateMachine controllerId=0] Triggering offline replica state changes
2025-03-05 16:43:47,996 - DEBUG [controller-event-thread:Logging@62] - [ReplicaStateMachine controllerId=0] Started replica state machine with initial state -> HashMap()
2025-03-05 16:43:47,996 - INFO  [controller-event-thread:Logging@66] - [PartitionStateMachine controllerId=0] Initializing partition state
2025-03-05 16:43:47,997 - INFO  [controller-event-thread:Logging@66] - [PartitionStateMachine controllerId=0] Triggering online partition state changes
2025-03-05 16:43:47,998 - DEBUG [controller-event-thread:Logging@62] - [PartitionStateMachine controllerId=0] Started partition state machine with initial state -> HashMap()
2025-03-05 16:43:47,998 - INFO  [controller-event-thread:Logging@66] - [Controller id=0] Ready to serve as the new controller with epoch 1
2025-03-05 16:43:48,001 - INFO  [Controller-0-to-broker-0-send-thread:Logging@66] - [RequestSendThread controllerId=0] Controller 0 connected to localhost:45379 (id: 0 rack: null) for sending state change requests
2025-03-05 16:43:48,002 - INFO  [controller-event-thread:Logging@66] - [Controller id=0] Partitions undergoing preferred replica election: 
2025-03-05 16:43:48,002 - INFO  [controller-event-thread:Logging@66] - [Controller id=0] Partitions that completed preferred replica election: 
2025-03-05 16:43:48,002 - INFO  [controller-event-thread:Logging@66] - [Controller id=0] Skipping preferred replica election for partitions due to topic deletion: 
2025-03-05 16:43:48,003 - INFO  [controller-event-thread:Logging@66] - [Controller id=0] Resuming preferred replica election for partitions: 
2025-03-05 16:43:48,004 - INFO  [controller-event-thread:Logging@66] - [Controller id=0] Starting replica leader election (PREFERRED) for partitions  triggered by ZkTriggered
2025-03-05 16:43:48,013 - INFO  [controller-event-thread:Logging@66] - [Controller id=0] Starting the controller scheduler
2025-03-05 16:43:53,014 - INFO  [controller-event-thread:Logging@66] - [Controller id=0] Processing automatic preferred replica leader election
2025-03-05 16:43:53,015 - TRACE [controller-event-thread:Logging@54] - [Controller id=0] Checking need to trigger auto leader balancing
2025-03-05 16:45:00,433 - INFO  [controller-event-thread:Logging@66] - [ControllerEventThread controllerId=0] Starting
2025-03-05 16:45:00,450 - INFO  [controller-event-thread:Logging@66] - [Controller id=0] 0 successfully elected as the controller. Epoch incremented to 1 and epoch zk version is now 1
2025-03-05 16:45:00,450 - INFO  [controller-event-thread:Logging@66] - [Controller id=0] Registering handlers
2025-03-05 16:45:00,452 - INFO  [controller-event-thread:Logging@66] - [Controller id=0] Deleting log dir event notifications
2025-03-05 16:45:00,455 - INFO  [controller-event-thread:Logging@66] - [Controller id=0] Deleting isr change notifications
2025-03-05 16:45:00,456 - INFO  [controller-event-thread:Logging@66] - [Controller id=0] Initializing controller context
2025-03-05 16:45:00,484 - INFO  [controller-event-thread:Logging@66] - [Controller id=0] Initialized broker epochs cache: HashMap(0 -> 24)
2025-03-05 16:45:00,487 - DEBUG [controller-event-thread:Logging@62] - [Controller id=0] Register BrokerModifications handler for Set(0)
2025-03-05 16:45:00,491 - DEBUG [controller-event-thread:Logging@62] - [Channel manager on controller 0]: Controller 0 trying to connect to broker 0
2025-03-05 16:45:00,496 - INFO  [Controller-0-to-broker-0-send-thread:Logging@66] - [RequestSendThread controllerId=0] Starting
2025-03-05 16:45:00,498 - INFO  [controller-event-thread:Logging@66] - [Controller id=0] Currently active brokers in the cluster: Set(0)
2025-03-05 16:45:00,499 - INFO  [controller-event-thread:Logging@66] - [Controller id=0] Currently shutting brokers in the cluster: HashSet()
2025-03-05 16:45:00,499 - INFO  [controller-event-thread:Logging@66] - [Controller id=0] Current list of topics in the cluster: HashSet()
2025-03-05 16:45:00,499 - INFO  [controller-event-thread:Logging@66] - [Controller id=0] Fetching topic deletions in progress
2025-03-05 16:45:00,500 - INFO  [controller-event-thread:Logging@66] - [Controller id=0] List of topics to be deleted: 
2025-03-05 16:45:00,501 - INFO  [controller-event-thread:Logging@66] - [Controller id=0] List of topics ineligible for deletion: 
2025-03-05 16:45:00,501 - INFO  [controller-event-thread:Logging@66] - [Controller id=0] Initializing topic deletion manager
2025-03-05 16:45:00,501 - INFO  [controller-event-thread:Logging@66] - [Topic Deletion Manager 0] Initializing manager with initial deletions: Set(), initial ineligible deletions: HashSet()
2025-03-05 16:45:00,502 - INFO  [controller-event-thread:Logging@66] - [Controller id=0] Sending update metadata request
2025-03-05 16:45:00,508 - INFO  [controller-event-thread:Logging@66] - [ReplicaStateMachine controllerId=0] Initializing replica state
2025-03-05 16:45:00,508 - INFO  [controller-event-thread:Logging@66] - [ReplicaStateMachine controllerId=0] Triggering online replica state changes
2025-03-05 16:45:00,509 - INFO  [controller-event-thread:Logging@66] - [ReplicaStateMachine controllerId=0] Triggering offline replica state changes
2025-03-05 16:45:00,510 - DEBUG [controller-event-thread:Logging@62] - [ReplicaStateMachine controllerId=0] Started replica state machine with initial state -> HashMap()
2025-03-05 16:45:00,510 - INFO  [controller-event-thread:Logging@66] - [PartitionStateMachine controllerId=0] Initializing partition state
2025-03-05 16:45:00,511 - INFO  [controller-event-thread:Logging@66] - [PartitionStateMachine controllerId=0] Triggering online partition state changes
2025-03-05 16:45:00,513 - INFO  [Controller-0-to-broker-0-send-thread:Logging@66] - [RequestSendThread controllerId=0] Controller 0 connected to localhost:38251 (id: 0 rack: null) for sending state change requests
2025-03-05 16:45:00,513 - DEBUG [controller-event-thread:Logging@62] - [PartitionStateMachine controllerId=0] Started partition state machine with initial state -> HashMap()
2025-03-05 16:45:00,513 - INFO  [controller-event-thread:Logging@66] - [Controller id=0] Ready to serve as the new controller with epoch 1
2025-03-05 16:45:00,517 - INFO  [controller-event-thread:Logging@66] - [Controller id=0] Partitions undergoing preferred replica election: 
2025-03-05 16:45:00,518 - INFO  [controller-event-thread:Logging@66] - [Controller id=0] Partitions that completed preferred replica election: 
2025-03-05 16:45:00,519 - INFO  [controller-event-thread:Logging@66] - [Controller id=0] Skipping preferred replica election for partitions due to topic deletion: 
2025-03-05 16:45:00,519 - INFO  [controller-event-thread:Logging@66] - [Controller id=0] Resuming preferred replica election for partitions: 
2025-03-05 16:45:00,520 - INFO  [controller-event-thread:Logging@66] - [Controller id=0] Starting replica leader election (PREFERRED) for partitions  triggered by ZkTriggered
2025-03-05 16:45:00,528 - INFO  [controller-event-thread:Logging@66] - [Controller id=0] Starting the controller scheduler
2025-03-05 16:45:05,529 - INFO  [controller-event-thread:Logging@66] - [Controller id=0] Processing automatic preferred replica leader election
2025-03-05 16:45:05,530 - TRACE [controller-event-thread:Logging@54] - [Controller id=0] Checking need to trigger auto leader balancing
