Arguments: 
  /home/sebastiaoamaro/phd/torefidevel/rw/Anduril/systems/hdfs-15963/hadoop-yarn-project/hadoop-yarn/hadoop-yarn-applications/hadoop-yarn-applications-catalog/hadoop-yarn-applications-catalog-webapp/target/node/node /home/sebastiaoamaro/phd/torefidevel/rw/Anduril/systems/hdfs-15963/hadoop-yarn-project/hadoop-yarn/hadoop-yarn-applications/hadoop-yarn-applications-catalog/hadoop-yarn-applications-catalog-webapp/target/node/yarn/dist/bin/yarn.js

PATH: 
  /home/sebastiaoamaro/phd/torefidevel/rw/Anduril/systems/hdfs-15963/hadoop-yarn-project/hadoop-yarn/hadoop-yarn-applications/hadoop-yarn-applications-catalog/hadoop-yarn-applications-catalog-webapp/target/node/yarn/dist/bin:/home/sebastiaoamaro/phd/torefidevel/rw/Anduril/systems/hdfs-15963/hadoop-yarn-project/hadoop-yarn/hadoop-yarn-applications/hadoop-yarn-applications-catalog/hadoop-yarn-applications-catalog-webapp/target/node:/home/sebastiaoamaro/.cargo/bin:/usr/local/sbin:/usr/local/bin:/usr/sbin:/usr/bin:/sbin:/bin:/usr/games:/usr/local/games:/snap/bin:/snap/bin:

Yarn version: 
  1.7.0

Node version: 
  8.11.3

Platform: 
  linux x64

Trace: 
  Error: getaddrinfo EAI_AGAIN registry.yarnpkg.com:443
      at Object._errnoException (util.js:992:11)
      at errnoException (dns.js:55:15)
      at GetAddrInfoReqWrap.onlookup [as oncomplete] (dns.js:92:26)

npm manifest: 
  {
      "name": "AppCatalog",
      "private": true,
      "version": "0.0.0",
      "description": "YARN App Catalog",
      "repository": "git://git.apache.org/hadoop.git",
      "license": "Apache 2.0",
      "dependencies": {
          "jquery": "3.3.1",
          "angular-loader": "~1.6.4",
          "angular-mocks": "~1.6.4",
          "angular-route": "~1.6.4",
          "angular": "~1.6.4",
          "bootstrap": "~3.3.7",
          "roboto-fontface": "0.10.0"
      },
      "devDependencies": {
          "requirejs": "^2.1.0",
          "shelljs": "^0.2.6",
          "apidoc": "0.17.7"
      },
      "scripts": {
          "prestart": "npm install & mvn clean package",
          "pretest": "npm install"
      }
  }

yarn manifest: 
  No manifest

Lockfile: 
  No lockfile
