JUnit version 4.12
2025-02-27 22:07:57,782 [myid:] - INFO  [main:JUnit4ZKTestRunner@47] - No test.method specified. using default methods.
2025-02-27 22:07:57,972 [myid:] - INFO  [main:JUnit4ZKTestRunner@47] - No test.method specified. using default methods.
.2025-02-27 22:07:58,066 [myid:] - INFO  [main:ZKTestCase$1@55] - STARTING testQuorum
2025-02-27 22:07:58,083 [myid:] - INFO  [main:JUnit4ZKTestRunner$LoggedInvokeMethod@77] - RUNNING TEST METHOD testQuorum
2025-02-27 22:07:58,137 [myid:] - INFO  [main:PortAssignment@157] - Single test process using ports from 11221 - 32767.
2025-02-27 22:07:58,154 [myid:] - INFO  [main:PortAssignment@85] - Assigned port 11222 from range 11221 - 32767.
2025-02-27 22:07:58,159 [myid:] - INFO  [main:PortAssignment@85] - Assigned port 11223 from range 11221 - 32767.
2025-02-27 22:07:58,164 [myid:] - INFO  [main:PortAssignment@85] - Assigned port 11224 from range 11221 - 32767.
2025-02-27 22:07:58,168 [myid:] - INFO  [main:PortAssignment@85] - Assigned port 11225 from range 11221 - 32767.
2025-02-27 22:07:58,173 [myid:] - INFO  [main:PortAssignment@85] - Assigned port 11226 from range 11221 - 32767.
2025-02-27 22:07:58,177 [myid:] - INFO  [main:PortAssignment@85] - Assigned port 11227 from range 11221 - 32767.
2025-02-27 22:07:58,339 [myid:] - INFO  [main:QuorumPeerTestBase$MainThread@131] - id = 1 tmpDir = /vagrant/rw/Anduril/ground_truth/zookeeper-2247/build/test14307045881650049647.junit.dir clientPort = 11222 adminServerPort = 8080
2025-02-27 22:07:58,353 [myid:] - INFO  [main:QuorumPeerTestBase$MainThread@131] - id = 2 tmpDir = /vagrant/rw/Anduril/ground_truth/zookeeper-2247/build/test17441342361996586454.junit.dir clientPort = 11223 adminServerPort = 8080
2025-02-27 22:07:58,390 [myid:] - INFO  [main:FourLetterWordMain@85] - connecting to 127.0.0.1 11222
2025-02-27 22:07:58,407 [myid:] - INFO  [main:ClientBase@248] - server 127.0.0.1:11222 not up
java.net.ConnectException: Connection refused (Connection refused)
	at java.base/java.net.PlainSocketImpl.socketConnect(Native Method)
	at java.base/java.net.AbstractPlainSocketImpl.doConnect(AbstractPlainSocketImpl.java:412)
	at java.base/java.net.AbstractPlainSocketImpl.connectToAddress(AbstractPlainSocketImpl.java:255)
	at java.base/java.net.AbstractPlainSocketImpl.connect(AbstractPlainSocketImpl.java:237)
	at java.base/java.net.SocksSocketImpl.connect(SocksSocketImpl.java:392)
	at java.base/java.net.Socket.connect(Socket.java:609)
	at org.apache.zookeeper.client.FourLetterWordMain.send4LetterWord(FourLetterWordMain.java:99)
	at org.apache.zookeeper.client.FourLetterWordMain.send4LetterWord(FourLetterWordMain.java:69)
	at org.apache.zookeeper.test.ClientBase.waitForServerUp(ClientBase.java:241)
	at org.apache.zookeeper.test.ClientBase.waitForServerUp(ClientBase.java:232)
	at org.apache.zookeeper.server.quorum.QuorumPeerMainTest.testQuorum(QuorumPeerMainTest.java:95)
	at java.base/jdk.internal.reflect.NativeMethodAccessorImpl.invoke0(Native Method)
	at java.base/jdk.internal.reflect.NativeMethodAccessorImpl.invoke(NativeMethodAccessorImpl.java:62)
	at java.base/jdk.internal.reflect.DelegatingMethodAccessorImpl.invoke(DelegatingMethodAccessorImpl.java:43)
	at java.base/java.lang.reflect.Method.invoke(Method.java:566)
	at org.junit.runners.model.FrameworkMethod$1.runReflectiveCall(FrameworkMethod.java:50)
	at org.junit.internal.runners.model.ReflectiveCallable.run(ReflectiveCallable.java:12)
	at org.junit.runners.model.FrameworkMethod.invokeExplosively(FrameworkMethod.java:47)
	at org.junit.internal.runners.statements.InvokeMethod.evaluate(InvokeMethod.java:17)
	at org.apache.zookeeper.JUnit4ZKTestRunner$LoggedInvokeMethod.evaluate(JUnit4ZKTestRunner.java:79)
	at org.junit.internal.runners.statements.RunAfters.evaluate(RunAfters.java:27)
	at org.junit.rules.TestWatchman$1.evaluate(TestWatchman.java:53)
	at org.junit.runners.ParentRunner.runLeaf(ParentRunner.java:325)
	at org.junit.runners.BlockJUnit4ClassRunner.runChild(BlockJUnit4ClassRunner.java:78)
	at org.junit.runners.BlockJUnit4ClassRunner.runChild(BlockJUnit4ClassRunner.java:57)
	at org.junit.runners.ParentRunner$3.run(ParentRunner.java:290)
	at org.junit.runners.ParentRunner$1.schedule(ParentRunner.java:71)
	at org.junit.runners.ParentRunner.runChildren(ParentRunner.java:288)
	at org.junit.runners.ParentRunner.access$000(ParentRunner.java:58)
	at org.junit.runners.ParentRunner$2.evaluate(ParentRunner.java:268)
	at org.junit.runners.ParentRunner.run(ParentRunner.java:363)
	at org.junit.runners.Suite.runChild(Suite.java:128)
	at org.junit.runners.Suite.runChild(Suite.java:27)
	at org.junit.runners.ParentRunner$3.run(ParentRunner.java:290)
	at org.junit.runners.ParentRunner$1.schedule(ParentRunner.java:71)
	at org.junit.runners.ParentRunner.runChildren(ParentRunner.java:288)
	at org.junit.runners.ParentRunner.access$000(ParentRunner.java:58)
	at org.junit.runners.ParentRunner$2.evaluate(ParentRunner.java:268)
	at org.junit.runners.ParentRunner.run(ParentRunner.java:363)
	at org.junit.runner.JUnitCore.run(JUnitCore.java:137)
	at org.junit.runner.JUnitCore.run(JUnitCore.java:115)
	at org.junit.runner.JUnitCore.runMain(JUnitCore.java:77)
	at org.junit.runner.JUnitCore.main(JUnitCore.java:36)
2025-02-27 22:07:58,414 [myid:] - INFO  [Thread-1:QuorumPeerConfig@116] - Reading configuration from: /vagrant/rw/Anduril/ground_truth/zookeeper-2247/build/test17441342361996586454.junit.dir/zoo.cfg
2025-02-27 22:07:58,414 [myid:] - INFO  [Thread-0:QuorumPeerConfig@116] - Reading configuration from: /vagrant/rw/Anduril/ground_truth/zookeeper-2247/build/test14307045881650049647.junit.dir/zoo.cfg
2025-02-27 22:07:58,532 [myid:] - INFO  [Thread-1:QuorumPeerConfig@318] - clientPortAddress is 0.0.0.0/0.0.0.0:11223
2025-02-27 22:07:58,534 [myid:] - INFO  [Thread-1:QuorumPeerConfig@322] - secureClientPort is not set
2025-02-27 22:07:58,532 [myid:] - INFO  [Thread-0:QuorumPeerConfig@318] - clientPortAddress is 0.0.0.0/0.0.0.0:11222
2025-02-27 22:07:58,537 [myid:] - INFO  [Thread-0:QuorumPeerConfig@322] - secureClientPort is not set
2025-02-27 22:07:58,562 [myid:] - WARN  [Thread-0:QuorumPeerConfig@581] - No server failure will be tolerated. You need at least 3 servers.
2025-02-27 22:07:58,562 [myid:] - WARN  [Thread-1:QuorumPeerConfig@581] - No server failure will be tolerated. You need at least 3 servers.
2025-02-27 22:07:58,633 [myid:1] - INFO  [Thread-0:DatadirCleanupManager@78] - autopurge.snapRetainCount set to 3
2025-02-27 22:07:58,633 [myid:2] - INFO  [Thread-1:DatadirCleanupManager@78] - autopurge.snapRetainCount set to 3
2025-02-27 22:07:58,637 [myid:2] - INFO  [Thread-1:DatadirCleanupManager@79] - autopurge.purgeInterval set to 0
2025-02-27 22:07:58,639 [myid:2] - INFO  [Thread-1:DatadirCleanupManager@101] - Purge task is not scheduled.
2025-02-27 22:07:58,635 [myid:1] - INFO  [Thread-0:DatadirCleanupManager@79] - autopurge.purgeInterval set to 0
2025-02-27 22:07:58,642 [myid:1] - INFO  [Thread-0:DatadirCleanupManager@101] - Purge task is not scheduled.
2025-02-27 22:07:58,645 [myid:2] - INFO  [Thread-1:ManagedUtil@46] - Log4j found with jmx enabled.
2025-02-27 22:07:58,645 [myid:1] - INFO  [Thread-0:ManagedUtil@46] - Log4j found with jmx enabled.
2025-02-27 22:07:58,720 [myid:] - INFO  [main:FourLetterWordMain@85] - connecting to 127.0.0.1 11222
2025-02-27 22:07:58,731 [myid:] - INFO  [main:ClientBase@248] - server 127.0.0.1:11222 not up
java.net.ConnectException: Connection refused (Connection refused)
	at java.base/java.net.PlainSocketImpl.socketConnect(Native Method)
	at java.base/java.net.AbstractPlainSocketImpl.doConnect(AbstractPlainSocketImpl.java:412)
	at java.base/java.net.AbstractPlainSocketImpl.connectToAddress(AbstractPlainSocketImpl.java:255)
	at java.base/java.net.AbstractPlainSocketImpl.connect(AbstractPlainSocketImpl.java:237)
	at java.base/java.net.SocksSocketImpl.connect(SocksSocketImpl.java:392)
	at java.base/java.net.Socket.connect(Socket.java:609)
	at org.apache.zookeeper.client.FourLetterWordMain.send4LetterWord(FourLetterWordMain.java:99)
	at org.apache.zookeeper.client.FourLetterWordMain.send4LetterWord(FourLetterWordMain.java:69)
	at org.apache.zookeeper.test.ClientBase.waitForServerUp(ClientBase.java:241)
	at org.apache.zookeeper.test.ClientBase.waitForServerUp(ClientBase.java:232)
	at org.apache.zookeeper.server.quorum.QuorumPeerMainTest.testQuorum(QuorumPeerMainTest.java:95)
	at java.base/jdk.internal.reflect.NativeMethodAccessorImpl.invoke0(Native Method)
	at java.base/jdk.internal.reflect.NativeMethodAccessorImpl.invoke(NativeMethodAccessorImpl.java:62)
	at java.base/jdk.internal.reflect.DelegatingMethodAccessorImpl.invoke(DelegatingMethodAccessorImpl.java:43)
	at java.base/java.lang.reflect.Method.invoke(Method.java:566)
	at org.junit.runners.model.FrameworkMethod$1.runReflectiveCall(FrameworkMethod.java:50)
	at org.junit.internal.runners.model.ReflectiveCallable.run(ReflectiveCallable.java:12)
	at org.junit.runners.model.FrameworkMethod.invokeExplosively(FrameworkMethod.java:47)
	at org.junit.internal.runners.statements.InvokeMethod.evaluate(InvokeMethod.java:17)
	at org.apache.zookeeper.JUnit4ZKTestRunner$LoggedInvokeMethod.evaluate(JUnit4ZKTestRunner.java:79)
	at org.junit.internal.runners.statements.RunAfters.evaluate(RunAfters.java:27)
	at org.junit.rules.TestWatchman$1.evaluate(TestWatchman.java:53)
	at org.junit.runners.ParentRunner.runLeaf(ParentRunner.java:325)
	at org.junit.runners.BlockJUnit4ClassRunner.runChild(BlockJUnit4ClassRunner.java:78)
	at org.junit.runners.BlockJUnit4ClassRunner.runChild(BlockJUnit4ClassRunner.java:57)
	at org.junit.runners.ParentRunner$3.run(ParentRunner.java:290)
	at org.junit.runners.ParentRunner$1.schedule(ParentRunner.java:71)
	at org.junit.runners.ParentRunner.runChildren(ParentRunner.java:288)
	at org.junit.runners.ParentRunner.access$000(ParentRunner.java:58)
	at org.junit.runners.ParentRunner$2.evaluate(ParentRunner.java:268)
	at org.junit.runners.ParentRunner.run(ParentRunner.java:363)
	at org.junit.runners.Suite.runChild(Suite.java:128)
	at org.junit.runners.Suite.runChild(Suite.java:27)
	at org.junit.runners.ParentRunner$3.run(ParentRunner.java:290)
	at org.junit.runners.ParentRunner$1.schedule(ParentRunner.java:71)
	at org.junit.runners.ParentRunner.runChildren(ParentRunner.java:288)
	at org.junit.runners.ParentRunner.access$000(ParentRunner.java:58)
	at org.junit.runners.ParentRunner$2.evaluate(ParentRunner.java:268)
	at org.junit.runners.ParentRunner.run(ParentRunner.java:363)
	at org.junit.runner.JUnitCore.run(JUnitCore.java:137)
	at org.junit.runner.JUnitCore.run(JUnitCore.java:115)
	at org.junit.runner.JUnitCore.runMain(JUnitCore.java:77)
	at org.junit.runner.JUnitCore.main(JUnitCore.java:36)
2025-02-27 22:07:59,056 [myid:] - INFO  [main:FourLetterWordMain@85] - connecting to 127.0.0.1 11222
2025-02-27 22:07:59,063 [myid:] - INFO  [main:ClientBase@248] - server 127.0.0.1:11222 not up
java.net.ConnectException: Connection refused (Connection refused)
	at java.base/java.net.PlainSocketImpl.socketConnect(Native Method)
	at java.base/java.net.AbstractPlainSocketImpl.doConnect(AbstractPlainSocketImpl.java:412)
	at java.base/java.net.AbstractPlainSocketImpl.connectToAddress(AbstractPlainSocketImpl.java:255)
	at java.base/java.net.AbstractPlainSocketImpl.connect(AbstractPlainSocketImpl.java:237)
	at java.base/java.net.SocksSocketImpl.connect(SocksSocketImpl.java:392)
	at java.base/java.net.Socket.connect(Socket.java:609)
	at org.apache.zookeeper.client.FourLetterWordMain.send4LetterWord(FourLetterWordMain.java:99)
	at org.apache.zookeeper.client.FourLetterWordMain.send4LetterWord(FourLetterWordMain.java:69)
	at org.apache.zookeeper.test.ClientBase.waitForServerUp(ClientBase.java:241)
	at org.apache.zookeeper.test.ClientBase.waitForServerUp(ClientBase.java:232)
	at org.apache.zookeeper.server.quorum.QuorumPeerMainTest.testQuorum(QuorumPeerMainTest.java:95)
	at java.base/jdk.internal.reflect.NativeMethodAccessorImpl.invoke0(Native Method)
	at java.base/jdk.internal.reflect.NativeMethodAccessorImpl.invoke(NativeMethodAccessorImpl.java:62)
	at java.base/jdk.internal.reflect.DelegatingMethodAccessorImpl.invoke(DelegatingMethodAccessorImpl.java:43)
	at java.base/java.lang.reflect.Method.invoke(Method.java:566)
	at org.junit.runners.model.FrameworkMethod$1.runReflectiveCall(FrameworkMethod.java:50)
	at org.junit.internal.runners.model.ReflectiveCallable.run(ReflectiveCallable.java:12)
	at org.junit.runners.model.FrameworkMethod.invokeExplosively(FrameworkMethod.java:47)
	at org.junit.internal.runners.statements.InvokeMethod.evaluate(InvokeMethod.java:17)
	at org.apache.zookeeper.JUnit4ZKTestRunner$LoggedInvokeMethod.evaluate(JUnit4ZKTestRunner.java:79)
	at org.junit.internal.runners.statements.RunAfters.evaluate(RunAfters.java:27)
	at org.junit.rules.TestWatchman$1.evaluate(TestWatchman.java:53)
	at org.junit.runners.ParentRunner.runLeaf(ParentRunner.java:325)
	at org.junit.runners.BlockJUnit4ClassRunner.runChild(BlockJUnit4ClassRunner.java:78)
	at org.junit.runners.BlockJUnit4ClassRunner.runChild(BlockJUnit4ClassRunner.java:57)
	at org.junit.runners.ParentRunner$3.run(ParentRunner.java:290)
	at org.junit.runners.ParentRunner$1.schedule(ParentRunner.java:71)
	at org.junit.runners.ParentRunner.runChildren(ParentRunner.java:288)
	at org.junit.runners.ParentRunner.access$000(ParentRunner.java:58)
	at org.junit.runners.ParentRunner$2.evaluate(ParentRunner.java:268)
	at org.junit.runners.ParentRunner.run(ParentRunner.java:363)
	at org.junit.runners.Suite.runChild(Suite.java:128)
	at org.junit.runners.Suite.runChild(Suite.java:27)
	at org.junit.runners.ParentRunner$3.run(ParentRunner.java:290)
	at org.junit.runners.ParentRunner$1.schedule(ParentRunner.java:71)
	at org.junit.runners.ParentRunner.runChildren(ParentRunner.java:288)
	at org.junit.runners.ParentRunner.access$000(ParentRunner.java:58)
	at org.junit.runners.ParentRunner$2.evaluate(ParentRunner.java:268)
	at org.junit.runners.ParentRunner.run(ParentRunner.java:363)
	at org.junit.runner.JUnitCore.run(JUnitCore.java:137)
	at org.junit.runner.JUnitCore.run(JUnitCore.java:115)
	at org.junit.runner.JUnitCore.runMain(JUnitCore.java:77)
	at org.junit.runner.JUnitCore.main(JUnitCore.java:36)
2025-02-27 22:07:59,369 [myid:] - INFO  [main:FourLetterWordMain@85] - connecting to 127.0.0.1 11222
2025-02-27 22:07:59,375 [myid:] - INFO  [main:ClientBase@248] - server 127.0.0.1:11222 not up
java.net.ConnectException: Connection refused (Connection refused)
	at java.base/java.net.PlainSocketImpl.socketConnect(Native Method)
	at java.base/java.net.AbstractPlainSocketImpl.doConnect(AbstractPlainSocketImpl.java:412)
	at java.base/java.net.AbstractPlainSocketImpl.connectToAddress(AbstractPlainSocketImpl.java:255)
	at java.base/java.net.AbstractPlainSocketImpl.connect(AbstractPlainSocketImpl.java:237)
	at java.base/java.net.SocksSocketImpl.connect(SocksSocketImpl.java:392)
	at java.base/java.net.Socket.connect(Socket.java:609)
	at org.apache.zookeeper.client.FourLetterWordMain.send4LetterWord(FourLetterWordMain.java:99)
	at org.apache.zookeeper.client.FourLetterWordMain.send4LetterWord(FourLetterWordMain.java:69)
	at org.apache.zookeeper.test.ClientBase.waitForServerUp(ClientBase.java:241)
	at org.apache.zookeeper.test.ClientBase.waitForServerUp(ClientBase.java:232)
	at org.apache.zookeeper.server.quorum.QuorumPeerMainTest.testQuorum(QuorumPeerMainTest.java:95)
	at java.base/jdk.internal.reflect.NativeMethodAccessorImpl.invoke0(Native Method)
	at java.base/jdk.internal.reflect.NativeMethodAccessorImpl.invoke(NativeMethodAccessorImpl.java:62)
	at java.base/jdk.internal.reflect.DelegatingMethodAccessorImpl.invoke(DelegatingMethodAccessorImpl.java:43)
	at java.base/java.lang.reflect.Method.invoke(Method.java:566)
	at org.junit.runners.model.FrameworkMethod$1.runReflectiveCall(FrameworkMethod.java:50)
	at org.junit.internal.runners.model.ReflectiveCallable.run(ReflectiveCallable.java:12)
	at org.junit.runners.model.FrameworkMethod.invokeExplosively(FrameworkMethod.java:47)
	at org.junit.internal.runners.statements.InvokeMethod.evaluate(InvokeMethod.java:17)
	at org.apache.zookeeper.JUnit4ZKTestRunner$LoggedInvokeMethod.evaluate(JUnit4ZKTestRunner.java:79)
	at org.junit.internal.runners.statements.RunAfters.evaluate(RunAfters.java:27)
	at org.junit.rules.TestWatchman$1.evaluate(TestWatchman.java:53)
	at org.junit.runners.ParentRunner.runLeaf(ParentRunner.java:325)
	at org.junit.runners.BlockJUnit4ClassRunner.runChild(BlockJUnit4ClassRunner.java:78)
	at org.junit.runners.BlockJUnit4ClassRunner.runChild(BlockJUnit4ClassRunner.java:57)
	at org.junit.runners.ParentRunner$3.run(ParentRunner.java:290)
	at org.junit.runners.ParentRunner$1.schedule(ParentRunner.java:71)
	at org.junit.runners.ParentRunner.runChildren(ParentRunner.java:288)
	at org.junit.runners.ParentRunner.access$000(ParentRunner.java:58)
	at org.junit.runners.ParentRunner$2.evaluate(ParentRunner.java:268)
	at org.junit.runners.ParentRunner.run(ParentRunner.java:363)
	at org.junit.runners.Suite.runChild(Suite.java:128)
	at org.junit.runners.Suite.runChild(Suite.java:27)
	at org.junit.runners.ParentRunner$3.run(ParentRunner.java:290)
	at org.junit.runners.ParentRunner$1.schedule(ParentRunner.java:71)
	at org.junit.runners.ParentRunner.runChildren(ParentRunner.java:288)
	at org.junit.runners.ParentRunner.access$000(ParentRunner.java:58)
	at org.junit.runners.ParentRunner$2.evaluate(ParentRunner.java:268)
	at org.junit.runners.ParentRunner.run(ParentRunner.java:363)
	at org.junit.runner.JUnitCore.run(JUnitCore.java:137)
	at org.junit.runner.JUnitCore.run(JUnitCore.java:115)
	at org.junit.runner.JUnitCore.runMain(JUnitCore.java:77)
	at org.junit.runner.JUnitCore.main(JUnitCore.java:36)
2025-02-27 22:07:59,682 [myid:] - INFO  [main:FourLetterWordMain@85] - connecting to 127.0.0.1 11222
2025-02-27 22:07:59,688 [myid:] - INFO  [main:ClientBase@248] - server 127.0.0.1:11222 not up
java.net.ConnectException: Connection refused (Connection refused)
	at java.base/java.net.PlainSocketImpl.socketConnect(Native Method)
	at java.base/java.net.AbstractPlainSocketImpl.doConnect(AbstractPlainSocketImpl.java:412)
	at java.base/java.net.AbstractPlainSocketImpl.connectToAddress(AbstractPlainSocketImpl.java:255)
	at java.base/java.net.AbstractPlainSocketImpl.connect(AbstractPlainSocketImpl.java:237)
	at java.base/java.net.SocksSocketImpl.connect(SocksSocketImpl.java:392)
	at java.base/java.net.Socket.connect(Socket.java:609)
	at org.apache.zookeeper.client.FourLetterWordMain.send4LetterWord(FourLetterWordMain.java:99)
	at org.apache.zookeeper.client.FourLetterWordMain.send4LetterWord(FourLetterWordMain.java:69)
	at org.apache.zookeeper.test.ClientBase.waitForServerUp(ClientBase.java:241)
	at org.apache.zookeeper.test.ClientBase.waitForServerUp(ClientBase.java:232)
	at org.apache.zookeeper.server.quorum.QuorumPeerMainTest.testQuorum(QuorumPeerMainTest.java:95)
	at java.base/jdk.internal.reflect.NativeMethodAccessorImpl.invoke0(Native Method)
	at java.base/jdk.internal.reflect.NativeMethodAccessorImpl.invoke(NativeMethodAccessorImpl.java:62)
	at java.base/jdk.internal.reflect.DelegatingMethodAccessorImpl.invoke(DelegatingMethodAccessorImpl.java:43)
	at java.base/java.lang.reflect.Method.invoke(Method.java:566)
	at org.junit.runners.model.FrameworkMethod$1.runReflectiveCall(FrameworkMethod.java:50)
	at org.junit.internal.runners.model.ReflectiveCallable.run(ReflectiveCallable.java:12)
	at org.junit.runners.model.FrameworkMethod.invokeExplosively(FrameworkMethod.java:47)
	at org.junit.internal.runners.statements.InvokeMethod.evaluate(InvokeMethod.java:17)
	at org.apache.zookeeper.JUnit4ZKTestRunner$LoggedInvokeMethod.evaluate(JUnit4ZKTestRunner.java:79)
	at org.junit.internal.runners.statements.RunAfters.evaluate(RunAfters.java:27)
	at org.junit.rules.TestWatchman$1.evaluate(TestWatchman.java:53)
	at org.junit.runners.ParentRunner.runLeaf(ParentRunner.java:325)
	at org.junit.runners.BlockJUnit4ClassRunner.runChild(BlockJUnit4ClassRunner.java:78)
	at org.junit.runners.BlockJUnit4ClassRunner.runChild(BlockJUnit4ClassRunner.java:57)
	at org.junit.runners.ParentRunner$3.run(ParentRunner.java:290)
	at org.junit.runners.ParentRunner$1.schedule(ParentRunner.java:71)
	at org.junit.runners.ParentRunner.runChildren(ParentRunner.java:288)
	at org.junit.runners.ParentRunner.access$000(ParentRunner.java:58)
	at org.junit.runners.ParentRunner$2.evaluate(ParentRunner.java:268)
	at org.junit.runners.ParentRunner.run(ParentRunner.java:363)
	at org.junit.runners.Suite.runChild(Suite.java:128)
	at org.junit.runners.Suite.runChild(Suite.java:27)
	at org.junit.runners.ParentRunner$3.run(ParentRunner.java:290)
	at org.junit.runners.ParentRunner$1.schedule(ParentRunner.java:71)
	at org.junit.runners.ParentRunner.runChildren(ParentRunner.java:288)
	at org.junit.runners.ParentRunner.access$000(ParentRunner.java:58)
	at org.junit.runners.ParentRunner$2.evaluate(ParentRunner.java:268)
	at org.junit.runners.ParentRunner.run(ParentRunner.java:363)
	at org.junit.runner.JUnitCore.run(JUnitCore.java:137)
	at org.junit.runner.JUnitCore.run(JUnitCore.java:115)
	at org.junit.runner.JUnitCore.runMain(JUnitCore.java:77)
	at org.junit.runner.JUnitCore.main(JUnitCore.java:36)
2025-02-27 22:07:59,999 [myid:] - INFO  [main:FourLetterWordMain@85] - connecting to 127.0.0.1 11222
2025-02-27 22:08:00,005 [myid:] - INFO  [main:ClientBase@248] - server 127.0.0.1:11222 not up
java.net.ConnectException: Connection refused (Connection refused)
	at java.base/java.net.PlainSocketImpl.socketConnect(Native Method)
	at java.base/java.net.AbstractPlainSocketImpl.doConnect(AbstractPlainSocketImpl.java:412)
	at java.base/java.net.AbstractPlainSocketImpl.connectToAddress(AbstractPlainSocketImpl.java:255)
	at java.base/java.net.AbstractPlainSocketImpl.connect(AbstractPlainSocketImpl.java:237)
	at java.base/java.net.SocksSocketImpl.connect(SocksSocketImpl.java:392)
	at java.base/java.net.Socket.connect(Socket.java:609)
	at org.apache.zookeeper.client.FourLetterWordMain.send4LetterWord(FourLetterWordMain.java:99)
	at org.apache.zookeeper.client.FourLetterWordMain.send4LetterWord(FourLetterWordMain.java:69)
	at org.apache.zookeeper.test.ClientBase.waitForServerUp(ClientBase.java:241)
	at org.apache.zookeeper.test.ClientBase.waitForServerUp(ClientBase.java:232)
	at org.apache.zookeeper.server.quorum.QuorumPeerMainTest.testQuorum(QuorumPeerMainTest.java:95)
	at java.base/jdk.internal.reflect.NativeMethodAccessorImpl.invoke0(Native Method)
	at java.base/jdk.internal.reflect.NativeMethodAccessorImpl.invoke(NativeMethodAccessorImpl.java:62)
	at java.base/jdk.internal.reflect.DelegatingMethodAccessorImpl.invoke(DelegatingMethodAccessorImpl.java:43)
	at java.base/java.lang.reflect.Method.invoke(Method.java:566)
	at org.junit.runners.model.FrameworkMethod$1.runReflectiveCall(FrameworkMethod.java:50)
	at org.junit.internal.runners.model.ReflectiveCallable.run(ReflectiveCallable.java:12)
	at org.junit.runners.model.FrameworkMethod.invokeExplosively(FrameworkMethod.java:47)
	at org.junit.internal.runners.statements.InvokeMethod.evaluate(InvokeMethod.java:17)
	at org.apache.zookeeper.JUnit4ZKTestRunner$LoggedInvokeMethod.evaluate(JUnit4ZKTestRunner.java:79)
	at org.junit.internal.runners.statements.RunAfters.evaluate(RunAfters.java:27)
	at org.junit.rules.TestWatchman$1.evaluate(TestWatchman.java:53)
	at org.junit.runners.ParentRunner.runLeaf(ParentRunner.java:325)
	at org.junit.runners.BlockJUnit4ClassRunner.runChild(BlockJUnit4ClassRunner.java:78)
	at org.junit.runners.BlockJUnit4ClassRunner.runChild(BlockJUnit4ClassRunner.java:57)
	at org.junit.runners.ParentRunner$3.run(ParentRunner.java:290)
	at org.junit.runners.ParentRunner$1.schedule(ParentRunner.java:71)
	at org.junit.runners.ParentRunner.runChildren(ParentRunner.java:288)
	at org.junit.runners.ParentRunner.access$000(ParentRunner.java:58)
	at org.junit.runners.ParentRunner$2.evaluate(ParentRunner.java:268)
	at org.junit.runners.ParentRunner.run(ParentRunner.java:363)
	at org.junit.runners.Suite.runChild(Suite.java:128)
	at org.junit.runners.Suite.runChild(Suite.java:27)
	at org.junit.runners.ParentRunner$3.run(ParentRunner.java:290)
	at org.junit.runners.ParentRunner$1.schedule(ParentRunner.java:71)
	at org.junit.runners.ParentRunner.runChildren(ParentRunner.java:288)
	at org.junit.runners.ParentRunner.access$000(ParentRunner.java:58)
	at org.junit.runners.ParentRunner$2.evaluate(ParentRunner.java:268)
	at org.junit.runners.ParentRunner.run(ParentRunner.java:363)
	at org.junit.runner.JUnitCore.run(JUnitCore.java:137)
	at org.junit.runner.JUnitCore.run(JUnitCore.java:115)
	at org.junit.runner.JUnitCore.runMain(JUnitCore.java:77)
	at org.junit.runner.JUnitCore.main(JUnitCore.java:36)
2025-02-27 22:08:00,318 [myid:] - INFO  [main:FourLetterWordMain@85] - connecting to 127.0.0.1 11222
2025-02-27 22:08:00,330 [myid:] - INFO  [main:ClientBase@248] - server 127.0.0.1:11222 not up
java.net.ConnectException: Connection refused (Connection refused)
	at java.base/java.net.PlainSocketImpl.socketConnect(Native Method)
	at java.base/java.net.AbstractPlainSocketImpl.doConnect(AbstractPlainSocketImpl.java:412)
	at java.base/java.net.AbstractPlainSocketImpl.connectToAddress(AbstractPlainSocketImpl.java:255)
	at java.base/java.net.AbstractPlainSocketImpl.connect(AbstractPlainSocketImpl.java:237)
	at java.base/java.net.SocksSocketImpl.connect(SocksSocketImpl.java:392)
	at java.base/java.net.Socket.connect(Socket.java:609)
	at org.apache.zookeeper.client.FourLetterWordMain.send4LetterWord(FourLetterWordMain.java:99)
	at org.apache.zookeeper.client.FourLetterWordMain.send4LetterWord(FourLetterWordMain.java:69)
	at org.apache.zookeeper.test.ClientBase.waitForServerUp(ClientBase.java:241)
	at org.apache.zookeeper.test.ClientBase.waitForServerUp(ClientBase.java:232)
	at org.apache.zookeeper.server.quorum.QuorumPeerMainTest.testQuorum(QuorumPeerMainTest.java:95)
	at java.base/jdk.internal.reflect.NativeMethodAccessorImpl.invoke0(Native Method)
	at java.base/jdk.internal.reflect.NativeMethodAccessorImpl.invoke(NativeMethodAccessorImpl.java:62)
	at java.base/jdk.internal.reflect.DelegatingMethodAccessorImpl.invoke(DelegatingMethodAccessorImpl.java:43)
	at java.base/java.lang.reflect.Method.invoke(Method.java:566)
	at org.junit.runners.model.FrameworkMethod$1.runReflectiveCall(FrameworkMethod.java:50)
	at org.junit.internal.runners.model.ReflectiveCallable.run(ReflectiveCallable.java:12)
	at org.junit.runners.model.FrameworkMethod.invokeExplosively(FrameworkMethod.java:47)
	at org.junit.internal.runners.statements.InvokeMethod.evaluate(InvokeMethod.java:17)
	at org.apache.zookeeper.JUnit4ZKTestRunner$LoggedInvokeMethod.evaluate(JUnit4ZKTestRunner.java:79)
	at org.junit.internal.runners.statements.RunAfters.evaluate(RunAfters.java:27)
	at org.junit.rules.TestWatchman$1.evaluate(TestWatchman.java:53)
	at org.junit.runners.ParentRunner.runLeaf(ParentRunner.java:325)
	at org.junit.runners.BlockJUnit4ClassRunner.runChild(BlockJUnit4ClassRunner.java:78)
	at org.junit.runners.BlockJUnit4ClassRunner.runChild(BlockJUnit4ClassRunner.java:57)
	at org.junit.runners.ParentRunner$3.run(ParentRunner.java:290)
	at org.junit.runners.ParentRunner$1.schedule(ParentRunner.java:71)
	at org.junit.runners.ParentRunner.runChildren(ParentRunner.java:288)
	at org.junit.runners.ParentRunner.access$000(ParentRunner.java:58)
	at org.junit.runners.ParentRunner$2.evaluate(ParentRunner.java:268)
	at org.junit.runners.ParentRunner.run(ParentRunner.java:363)
	at org.junit.runners.Suite.runChild(Suite.java:128)
	at org.junit.runners.Suite.runChild(Suite.java:27)
	at org.junit.runners.ParentRunner$3.run(ParentRunner.java:290)
	at org.junit.runners.ParentRunner$1.schedule(ParentRunner.java:71)
	at org.junit.runners.ParentRunner.runChildren(ParentRunner.java:288)
	at org.junit.runners.ParentRunner.access$000(ParentRunner.java:58)
	at org.junit.runners.ParentRunner$2.evaluate(ParentRunner.java:268)
	at org.junit.runners.ParentRunner.run(ParentRunner.java:363)
	at org.junit.runner.JUnitCore.run(JUnitCore.java:137)
	at org.junit.runner.JUnitCore.run(JUnitCore.java:115)
	at org.junit.runner.JUnitCore.runMain(JUnitCore.java:77)
	at org.junit.runner.JUnitCore.main(JUnitCore.java:36)
2025-02-27 22:08:00,434 [myid:2] - ERROR [Thread-1:ManagedUtil@114] - Problems while registering log4j jmx beans!
javax.management.InstanceAlreadyExistsException: log4j:hiearchy=default
	at java.management/com.sun.jmx.mbeanserver.Repository.addMBean(Repository.java:436)
	at java.management/com.sun.jmx.interceptor.DefaultMBeanServerInterceptor.registerWithRepository(DefaultMBeanServerInterceptor.java:1855)
	at java.management/com.sun.jmx.interceptor.DefaultMBeanServerInterceptor.registerDynamicMBean(DefaultMBeanServerInterceptor.java:955)
	at java.management/com.sun.jmx.interceptor.DefaultMBeanServerInterceptor.registerObject(DefaultMBeanServerInterceptor.java:890)
	at java.management/com.sun.jmx.interceptor.DefaultMBeanServerInterceptor.registerMBean(DefaultMBeanServerInterceptor.java:320)
	at java.management/com.sun.jmx.mbeanserver.JmxMBeanServer.registerMBean(JmxMBeanServer.java:522)
	at org.apache.zookeeper.jmx.ManagedUtil.registerLog4jMBeans(ManagedUtil.java:75)
	at org.apache.zookeeper.server.quorum.QuorumPeerMain.runFromConfig(QuorumPeerMain.java:131)
	at org.apache.zookeeper.server.quorum.QuorumPeerMain.initializeAndRun(QuorumPeerMain.java:120)
	at org.apache.zookeeper.server.quorum.QuorumPeerTestBase$MainThread.run(QuorumPeerTestBase.java:245)
	at java.base/java.lang.Thread.run(Thread.java:829)
2025-02-27 22:08:00,455 [myid:2] - WARN  [Thread-1:QuorumPeerMain@133] - Unable to register log4j JMX control
javax.management.JMException: javax.management.InstanceAlreadyExistsException: log4j:hiearchy=default
	at org.apache.zookeeper.jmx.ManagedUtil.registerLog4jMBeans(ManagedUtil.java:115)
	at org.apache.zookeeper.server.quorum.QuorumPeerMain.runFromConfig(QuorumPeerMain.java:131)
	at org.apache.zookeeper.server.quorum.QuorumPeerMain.initializeAndRun(QuorumPeerMain.java:120)
	at org.apache.zookeeper.server.quorum.QuorumPeerTestBase$MainThread.run(QuorumPeerTestBase.java:245)
	at java.base/java.lang.Thread.run(Thread.java:829)
2025-02-27 22:08:00,464 [myid:2] - INFO  [Thread-1:QuorumPeerMain@136] - Starting quorum peer
2025-02-27 22:08:00,547 [myid:1] - INFO  [Thread-0:QuorumPeerMain@136] - Starting quorum peer
2025-02-27 22:08:00,589 [myid:1] - INFO  [Thread-0:NIOServerCnxnFactory@673] - Configuring NIO connection handler with 10s sessionless connection timeout, 2 selector thread(s), 32 worker threads, and 64 kB direct buffers.
2025-02-27 22:08:00,589 [myid:2] - INFO  [Thread-1:NIOServerCnxnFactory@673] - Configuring NIO connection handler with 10s sessionless connection timeout, 2 selector thread(s), 32 worker threads, and 64 kB direct buffers.
2025-02-27 22:08:00,629 [myid:2] - INFO  [Thread-1:NIOServerCnxnFactory@686] - binding to port /0.0.0.0:11223
2025-02-27 22:08:00,629 [myid:1] - INFO  [Thread-0:NIOServerCnxnFactory@686] - binding to port /0.0.0.0:11222
2025-02-27 22:08:00,652 [myid:] - INFO  [main:FourLetterWordMain@85] - connecting to 127.0.0.1 11222
2025-02-27 22:08:00,699 [myid:1] - INFO  [Thread-0:QuorumPeer@1327] - Local sessions disabled
2025-02-27 22:08:00,699 [myid:2] - INFO  [Thread-1:QuorumPeer@1327] - Local sessions disabled
2025-02-27 22:08:00,703 [myid:2] - INFO  [Thread-1:QuorumPeer@1338] - Local session upgrading disabled
2025-02-27 22:08:00,704 [myid:2] - INFO  [Thread-1:QuorumPeer@1305] - tickTime set to 4000
2025-02-27 22:08:00,706 [myid:2] - INFO  [Thread-1:QuorumPeer@1349] - minSessionTimeout set to 8000
2025-02-27 22:08:00,708 [myid:2] - INFO  [Thread-1:QuorumPeer@1360] - maxSessionTimeout set to 80000
2025-02-27 22:08:00,709 [myid:2] - INFO  [Thread-1:QuorumPeer@1375] - initLimit set to 10
2025-02-27 22:08:00,701 [myid:1] - INFO  [Thread-0:QuorumPeer@1338] - Local session upgrading disabled
2025-02-27 22:08:00,712 [myid:1] - INFO  [Thread-0:QuorumPeer@1305] - tickTime set to 4000
2025-02-27 22:08:00,714 [myid:1] - INFO  [Thread-0:QuorumPeer@1349] - minSessionTimeout set to 8000
2025-02-27 22:08:00,716 [myid:1] - INFO  [Thread-0:QuorumPeer@1360] - maxSessionTimeout set to 80000
2025-02-27 22:08:00,718 [myid:1] - INFO  [Thread-0:QuorumPeer@1375] - initLimit set to 10
2025-02-27 22:08:00,785 [myid:1] - INFO  [Thread-0:QuorumPeer@776] - currentEpoch not found! Creating with a reasonable default of 0. This should only happen when you are upgrading your installation
2025-02-27 22:08:00,785 [myid:2] - INFO  [Thread-1:QuorumPeer@776] - currentEpoch not found! Creating with a reasonable default of 0. This should only happen when you are upgrading your installation
2025-02-27 22:08:00,804 [myid:1] - INFO  [Thread-0:QuorumPeer@791] - acceptedEpoch not found! Creating with a reasonable default of 0. This should only happen when you are upgrading your installation
2025-02-27 22:08:00,805 [myid:2] - INFO  [Thread-1:QuorumPeer@791] - acceptedEpoch not found! Creating with a reasonable default of 0. This should only happen when you are upgrading your installation
2025-02-27 22:08:00,820 [myid:1] - INFO  [NIOServerCxnFactory.AcceptThread:/0.0.0.0:11222:NIOServerCnxnFactory$AcceptThread@296] - Accepted socket connection from /127.0.0.1:58472
2025-02-27 22:08:00,853 [myid:1] - INFO  [QuorumPeerListener:QuorumCnxManager$Listener@631] - My election bind port: /127.0.0.1:11225
2025-02-27 22:08:00,853 [myid:2] - INFO  [QuorumPeerListener:QuorumCnxManager$Listener@631] - My election bind port: /127.0.0.1:11227
2025-02-27 22:08:00,869 [myid:1] - INFO  [NIOWorkerThread-1:NIOServerCnxn@485] - Processing stat command from /127.0.0.1:58472
2025-02-27 22:08:00,934 [myid:2] - INFO  [QuorumPeer[myid=2](plain=/0:0:0:0:0:0:0:0:11223)(secure=disabled):QuorumPeer@1033] - LOOKING
2025-02-27 22:08:00,934 [myid:1] - INFO  [QuorumPeer[myid=1](plain=/0:0:0:0:0:0:0:0:11222)(secure=disabled):QuorumPeer@1033] - LOOKING
2025-02-27 22:08:00,950 [myid:2] - INFO  [QuorumPeer[myid=2](plain=/0:0:0:0:0:0:0:0:11223)(secure=disabled):FastLeaderElection@894] - New election. My id =  2, proposed zxid=0x0
2025-02-27 22:08:00,954 [myid:1] - INFO  [QuorumPeer[myid=1](plain=/0:0:0:0:0:0:0:0:11222)(secure=disabled):FastLeaderElection@894] - New election. My id =  1, proposed zxid=0x0
2025-02-27 22:08:00,956 [myid:1] - INFO  [NIOWorkerThread-1:NIOServerCnxn@607] - Closed socket connection for client /127.0.0.1:58472 (no session established for client)
2025-02-27 22:08:00,967 [myid:1] - INFO  [/127.0.0.1:11225:QuorumCnxManager$Listener@637] - Received connection request /127.0.0.1:54084
2025-02-27 22:08:00,978 [myid:1] - INFO  [WorkerSender[myid=1]:QuorumCnxManager@278] - Have smaller server identifier, so dropping the connection: (2, 1)
2025-02-27 22:08:00,982 [myid:2] - INFO  [WorkerReceiver[myid=2]:FastLeaderElection@688] - Notification: 2 (message format version), 2 (n.leader), 0x0 (n.zxid), 0x1 (n.round), LOOKING (n.state), 2 (n.sid), 0x0 (n.peerEPoch), LOOKING (my state)0 (n.config version)
2025-02-27 22:08:00,978 [myid:2] - INFO  [/127.0.0.1:11227:QuorumCnxManager$Listener@637] - Received connection request /127.0.0.1:45522
2025-02-27 22:08:00,988 [myid:1] - INFO  [WorkerReceiver[myid=1]:FastLeaderElection@688] - Notification: 2 (message format version), 1 (n.leader), 0x0 (n.zxid), 0x1 (n.round), LOOKING (n.state), 1 (n.sid), 0x0 (n.peerEPoch), LOOKING (my state)0 (n.config version)
2025-02-27 22:08:00,990 [myid:2] - WARN  [RecvWorker:1:QuorumCnxManager$RecvWorker@917] - Connection broken for id 1, my id = 2, error = 
java.net.SocketException: Socket closed
	at java.base/java.net.SocketInputStream.socketRead0(Native Method)
	at java.base/java.net.SocketInputStream.socketRead(SocketInputStream.java:115)
	at java.base/java.net.SocketInputStream.read(SocketInputStream.java:168)
	at java.base/java.net.SocketInputStream.read(SocketInputStream.java:140)
	at java.base/java.net.SocketInputStream.read(SocketInputStream.java:200)
	at java.base/java.io.DataInputStream.readInt(DataInputStream.java:392)
	at org.apache.zookeeper.server.quorum.QuorumCnxManager$RecvWorker.run(QuorumCnxManager.java:902)
2025-02-27 22:08:01,003 [myid:2] - WARN  [RecvWorker:1:QuorumCnxManager$RecvWorker@920] - Interrupting SendWorker
2025-02-27 22:08:00,990 [myid:1] - WARN  [RecvWorker:2:QuorumCnxManager$RecvWorker@917] - Connection broken for id 2, my id = 1, error = 
java.io.EOFException
	at java.base/java.io.DataInputStream.readInt(DataInputStream.java:397)
	at org.apache.zookeeper.server.quorum.QuorumCnxManager$RecvWorker.run(QuorumCnxManager.java:902)
2025-02-27 22:08:01,010 [myid:1] - WARN  [RecvWorker:2:QuorumCnxManager$RecvWorker@920] - Interrupting SendWorker
2025-02-27 22:08:00,998 [myid:1] - INFO  [/127.0.0.1:11225:QuorumCnxManager$Listener@637] - Received connection request /127.0.0.1:54090
2025-02-27 22:08:00,997 [myid:1] - INFO  [WorkerReceiver[myid=1]:FastLeaderElection@688] - Notification: 2 (message format version), 2 (n.leader), 0x0 (n.zxid), 0x1 (n.round), LOOKING (n.state), 2 (n.sid), 0x0 (n.peerEPoch), LOOKING (my state)0 (n.config version)
2025-02-27 22:08:00,996 [myid:2] - INFO  [WorkerReceiver[myid=2]:FastLeaderElection@688] - Notification: 2 (message format version), 1 (n.leader), 0x0 (n.zxid), 0x1 (n.round), LOOKING (n.state), 1 (n.sid), 0x0 (n.peerEPoch), LOOKING (my state)0 (n.config version)
2025-02-27 22:08:00,991 [myid:2] - WARN  [SendWorker:1:QuorumCnxManager$SendWorker@834] - Interrupted while waiting for message on queue
java.lang.InterruptedException
	at java.base/java.util.concurrent.locks.AbstractQueuedSynchronizer$ConditionObject.reportInterruptAfterWait(AbstractQueuedSynchronizer.java:2056)
	at java.base/java.util.concurrent.locks.AbstractQueuedSynchronizer$ConditionObject.awaitNanos(AbstractQueuedSynchronizer.java:2133)
	at java.base/java.util.concurrent.ArrayBlockingQueue.poll(ArrayBlockingQueue.java:432)
	at org.apache.zookeeper.server.quorum.QuorumCnxManager.pollSendQueue(QuorumCnxManager.java:986)
	at org.apache.zookeeper.server.quorum.QuorumCnxManager.access$500(QuorumCnxManager.java:63)
	at org.apache.zookeeper.server.quorum.QuorumCnxManager$SendWorker.run(QuorumCnxManager.java:822)
2025-02-27 22:08:01,032 [myid:2] - INFO  [WorkerReceiver[myid=2]:FastLeaderElection@688] - Notification: 2 (message format version), 1 (n.leader), 0x0 (n.zxid), 0x1 (n.round), LOOKING (n.state), 1 (n.sid), 0x0 (n.peerEPoch), LOOKING (my state)0 (n.config version)
2025-02-27 22:08:01,025 [myid:1] - INFO  [WorkerReceiver[myid=1]:FastLeaderElection@688] - Notification: 2 (message format version), 2 (n.leader), 0x0 (n.zxid), 0x1 (n.round), LOOKING (n.state), 2 (n.sid), 0x0 (n.peerEPoch), LOOKING (my state)0 (n.config version)
2025-02-27 22:08:01,014 [myid:1] - WARN  [SendWorker:2:QuorumCnxManager$SendWorker@834] - Interrupted while waiting for message on queue
java.lang.InterruptedException
	at java.base/java.util.concurrent.locks.AbstractQueuedSynchronizer$ConditionObject.reportInterruptAfterWait(AbstractQueuedSynchronizer.java:2056)
	at java.base/java.util.concurrent.locks.AbstractQueuedSynchronizer$ConditionObject.awaitNanos(AbstractQueuedSynchronizer.java:2133)
	at java.base/java.util.concurrent.ArrayBlockingQueue.poll(ArrayBlockingQueue.java:432)
	at org.apache.zookeeper.server.quorum.QuorumCnxManager.pollSendQueue(QuorumCnxManager.java:986)
	at org.apache.zookeeper.server.quorum.QuorumCnxManager.access$500(QuorumCnxManager.java:63)
	at org.apache.zookeeper.server.quorum.QuorumCnxManager$SendWorker.run(QuorumCnxManager.java:822)
2025-02-27 22:08:01,055 [myid:2] - INFO  [WorkerReceiver[myid=2]:FastLeaderElection@688] - Notification: 2 (message format version), 2 (n.leader), 0x0 (n.zxid), 0x1 (n.round), LOOKING (n.state), 1 (n.sid), 0x0 (n.peerEPoch), LOOKING (my state)0 (n.config version)
2025-02-27 22:08:01,052 [myid:1] - INFO  [WorkerReceiver[myid=1]:FastLeaderElection@688] - Notification: 2 (message format version), 2 (n.leader), 0x0 (n.zxid), 0x1 (n.round), LOOKING (n.state), 1 (n.sid), 0x0 (n.peerEPoch), LOOKING (my state)0 (n.config version)
2025-02-27 22:08:01,042 [myid:2] - WARN  [SendWorker:1:QuorumCnxManager$SendWorker@843] - Send worker leaving thread  id 1 my id = 2
2025-02-27 22:08:01,057 [myid:1] - WARN  [SendWorker:2:QuorumCnxManager$SendWorker@843] - Send worker leaving thread  id 2 my id = 1
2025-02-27 22:08:01,211 [myid:] - INFO  [main:FourLetterWordMain@85] - connecting to 127.0.0.1 11222
2025-02-27 22:08:01,220 [myid:1] - INFO  [NIOServerCxnFactory.AcceptThread:/0.0.0.0:11222:NIOServerCnxnFactory$AcceptThread@296] - Accepted socket connection from /127.0.0.1:58484
2025-02-27 22:08:01,228 [myid:1] - INFO  [NIOWorkerThread-2:NIOServerCnxn@485] - Processing stat command from /127.0.0.1:58484
2025-02-27 22:08:01,247 [myid:1] - INFO  [NIOWorkerThread-2:NIOServerCnxn@607] - Closed socket connection for client /127.0.0.1:58484 (no session established for client)
2025-02-27 22:08:01,267 [myid:2] - INFO  [QuorumPeer[myid=2](plain=/0:0:0:0:0:0:0:0:11223)(secure=disabled):MBeanRegistry@128] - Unregister MBean [org.apache.ZooKeeperService:name0=ReplicatedServer_id2,name1=replica.2,name2=LeaderElection]
2025-02-27 22:08:01,268 [myid:1] - INFO  [QuorumPeer[myid=1](plain=/0:0:0:0:0:0:0:0:11222)(secure=disabled):MBeanRegistry@128] - Unregister MBean [org.apache.ZooKeeperService:name0=ReplicatedServer_id1,name1=replica.1,name2=LeaderElection]
2025-02-27 22:08:01,271 [myid:2] - INFO  [QuorumPeer[myid=2](plain=/0:0:0:0:0:0:0:0:11223)(secure=disabled):QuorumPeer@1121] - LEADING
2025-02-27 22:08:01,274 [myid:1] - INFO  [QuorumPeer[myid=1](plain=/0:0:0:0:0:0:0:0:11222)(secure=disabled):QuorumPeer@1109] - FOLLOWING
2025-02-27 22:08:01,292 [myid:2] - INFO  [QuorumPeer[myid=2](plain=/0:0:0:0:0:0:0:0:11223)(secure=disabled):Leader@63] - TCP NoDelay set to: true
2025-02-27 22:08:01,293 [myid:2] - INFO  [QuorumPeer[myid=2](plain=/0:0:0:0:0:0:0:0:11223)(secure=disabled):Leader@83] - zookeeper.leader.maxConcurrentSnapshots = 10
2025-02-27 22:08:01,295 [myid:2] - INFO  [QuorumPeer[myid=2](plain=/0:0:0:0:0:0:0:0:11223)(secure=disabled):Leader@85] - zookeeper.leader.maxConcurrentSnapshotTimeout = 5
2025-02-27 22:08:01,314 [myid:1] - INFO  [QuorumPeer[myid=1](plain=/0:0:0:0:0:0:0:0:11222)(secure=disabled):Learner@88] - TCP NoDelay set to: true
2025-02-27 22:08:01,344 [myid:1] - INFO  [QuorumPeer[myid=1](plain=/0:0:0:0:0:0:0:0:11222)(secure=disabled):Environment@109] - Server environment:zookeeper.version=3.5.2-alpha--1, built on 02/25/2025 18:02 GMT
2025-02-27 22:08:01,346 [myid:1] - INFO  [QuorumPeer[myid=1](plain=/0:0:0:0:0:0:0:0:11222)(secure=disabled):Environment@109] - Server environment:host.name=vagrant
2025-02-27 22:08:01,348 [myid:1] - INFO  [QuorumPeer[myid=1](plain=/0:0:0:0:0:0:0:0:11222)(secure=disabled):Environment@109] - Server environment:java.version=11.0.26
2025-02-27 22:08:01,350 [myid:1] - INFO  [QuorumPeer[myid=1](plain=/0:0:0:0:0:0:0:0:11222)(secure=disabled):Environment@109] - Server environment:java.vendor=Ubuntu
2025-02-27 22:08:01,351 [myid:1] - INFO  [QuorumPeer[myid=1](plain=/0:0:0:0:0:0:0:0:11222)(secure=disabled):Environment@109] - Server environment:java.home=/usr/lib/jvm/java-11-openjdk-amd64
2025-02-27 22:08:01,353 [myid:1] - INFO  [QuorumPeer[myid=1](plain=/0:0:0:0:0:0:0:0:11222)(secure=disabled):Environment@109] - Server environment:java.class.path=/vagrant/rw/Anduril/ground_truth/zookeeper-2247/../../systems/zookeeper-2247/build//classes:/vagrant/rw/Anduril/ground_truth/zookeeper-2247/../../systems/zookeeper-2247/build//test/classes:/vagrant/rw/Anduril/ground_truth/zookeeper-2247/../../systems/zookeeper-2247/build//test/lib/mockito-all-1.8.2.jar:/vagrant/rw/Anduril/ground_truth/zookeeper-2247/../../systems/zookeeper-2247/build//test/lib/junit-4.12.jar:/vagrant/rw/Anduril/ground_truth/zookeeper-2247/../../systems/zookeeper-2247/build//test/lib/hamcrest-core-1.3.jar:/vagrant/rw/Anduril/ground_truth/zookeeper-2247/../../systems/zookeeper-2247/build//test/lib/guava-18.0.jar:/vagrant/rw/Anduril/ground_truth/zookeeper-2247/../../systems/zookeeper-2247/build//test/lib/commons-logging-1.1.1.jar:/vagrant/rw/Anduril/ground_truth/zookeeper-2247/../../systems/zookeeper-2247/build//test/lib/commons-lang3-3.4.jar:/vagrant/rw/Anduril/ground_truth/zookeeper-2247/../../systems/zookeeper-2247/build//test/lib/commons-collections-3.2.2.jar:/vagrant/rw/Anduril/ground_truth/zookeeper-2247/../../systems/zookeeper-2247/build//test/lib/commons-cli-1.3.1.jar:/vagrant/rw/Anduril/ground_truth/zookeeper-2247/../../systems/zookeeper-2247/build//test/lib/commons-beanutils-1.9.2.jar:/vagrant/rw/Anduril/ground_truth/zookeeper-2247/../../systems/zookeeper-2247/build//test/lib/checkstyle-6.13.jar:/vagrant/rw/Anduril/ground_truth/zookeeper-2247/../../systems/zookeeper-2247/build//test/lib/antlr4-runtime-4.5.1-1.jar:/vagrant/rw/Anduril/ground_truth/zookeeper-2247/../../systems/zookeeper-2247/build//test/lib/antlr-2.7.7.jar:/vagrant/rw/Anduril/ground_truth/zookeeper-2247/../../systems/zookeeper-2247/build//lib/slf4j-log4j12-1.7.5.jar:/vagrant/rw/Anduril/ground_truth/zookeeper-2247/../../systems/zookeeper-2247/build//lib/slf4j-api-1.7.5.jar:/vagrant/rw/Anduril/ground_truth/zookeeper-2247/../../systems/zookeeper-2247/build//lib/servlet-api-2.5-20081211.jar:/vagrant/rw/Anduril/ground_truth/zookeeper-2247/../../systems/zookeeper-2247/build//lib/netty-3.10.5.Final.jar:/vagrant/rw/Anduril/ground_truth/zookeeper-2247/../../systems/zookeeper-2247/build//lib/log4j-1.2.17.jar:/vagrant/rw/Anduril/ground_truth/zookeeper-2247/../../systems/zookeeper-2247/build//lib/jline-2.11.jar:/vagrant/rw/Anduril/ground_truth/zookeeper-2247/../../systems/zookeeper-2247/build//lib/jetty-util-6.1.26.jar:/vagrant/rw/Anduril/ground_truth/zookeeper-2247/../../systems/zookeeper-2247/build//lib/jetty-6.1.26.jar:/vagrant/rw/Anduril/ground_truth/zookeeper-2247/../../systems/zookeeper-2247/build//lib/javacc.jar:/vagrant/rw/Anduril/ground_truth/zookeeper-2247/../../systems/zookeeper-2247/build//lib/jackson-mapper-asl-1.9.11.jar:/vagrant/rw/Anduril/ground_truth/zookeeper-2247/../../systems/zookeeper-2247/build//lib/jackson-core-asl-1.9.11.jar:/vagrant/rw/Anduril/ground_truth/zookeeper-2247/../../systems/zookeeper-2247/build//lib/commons-cli-1.2.jar:.
2025-02-27 22:08:01,354 [myid:1] - INFO  [QuorumPeer[myid=1](plain=/0:0:0:0:0:0:0:0:11222)(secure=disabled):Environment@109] - Server environment:java.library.path=/usr/java/packages/lib:/usr/lib/x86_64-linux-gnu/jni:/lib/x86_64-linux-gnu:/usr/lib/x86_64-linux-gnu:/usr/lib/jni:/lib:/usr/lib
2025-02-27 22:08:01,356 [myid:1] - INFO  [QuorumPeer[myid=1](plain=/0:0:0:0:0:0:0:0:11222)(secure=disabled):Environment@109] - Server environment:java.io.tmpdir=/tmp
2025-02-27 22:08:01,358 [myid:1] - INFO  [QuorumPeer[myid=1](plain=/0:0:0:0:0:0:0:0:11222)(secure=disabled):Environment@109] - Server environment:java.compiler=<NA>
2025-02-27 22:08:01,360 [myid:1] - INFO  [QuorumPeer[myid=1](plain=/0:0:0:0:0:0:0:0:11222)(secure=disabled):Environment@109] - Server environment:os.name=Linux
2025-02-27 22:08:01,361 [myid:1] - INFO  [QuorumPeer[myid=1](plain=/0:0:0:0:0:0:0:0:11222)(secure=disabled):Environment@109] - Server environment:os.arch=amd64
2025-02-27 22:08:01,363 [myid:1] - INFO  [QuorumPeer[myid=1](plain=/0:0:0:0:0:0:0:0:11222)(secure=disabled):Environment@109] - Server environment:os.version=6.11.0-061100-generic
2025-02-27 22:08:01,365 [myid:1] - INFO  [QuorumPeer[myid=1](plain=/0:0:0:0:0:0:0:0:11222)(secure=disabled):Environment@109] - Server environment:user.name=root
2025-02-27 22:08:01,367 [myid:1] - INFO  [QuorumPeer[myid=1](plain=/0:0:0:0:0:0:0:0:11222)(secure=disabled):Environment@109] - Server environment:user.home=/root
2025-02-27 22:08:01,369 [myid:1] - INFO  [QuorumPeer[myid=1](plain=/0:0:0:0:0:0:0:0:11222)(secure=disabled):Environment@109] - Server environment:user.dir=/vagrant/rw/Anduril/ground_truth/zookeeper-2247
2025-02-27 22:08:01,370 [myid:1] - INFO  [QuorumPeer[myid=1](plain=/0:0:0:0:0:0:0:0:11222)(secure=disabled):Environment@109] - Server environment:os.memory.free=245MB
2025-02-27 22:08:01,372 [myid:1] - INFO  [QuorumPeer[myid=1](plain=/0:0:0:0:0:0:0:0:11222)(secure=disabled):Environment@109] - Server environment:os.memory.max=3998MB
2025-02-27 22:08:01,374 [myid:1] - INFO  [QuorumPeer[myid=1](plain=/0:0:0:0:0:0:0:0:11222)(secure=disabled):Environment@109] - Server environment:os.memory.total=252MB
2025-02-27 22:08:01,387 [myid:2] - INFO  [QuorumPeer[myid=2](plain=/0:0:0:0:0:0:0:0:11223)(secure=disabled):ZooKeeperServer@858] - minSessionTimeout set to 8000
2025-02-27 22:08:01,387 [myid:1] - INFO  [QuorumPeer[myid=1](plain=/0:0:0:0:0:0:0:0:11222)(secure=disabled):ZooKeeperServer@858] - minSessionTimeout set to 8000
2025-02-27 22:08:01,389 [myid:2] - INFO  [QuorumPeer[myid=2](plain=/0:0:0:0:0:0:0:0:11223)(secure=disabled):ZooKeeperServer@867] - maxSessionTimeout set to 80000
2025-02-27 22:08:01,393 [myid:1] - INFO  [QuorumPeer[myid=1](plain=/0:0:0:0:0:0:0:0:11222)(secure=disabled):ZooKeeperServer@867] - maxSessionTimeout set to 80000
2025-02-27 22:08:01,394 [myid:2] - INFO  [QuorumPeer[myid=2](plain=/0:0:0:0:0:0:0:0:11223)(secure=disabled):ZooKeeperServer@156] - Created server with tickTime 4000 minSessionTimeout 8000 maxSessionTimeout 80000 datadir /vagrant/rw/Anduril/ground_truth/zookeeper-2247/build/test17441342361996586454.junit.dir/data/version-2 snapdir /vagrant/rw/Anduril/ground_truth/zookeeper-2247/build/test17441342361996586454.junit.dir/data/version-2
2025-02-27 22:08:01,398 [myid:1] - INFO  [QuorumPeer[myid=1](plain=/0:0:0:0:0:0:0:0:11222)(secure=disabled):ZooKeeperServer@156] - Created server with tickTime 4000 minSessionTimeout 8000 maxSessionTimeout 80000 datadir /vagrant/rw/Anduril/ground_truth/zookeeper-2247/build/test14307045881650049647.junit.dir/data/version-2 snapdir /vagrant/rw/Anduril/ground_truth/zookeeper-2247/build/test14307045881650049647.junit.dir/data/version-2
2025-02-27 22:08:01,403 [myid:1] - INFO  [QuorumPeer[myid=1](plain=/0:0:0:0:0:0:0:0:11222)(secure=disabled):Follower@66] - FOLLOWING - LEADER ELECTION TOOK - 129 MS
2025-02-27 22:08:01,411 [myid:2] - INFO  [QuorumPeer[myid=2](plain=/0:0:0:0:0:0:0:0:11223)(secure=disabled):Leader@412] - LEADING - LEADER ELECTION TOOK - 139 MS
2025-02-27 22:08:01,478 [myid:2] - INFO  [QuorumPeer[myid=2](plain=/0:0:0:0:0:0:0:0:11223)(secure=disabled):FileTxnSnapLog@298] - Snapshotting: 0x0 to /vagrant/rw/Anduril/ground_truth/zookeeper-2247/build/test17441342361996586454.junit.dir/data/version-2/snapshot.0
2025-02-27 22:08:01,502 [myid:] - INFO  [main:FourLetterWordMain@85] - connecting to 127.0.0.1 11222
2025-02-27 22:08:01,509 [myid:1] - INFO  [NIOServerCxnFactory.AcceptThread:/0.0.0.0:11222:NIOServerCnxnFactory$AcceptThread@296] - Accepted socket connection from /127.0.0.1:58498
2025-02-27 22:08:01,515 [myid:1] - INFO  [NIOWorkerThread-3:NIOServerCnxn@485] - Processing stat command from /127.0.0.1:58498
2025-02-27 22:08:01,522 [myid:1] - INFO  [NIOWorkerThread-3:NIOServerCnxn@607] - Closed socket connection for client /127.0.0.1:58498 (no session established for client)
2025-02-27 22:08:01,545 [myid:2] - INFO  [LearnerHandler-/127.0.0.1:49110:LearnerHandler@382] - Follower sid: 1 : info : 127.0.0.1:11224:11225:participant;0.0.0.0:11222
2025-02-27 22:08:01,576 [myid:2] - INFO  [LearnerHandler-/127.0.0.1:49110:LearnerHandler@683] - Synchronizing with Follower sid: 1 maxCommittedLog=0x0 minCommittedLog=0x0 lastProcessedZxid=0x0 peerLastZxid=0x0
2025-02-27 22:08:01,578 [myid:2] - INFO  [LearnerHandler-/127.0.0.1:49110:LearnerHandler@727] - Sending DIFF zxid=0x0 for peer sid: 1
2025-02-27 22:08:01,588 [myid:1] - INFO  [QuorumPeer[myid=1](plain=/0:0:0:0:0:0:0:0:11222)(secure=disabled):Learner@366] - Getting a diff from the leader 0x0
2025-02-27 22:08:01,624 [myid:1] - INFO  [QuorumPeer[myid=1](plain=/0:0:0:0:0:0:0:0:11222)(secure=disabled):Learner@509] - Learner received NEWLEADER message
2025-02-27 22:08:01,642 [myid:1] - INFO  [QuorumPeer[myid=1](plain=/0:0:0:0:0:0:0:0:11222)(secure=disabled):FileTxnSnapLog@298] - Snapshotting: 0x0 to /vagrant/rw/Anduril/ground_truth/zookeeper-2247/build/test14307045881650049647.junit.dir/data/version-2/snapshot.0
2025-02-27 22:08:01,651 [myid:2] - INFO  [QuorumPeer[myid=2](plain=/0:0:0:0:0:0:0:0:11223)(secure=disabled):Leader@1249] - Have quorum of supporters, sids: [ [1, 2],[1, 2] ]; starting up and setting last processed zxid: 0x100000000
2025-02-27 22:08:01,734 [myid:2] - INFO  [QuorumPeer[myid=2](plain=/0:0:0:0:0:0:0:0:11223)(secure=disabled):CommitProcessor@254] - Configuring CommitProcessor with 16 worker threads.
2025-02-27 22:08:01,777 [myid:] - INFO  [main:FourLetterWordMain@85] - connecting to 127.0.0.1 11222
2025-02-27 22:08:01,786 [myid:1] - INFO  [NIOServerCxnFactory.AcceptThread:/0.0.0.0:11222:NIOServerCnxnFactory$AcceptThread@296] - Accepted socket connection from /127.0.0.1:58500
2025-02-27 22:08:01,794 [myid:1] - INFO  [NIOWorkerThread-4:NIOServerCnxn@485] - Processing stat command from /127.0.0.1:58500
2025-02-27 22:08:01,801 [myid:1] - INFO  [NIOWorkerThread-4:NIOServerCnxn@607] - Closed socket connection for client /127.0.0.1:58500 (no session established for client)
2025-02-27 22:08:01,803 [myid:2] - INFO  [QuorumPeer[myid=2](plain=/0:0:0:0:0:0:0:0:11223)(secure=disabled):ContainerManager@64] - Using checkIntervalMs=60000 maxPerMinute=10000
2025-02-27 22:08:01,823 [myid:1] - INFO  [QuorumPeer[myid=1](plain=/0:0:0:0:0:0:0:0:11222)(secure=disabled):Learner@493] - Learner received UPTODATE message
2025-02-27 22:08:01,855 [myid:1] - INFO  [QuorumPeer[myid=1](plain=/0:0:0:0:0:0:0:0:11222)(secure=disabled):CommitProcessor@254] - Configuring CommitProcessor with 16 worker threads.
2025-02-27 22:08:02,054 [myid:] - INFO  [main:FourLetterWordMain@85] - connecting to 127.0.0.1 11222
2025-02-27 22:08:02,065 [myid:1] - INFO  [NIOServerCxnFactory.AcceptThread:/0.0.0.0:11222:NIOServerCnxnFactory$AcceptThread@296] - Accepted socket connection from /127.0.0.1:58502
2025-02-27 22:08:02,072 [myid:1] - INFO  [NIOWorkerThread-5:NIOServerCnxn@485] - Processing stat command from /127.0.0.1:58502
2025-02-27 22:08:02,080 [myid:1] - INFO  [NIOWorkerThread-5:StatCommand@49] - Stat command output
2025-02-27 22:08:02,085 [myid:1] - INFO  [NIOWorkerThread-5:NIOServerCnxn@607] - Closed socket connection for client /127.0.0.1:58502 (no session established for client)
2025-02-27 22:08:02,088 [myid:] - INFO  [main:FourLetterWordMain@85] - connecting to 127.0.0.1 11223
2025-02-27 22:08:02,095 [myid:2] - INFO  [NIOServerCxnFactory.AcceptThread:/0.0.0.0:11223:NIOServerCnxnFactory$AcceptThread@296] - Accepted socket connection from /127.0.0.1:52356
2025-02-27 22:08:02,103 [myid:2] - INFO  [NIOWorkerThread-1:NIOServerCnxn@485] - Processing stat command from /127.0.0.1:52356
2025-02-27 22:08:02,108 [myid:2] - INFO  [NIOWorkerThread-1:StatCommand@49] - Stat command output
2025-02-27 22:08:02,114 [myid:2] - INFO  [NIOWorkerThread-1:NIOServerCnxn@607] - Closed socket connection for client /127.0.0.1:52356 (no session established for client)
2025-02-27 22:08:02,143 [myid:] - INFO  [main:Environment@109] - Client environment:zookeeper.version=3.5.2-alpha--1, built on 02/25/2025 18:02 GMT
2025-02-27 22:08:02,146 [myid:] - INFO  [main:Environment@109] - Client environment:host.name=vagrant
2025-02-27 22:08:02,149 [myid:] - INFO  [main:Environment@109] - Client environment:java.version=11.0.26
2025-02-27 22:08:02,152 [myid:] - INFO  [main:Environment@109] - Client environment:java.vendor=Ubuntu
2025-02-27 22:08:02,154 [myid:] - INFO  [main:Environment@109] - Client environment:java.home=/usr/lib/jvm/java-11-openjdk-amd64
2025-02-27 22:08:02,157 [myid:] - INFO  [main:Environment@109] - Client environment:java.class.path=/vagrant/rw/Anduril/ground_truth/zookeeper-2247/../../systems/zookeeper-2247/build//classes:/vagrant/rw/Anduril/ground_truth/zookeeper-2247/../../systems/zookeeper-2247/build//test/classes:/vagrant/rw/Anduril/ground_truth/zookeeper-2247/../../systems/zookeeper-2247/build//test/lib/mockito-all-1.8.2.jar:/vagrant/rw/Anduril/ground_truth/zookeeper-2247/../../systems/zookeeper-2247/build//test/lib/junit-4.12.jar:/vagrant/rw/Anduril/ground_truth/zookeeper-2247/../../systems/zookeeper-2247/build//test/lib/hamcrest-core-1.3.jar:/vagrant/rw/Anduril/ground_truth/zookeeper-2247/../../systems/zookeeper-2247/build//test/lib/guava-18.0.jar:/vagrant/rw/Anduril/ground_truth/zookeeper-2247/../../systems/zookeeper-2247/build//test/lib/commons-logging-1.1.1.jar:/vagrant/rw/Anduril/ground_truth/zookeeper-2247/../../systems/zookeeper-2247/build//test/lib/commons-lang3-3.4.jar:/vagrant/rw/Anduril/ground_truth/zookeeper-2247/../../systems/zookeeper-2247/build//test/lib/commons-collections-3.2.2.jar:/vagrant/rw/Anduril/ground_truth/zookeeper-2247/../../systems/zookeeper-2247/build//test/lib/commons-cli-1.3.1.jar:/vagrant/rw/Anduril/ground_truth/zookeeper-2247/../../systems/zookeeper-2247/build//test/lib/commons-beanutils-1.9.2.jar:/vagrant/rw/Anduril/ground_truth/zookeeper-2247/../../systems/zookeeper-2247/build//test/lib/checkstyle-6.13.jar:/vagrant/rw/Anduril/ground_truth/zookeeper-2247/../../systems/zookeeper-2247/build//test/lib/antlr4-runtime-4.5.1-1.jar:/vagrant/rw/Anduril/ground_truth/zookeeper-2247/../../systems/zookeeper-2247/build//test/lib/antlr-2.7.7.jar:/vagrant/rw/Anduril/ground_truth/zookeeper-2247/../../systems/zookeeper-2247/build//lib/slf4j-log4j12-1.7.5.jar:/vagrant/rw/Anduril/ground_truth/zookeeper-2247/../../systems/zookeeper-2247/build//lib/slf4j-api-1.7.5.jar:/vagrant/rw/Anduril/ground_truth/zookeeper-2247/../../systems/zookeeper-2247/build//lib/servlet-api-2.5-20081211.jar:/vagrant/rw/Anduril/ground_truth/zookeeper-2247/../../systems/zookeeper-2247/build//lib/netty-3.10.5.Final.jar:/vagrant/rw/Anduril/ground_truth/zookeeper-2247/../../systems/zookeeper-2247/build//lib/log4j-1.2.17.jar:/vagrant/rw/Anduril/ground_truth/zookeeper-2247/../../systems/zookeeper-2247/build//lib/jline-2.11.jar:/vagrant/rw/Anduril/ground_truth/zookeeper-2247/../../systems/zookeeper-2247/build//lib/jetty-util-6.1.26.jar:/vagrant/rw/Anduril/ground_truth/zookeeper-2247/../../systems/zookeeper-2247/build//lib/jetty-6.1.26.jar:/vagrant/rw/Anduril/ground_truth/zookeeper-2247/../../systems/zookeeper-2247/build//lib/javacc.jar:/vagrant/rw/Anduril/ground_truth/zookeeper-2247/../../systems/zookeeper-2247/build//lib/jackson-mapper-asl-1.9.11.jar:/vagrant/rw/Anduril/ground_truth/zookeeper-2247/../../systems/zookeeper-2247/build//lib/jackson-core-asl-1.9.11.jar:/vagrant/rw/Anduril/ground_truth/zookeeper-2247/../../systems/zookeeper-2247/build//lib/commons-cli-1.2.jar:.
2025-02-27 22:08:02,160 [myid:] - INFO  [main:Environment@109] - Client environment:java.library.path=/usr/java/packages/lib:/usr/lib/x86_64-linux-gnu/jni:/lib/x86_64-linux-gnu:/usr/lib/x86_64-linux-gnu:/usr/lib/jni:/lib:/usr/lib
2025-02-27 22:08:02,163 [myid:] - INFO  [main:Environment@109] - Client environment:java.io.tmpdir=/tmp
2025-02-27 22:08:02,166 [myid:] - INFO  [main:Environment@109] - Client environment:java.compiler=<NA>
2025-02-27 22:08:02,168 [myid:] - INFO  [main:Environment@109] - Client environment:os.name=Linux
2025-02-27 22:08:02,171 [myid:] - INFO  [main:Environment@109] - Client environment:os.arch=amd64
2025-02-27 22:08:02,174 [myid:] - INFO  [main:Environment@109] - Client environment:os.version=6.11.0-061100-generic
2025-02-27 22:08:02,177 [myid:] - INFO  [main:Environment@109] - Client environment:user.name=root
2025-02-27 22:08:02,179 [myid:] - INFO  [main:Environment@109] - Client environment:user.home=/root
2025-02-27 22:08:02,182 [myid:] - INFO  [main:Environment@109] - Client environment:user.dir=/vagrant/rw/Anduril/ground_truth/zookeeper-2247
2025-02-27 22:08:02,185 [myid:] - INFO  [main:Environment@109] - Client environment:os.memory.free=240MB
2025-02-27 22:08:02,188 [myid:] - INFO  [main:Environment@109] - Client environment:os.memory.max=3998MB
2025-02-27 22:08:02,191 [myid:] - INFO  [main:Environment@109] - Client environment:os.memory.total=252MB
2025-02-27 22:08:02,202 [myid:] - INFO  [main:ZooKeeper@855] - Initiating client connection, connectString=127.0.0.1:11222 sessionTimeout=30000 watcher=org.apache.zookeeper.server.quorum.QuorumPeerMainTest@369f73a2
2025-02-27 22:08:02,273 [myid:127.0.0.1:11222] - INFO  [main-SendThread(127.0.0.1:11222):ClientCnxn$SendThread@1113] - Opening socket connection to server 127.0.0.1/127.0.0.1:11222. Will not attempt to authenticate using SASL (unknown error)
2025-02-27 22:08:02,277 [myid:127.0.0.1:11222] - INFO  [main-SendThread(127.0.0.1:11222):ClientCnxn$SendThread@948] - Socket connection established, initiating session, client: /127.0.0.1:52688, server: 127.0.0.1/127.0.0.1:11222
2025-02-27 22:08:02,277 [myid:1] - INFO  [NIOServerCxnFactory.AcceptThread:/0.0.0.0:11222:NIOServerCnxnFactory$AcceptThread@296] - Accepted socket connection from /127.0.0.1:52688
2025-02-27 22:08:02,294 [myid:1] - INFO  [NIOWorkerThread-6:ZooKeeperServer@964] - Client attempting to establish new session at /127.0.0.1:52688
2025-02-27 22:08:02,314 [myid:2] - INFO  [SyncThread:2:FileTxnLog@204] - Creating new log file: log.100000001
2025-02-27 22:08:02,314 [myid:1] - WARN  [QuorumPeer[myid=1](plain=/0:0:0:0:0:0:0:0:11222)(secure=disabled):Follower@122] - Got zxid 0x100000001 expected 0x1
2025-02-27 22:08:02,321 [myid:1] - INFO  [SyncThread:1:FileTxnLog@204] - Creating new log file: log.100000001
2025-02-27 22:08:02,383 [myid:1] - INFO  [CommitProcWorkThread-1:ZooKeeperServer@678] - Established session 0x10002503a5c0000 with negotiated timeout 30000 for client /127.0.0.1:52688
2025-02-27 22:08:02,386 [myid:127.0.0.1:11222] - INFO  [main-SendThread(127.0.0.1:11222):ClientCnxn$SendThread@1381] - Session establishment complete on server 127.0.0.1/127.0.0.1:11222, sessionid = 0x10002503a5c0000, negotiated timeout = 30000
2025-02-27 22:08:02,873 [myid:2] - ERROR [SyncThread:2:ZooKeeperCriticalThread@48] - Severe unrecoverable error, from thread : SyncThread:2
java.io.IOException: Input/output error
	at java.base/java.io.FileOutputStream.writeBytes(Native Method)
	at java.base/java.io.FileOutputStream.write(FileOutputStream.java:354)
	at java.base/java.io.BufferedOutputStream.flushBuffer(BufferedOutputStream.java:81)
	at java.base/java.io.BufferedOutputStream.flush(BufferedOutputStream.java:142)
	at org.apache.zookeeper.server.persistence.FileTxnLog.commit(FileTxnLog.java:327)
	at org.apache.zookeeper.server.persistence.FileTxnSnapLog.commit(FileTxnSnapLog.java:380)
	at org.apache.zookeeper.server.ZKDatabase.commit(ZKDatabase.java:557)
	at org.apache.zookeeper.server.SyncRequestProcessor.flush(SyncRequestProcessor.java:178)
	at org.apache.zookeeper.server.SyncRequestProcessor.run(SyncRequestProcessor.java:113)
2025-02-27 22:08:02,895 [myid:2] - INFO  [SyncThread:2:ZooKeeperServer$ZooKeeperServerListenerImpl@475] - Thread SyncThread:2 exits, error code 1
2025-02-27 22:08:02,899 [myid:2] - INFO  [SyncThread:2:ZooKeeperServer@498] - shutting down
2025-02-27 22:08:02,902 [myid:2] - INFO  [SyncThread:2:SessionTrackerImpl@232] - Shutting down
2025-02-27 22:08:02,906 [myid:2] - INFO  [SyncThread:2:LeaderRequestProcessor@77] - Shutting down
2025-02-27 22:08:02,909 [myid:2] - INFO  [SyncThread:2:PrepRequestProcessor@965] - Shutting down
2025-02-27 22:08:02,911 [myid:2] - INFO  [SyncThread:2:ProposalRequestProcessor@88] - Shutting down
2025-02-27 22:08:02,911 [myid:2] - INFO  [ProcessThread(sid:2 cport:-1)::PrepRequestProcessor@154] - PrepRequestProcessor exited loop!
2025-02-27 22:08:02,915 [myid:2] - INFO  [SyncThread:2:CommitProcessor@358] - Shutting down
2025-02-27 22:08:02,920 [myid:2] - INFO  [CommitProcessor:2:CommitProcessor@193] - CommitProcessor exited loop!
2025-02-27 22:08:02,925 [myid:2] - INFO  [SyncThread:2:Leader$ToBeAppliedRequestProcessor@918] - Shutting down
2025-02-27 22:08:02,927 [myid:2] - INFO  [SyncThread:2:FinalRequestProcessor@479] - shutdown of request processor complete
2025-02-27 22:08:02,928 [myid:2] - INFO  [SyncThread:2:SyncRequestProcessor@191] - Shutting down
2025-02-27 22:08:05,378 [myid:2] - INFO  [SessionTracker:SessionTrackerImpl@158] - SessionTrackerImpl exited loop!
2025-02-27 22:08:22,400 [myid:127.0.0.1:11222] - WARN  [main-SendThread(127.0.0.1:11222):ClientCnxn$SendThread@1181] - Client session timed out, have not heard from server in 20014ms for sessionid 0x10002503a5c0000
2025-02-27 22:08:22,403 [myid:127.0.0.1:11222] - INFO  [main-SendThread(127.0.0.1:11222):ClientCnxn$SendThread@1229] - Client session timed out, have not heard from server in 20014ms for sessionid 0x10002503a5c0000, closing socket connection and attempting reconnect
2025-02-27 22:08:22,408 [myid:1] - WARN  [NIOWorkerThread-10:NIOServerCnxn@365] - Unable to read additional data from client sessionid 0x10002503a5c0000, likely client has closed socket
2025-02-27 22:08:22,413 [myid:1] - INFO  [NIOWorkerThread-10:MBeanRegistry@128] - Unregister MBean [org.apache.ZooKeeperService:name0=ReplicatedServer_id1,name1=replica.1,name2=Follower,name3=Connections,name4=127.0.0.1,name5=0x10002503a5c0000]
2025-02-27 22:08:22,417 [myid:1] - INFO  [NIOWorkerThread-10:NIOServerCnxn@607] - Closed socket connection for client /127.0.0.1:52688 which had sessionid 0x10002503a5c0000
2025-02-27 22:08:22,516 [myid:] - INFO  [main:JUnit4ZKTestRunner$LoggedInvokeMethod@98] - TEST METHOD FAILED testQuorum
org.apache.zookeeper.KeeperException$ConnectionLossException: KeeperErrorCode = ConnectionLoss for /foo_q1
	at org.apache.zookeeper.KeeperException.create(KeeperException.java:99)
	at org.apache.zookeeper.KeeperException.create(KeeperException.java:51)
	at org.apache.zookeeper.ZooKeeper.create(ZooKeeper.java:1412)
	at org.apache.zookeeper.server.quorum.QuorumPeerMainTest.testQuorum(QuorumPeerMainTest.java:113)
	at java.base/jdk.internal.reflect.NativeMethodAccessorImpl.invoke0(Native Method)
	at java.base/jdk.internal.reflect.NativeMethodAccessorImpl.invoke(NativeMethodAccessorImpl.java:62)
	at java.base/jdk.internal.reflect.DelegatingMethodAccessorImpl.invoke(DelegatingMethodAccessorImpl.java:43)
	at java.base/java.lang.reflect.Method.invoke(Method.java:566)
	at org.junit.runners.model.FrameworkMethod$1.runReflectiveCall(FrameworkMethod.java:50)
	at org.junit.internal.runners.model.ReflectiveCallable.run(ReflectiveCallable.java:12)
	at org.junit.runners.model.FrameworkMethod.invokeExplosively(FrameworkMethod.java:47)
	at org.junit.internal.runners.statements.InvokeMethod.evaluate(InvokeMethod.java:17)
	at org.apache.zookeeper.JUnit4ZKTestRunner$LoggedInvokeMethod.evaluate(JUnit4ZKTestRunner.java:79)
	at org.junit.internal.runners.statements.RunAfters.evaluate(RunAfters.java:27)
	at org.junit.rules.TestWatchman$1.evaluate(TestWatchman.java:53)
	at org.junit.runners.ParentRunner.runLeaf(ParentRunner.java:325)
	at org.junit.runners.BlockJUnit4ClassRunner.runChild(BlockJUnit4ClassRunner.java:78)
	at org.junit.runners.BlockJUnit4ClassRunner.runChild(BlockJUnit4ClassRunner.java:57)
	at org.junit.runners.ParentRunner$3.run(ParentRunner.java:290)
	at org.junit.runners.ParentRunner$1.schedule(ParentRunner.java:71)
	at org.junit.runners.ParentRunner.runChildren(ParentRunner.java:288)
	at org.junit.runners.ParentRunner.access$000(ParentRunner.java:58)
	at org.junit.runners.ParentRunner$2.evaluate(ParentRunner.java:268)
	at org.junit.runners.ParentRunner.run(ParentRunner.java:363)
	at org.junit.runners.Suite.runChild(Suite.java:128)
	at org.junit.runners.Suite.runChild(Suite.java:27)
	at org.junit.runners.ParentRunner$3.run(ParentRunner.java:290)
	at org.junit.runners.ParentRunner$1.schedule(ParentRunner.java:71)
	at org.junit.runners.ParentRunner.runChildren(ParentRunner.java:288)
	at org.junit.runners.ParentRunner.access$000(ParentRunner.java:58)
	at org.junit.runners.ParentRunner$2.evaluate(ParentRunner.java:268)
	at org.junit.runners.ParentRunner.run(ParentRunner.java:363)
	at org.junit.runner.JUnitCore.run(JUnitCore.java:137)
	at org.junit.runner.JUnitCore.run(JUnitCore.java:115)
	at org.junit.runner.JUnitCore.runMain(JUnitCore.java:77)
	at org.junit.runner.JUnitCore.main(JUnitCore.java:36)
2025-02-27 22:08:22,555 [myid:] - INFO  [main:QuorumPeerMainTest@63] - No servers to shutdown!
2025-02-27 22:08:22,578 [myid:] - INFO  [main:ZKTestCase$1@70] - FAILED testQuorum
org.apache.zookeeper.KeeperException$ConnectionLossException: KeeperErrorCode = ConnectionLoss for /foo_q1
	at org.apache.zookeeper.KeeperException.create(KeeperException.java:99)
	at org.apache.zookeeper.KeeperException.create(KeeperException.java:51)
	at org.apache.zookeeper.ZooKeeper.create(ZooKeeper.java:1412)
	at org.apache.zookeeper.server.quorum.QuorumPeerMainTest.testQuorum(QuorumPeerMainTest.java:113)
	at java.base/jdk.internal.reflect.NativeMethodAccessorImpl.invoke0(Native Method)
	at java.base/jdk.internal.reflect.NativeMethodAccessorImpl.invoke(NativeMethodAccessorImpl.java:62)
	at java.base/jdk.internal.reflect.DelegatingMethodAccessorImpl.invoke(DelegatingMethodAccessorImpl.java:43)
	at java.base/java.lang.reflect.Method.invoke(Method.java:566)
	at org.junit.runners.model.FrameworkMethod$1.runReflectiveCall(FrameworkMethod.java:50)
	at org.junit.internal.runners.model.ReflectiveCallable.run(ReflectiveCallable.java:12)
	at org.junit.runners.model.FrameworkMethod.invokeExplosively(FrameworkMethod.java:47)
	at org.junit.internal.runners.statements.InvokeMethod.evaluate(InvokeMethod.java:17)
	at org.apache.zookeeper.JUnit4ZKTestRunner$LoggedInvokeMethod.evaluate(JUnit4ZKTestRunner.java:79)
	at org.junit.internal.runners.statements.RunAfters.evaluate(RunAfters.java:27)
	at org.junit.rules.TestWatchman$1.evaluate(TestWatchman.java:53)
	at org.junit.runners.ParentRunner.runLeaf(ParentRunner.java:325)
	at org.junit.runners.BlockJUnit4ClassRunner.runChild(BlockJUnit4ClassRunner.java:78)
	at org.junit.runners.BlockJUnit4ClassRunner.runChild(BlockJUnit4ClassRunner.java:57)
	at org.junit.runners.ParentRunner$3.run(ParentRunner.java:290)
	at org.junit.runners.ParentRunner$1.schedule(ParentRunner.java:71)
	at org.junit.runners.ParentRunner.runChildren(ParentRunner.java:288)
	at org.junit.runners.ParentRunner.access$000(ParentRunner.java:58)
	at org.junit.runners.ParentRunner$2.evaluate(ParentRunner.java:268)
	at org.junit.runners.ParentRunner.run(ParentRunner.java:363)
	at org.junit.runners.Suite.runChild(Suite.java:128)
	at org.junit.runners.Suite.runChild(Suite.java:27)
	at org.junit.runners.ParentRunner$3.run(ParentRunner.java:290)
	at org.junit.runners.ParentRunner$1.schedule(ParentRunner.java:71)
	at org.junit.runners.ParentRunner.runChildren(ParentRunner.java:288)
	at org.junit.runners.ParentRunner.access$000(ParentRunner.java:58)
	at org.junit.runners.ParentRunner$2.evaluate(ParentRunner.java:268)
	at org.junit.runners.ParentRunner.run(ParentRunner.java:363)
	at org.junit.runner.JUnitCore.run(JUnitCore.java:137)
	at org.junit.runner.JUnitCore.run(JUnitCore.java:115)
	at org.junit.runner.JUnitCore.runMain(JUnitCore.java:77)
	at org.junit.runner.JUnitCore.main(JUnitCore.java:36)
2025-02-27 22:08:22,616 [myid:] - INFO  [main:ZKTestCase$1@60] - FINISHED testQuorum
E
Time: 24.635
There was 1 failure:
1) testQuorum(org.apache.zookeeper.server.quorum.QuorumPeerMainTest)
org.apache.zookeeper.KeeperException$ConnectionLossException: KeeperErrorCode = ConnectionLoss for /foo_q1
	at org.apache.zookeeper.KeeperException.create(KeeperException.java:99)
	at org.apache.zookeeper.KeeperException.create(KeeperException.java:51)
	at org.apache.zookeeper.ZooKeeper.create(ZooKeeper.java:1412)
	at org.apache.zookeeper.server.quorum.QuorumPeerMainTest.testQuorum(QuorumPeerMainTest.java:113)
	at java.base/jdk.internal.reflect.NativeMethodAccessorImpl.invoke0(Native Method)
	at java.base/jdk.internal.reflect.NativeMethodAccessorImpl.invoke(NativeMethodAccessorImpl.java:62)
	at java.base/jdk.internal.reflect.DelegatingMethodAccessorImpl.invoke(DelegatingMethodAccessorImpl.java:43)
	at java.base/java.lang.reflect.Method.invoke(Method.java:566)
	at org.junit.runners.model.FrameworkMethod$1.runReflectiveCall(FrameworkMethod.java:50)
	at org.junit.internal.runners.model.ReflectiveCallable.run(ReflectiveCallable.java:12)
	at org.junit.runners.model.FrameworkMethod.invokeExplosively(FrameworkMethod.java:47)
	at org.junit.internal.runners.statements.InvokeMethod.evaluate(InvokeMethod.java:17)
	at org.apache.zookeeper.JUnit4ZKTestRunner$LoggedInvokeMethod.evaluate(JUnit4ZKTestRunner.java:79)
	at org.junit.internal.runners.statements.RunAfters.evaluate(RunAfters.java:27)
	at org.junit.rules.TestWatchman$1.evaluate(TestWatchman.java:53)
	at org.junit.runners.ParentRunner.runLeaf(ParentRunner.java:325)
	at org.junit.runners.BlockJUnit4ClassRunner.runChild(BlockJUnit4ClassRunner.java:78)
	at org.junit.runners.BlockJUnit4ClassRunner.runChild(BlockJUnit4ClassRunner.java:57)
	at org.junit.runners.ParentRunner$3.run(ParentRunner.java:290)
	at org.junit.runners.ParentRunner$1.schedule(ParentRunner.java:71)
	at org.junit.runners.ParentRunner.runChildren(ParentRunner.java:288)
	at org.junit.runners.ParentRunner.access$000(ParentRunner.java:58)
	at org.junit.runners.ParentRunner$2.evaluate(ParentRunner.java:268)
	at org.junit.runners.ParentRunner.run(ParentRunner.java:363)
	at org.junit.runners.Suite.runChild(Suite.java:128)
	at org.junit.runners.Suite.runChild(Suite.java:27)
	at org.junit.runners.ParentRunner$3.run(ParentRunner.java:290)
	at org.junit.runners.ParentRunner$1.schedule(ParentRunner.java:71)
	at org.junit.runners.ParentRunner.runChildren(ParentRunner.java:288)
	at org.junit.runners.ParentRunner.access$000(ParentRunner.java:58)
	at org.junit.runners.ParentRunner$2.evaluate(ParentRunner.java:268)
	at org.junit.runners.ParentRunner.run(ParentRunner.java:363)
	at org.junit.runner.JUnitCore.run(JUnitCore.java:137)
	at org.junit.runner.JUnitCore.run(JUnitCore.java:115)
	at org.junit.runner.JUnitCore.runMain(JUnitCore.java:77)
	at org.junit.runner.JUnitCore.main(JUnitCore.java:36)

FAILURES!!!
Tests run: 1,  Failures: 1

